Log file open, 06/15/23 23:02:43
LogWindows: Failed to load 'aqProf.dll' (GetLastError=126)
LogWindows: File 'aqProf.dll' does not exist
LogWindows: Failed to load 'VtuneApi.dll' (GetLastError=126)
LogWindows: File 'VtuneApi.dll' does not exist
LogWindows: Failed to load 'VtuneApi32e.dll' (GetLastError=126)
LogWindows: File 'VtuneApi32e.dll' does not exist
LogConsoleResponse: Display: Failed to find resolution value strings in scalability ini. Falling back to default.
LogConsoleResponse: Display: Failed to find resolution value strings in scalability ini. Falling back to default.
LogInit: Display: Running engine for game: TreasureChase
LogPlatformFile: Not using cached read wrapper
LogTaskGraph: Started task graph with 5 named threads and 71 total threads with 3 sets of task threads.
LogStats: Stats thread started at 0.192335
LogICUInternationalization: ICU TimeZone Detection - Raw Offset: -5:00, Platform Override: ''
LogInit: Display: Loading text-based GConfig....
LogPluginManager: Mounting plugin MeshPainting
LogPluginManager: Mounting plugin XGEController
LogPluginManager: Mounting plugin Paper2D
LogPluginManager: Mounting plugin AISupport
LogPluginManager: Mounting plugin LiveLink
LogPluginManager: Mounting plugin EnvironmentQueryEditor
LogPluginManager: Mounting plugin LightPropagationVolume
LogPluginManager: Mounting plugin GameplayCameras
LogPluginManager: Mounting plugin CameraShakePreviewer
LogPluginManager: Mounting plugin OodleData
LogPluginManager: Mounting plugin OodleNetwork
LogPluginManager: Mounting plugin AlembicImporter
LogPluginManager: Mounting plugin AutomationUtils
LogPluginManager: Mounting plugin BackChannel
LogPluginManager: Mounting plugin ChaosEditor
LogPluginManager: Mounting plugin ChaosSolverPlugin
LogPluginManager: Mounting plugin ChaosCloth
LogPluginManager: Mounting plugin ChaosClothEditor
LogPluginManager: Mounting plugin ChaosNiagara
LogPluginManager: Mounting plugin CharacterAI
LogPluginManager: Mounting plugin GeometryCache
LogPluginManager: Mounting plugin GeometryCollectionPlugin
LogPluginManager: Mounting plugin AssetManagerEditor
LogPluginManager: Mounting plugin CurveEditorTools
LogPluginManager: Mounting plugin FacialAnimation
LogPluginManager: Mounting plugin GeometryMode
LogPluginManager: Mounting plugin GameplayTagsEditor
LogPluginManager: Mounting plugin CryptoKeys
LogPluginManager: Mounting plugin MacGraphicsSwitching
LogPluginManager: Mounting plugin DataValidation
LogPluginManager: Mounting plugin MobileLauncherProfileWizard
LogPluginManager: Mounting plugin PluginBrowser
LogPluginManager: Mounting plugin GeometryProcessing
LogPluginManager: Mounting plugin MaterialAnalyzer
LogPluginManager: Mounting plugin SpeedTreeImporter
LogPluginManager: Mounting plugin DatasmithContent
LogPluginManager: Mounting plugin PlanarCut
LogPluginManager: Mounting plugin MotoSynth
LogPluginManager: Mounting plugin PythonScriptPlugin
LogPluginManager: Mounting plugin OpenImageDenoise
LogPluginManager: Mounting plugin PlatformCrypto
LogPluginManager: Mounting plugin ProxyLODPlugin
LogPluginManager: Mounting plugin SkeletalReduction
LogPluginManager: Mounting plugin AnimationSharing
LogPluginManager: Mounting plugin CLionSourceCodeAccess
LogPluginManager: Mounting plugin VariantManagerContent
LogPluginManager: Mounting plugin CodeLiteSourceCodeAccess
LogPluginManager: Mounting plugin GitSourceControl
LogPluginManager: Mounting plugin KDevelopSourceCodeAccess
LogPluginManager: Mounting plugin NullSourceCodeAccess
LogPluginManager: Mounting plugin PerforceSourceControl
LogPluginManager: Mounting plugin PixWinPlugin
LogPluginManager: Mounting plugin PluginUtils
LogPluginManager: Mounting plugin RiderSourceCodeAccess
LogPluginManager: Mounting plugin PlasticSourceControl
LogPluginManager: Mounting plugin PropertyAccessNode
LogPluginManager: Mounting plugin SubversionSourceControl
LogPluginManager: Mounting plugin VisualStudioCodeSourceCodeAccess
LogPluginManager: Mounting plugin UObjectPlugin
LogPluginManager: Mounting plugin TextureFormatOodle
LogPluginManager: Mounting plugin XCodeSourceCodeAccess
LogPluginManager: Mounting plugin MagicLeap
LogPluginManager: Mounting plugin VisualStudioSourceCodeAccess
LogPluginManager: Mounting plugin LuminPlatformFeatures
LogPluginManager: Mounting plugin MagicLeapLightEstimation
LogPluginManager: Mounting plugin MagicLeapMedia
LogPluginManager: Mounting plugin MagicLeapPassableWorld
LogPluginManager: Mounting plugin MLSDK
LogPluginManager: Mounting plugin TcpMessaging
LogPluginManager: Mounting plugin UdpMessaging
LogPluginManager: Mounting plugin Niagara
LogPluginManager: Mounting plugin LevelSequenceEditor
LogPluginManager: Mounting plugin MatineeToLevelSequence
LogPluginManager: Mounting plugin ActorSequence
LogPluginManager: Mounting plugin TemplateSequence
LogPluginManager: Mounting plugin AndroidMedia
LogPluginManager: Mounting plugin AvfMedia
LogPluginManager: Mounting plugin MediaCompositing
LogPluginManager: Mounting plugin MediaPlayerEditor
LogPluginManager: Mounting plugin ImgMedia
LogPluginManager: Mounting plugin WmfMedia
LogPluginManager: Mounting plugin OnlineSubsystem
LogPluginManager: Mounting plugin WebMMedia
LogPluginManager: Mounting plugin ActorLayerUtilities
LogPluginManager: Mounting plugin OnlineSubsystemNull
LogPluginManager: Mounting plugin OnlineSubsystemUtils
LogPluginManager: Mounting plugin AndroidMoviePlayer
LogPluginManager: Mounting plugin AndroidDeviceProfileSelector
LogPluginManager: Mounting plugin AppleMoviePlayer
LogPluginManager: Mounting plugin AppleImageUtils
LogPluginManager: Mounting plugin AndroidPermission
LogPluginManager: Mounting plugin ArchVisCharacter
LogPluginManager: Mounting plugin AssetTags
LogPluginManager: Mounting plugin CableComponent
LogPluginManager: Mounting plugin EditableMesh
LogPluginManager: Mounting plugin AudioCapture
LogPluginManager: Mounting plugin CustomMeshComponent
LogPluginManager: Mounting plugin ChunkDownloader
LogPluginManager: Mounting plugin ExampleDeviceProfileSelector
LogPluginManager: Mounting plugin GoogleCloudMessaging
LogPluginManager: Mounting plugin GooglePAD
LogPluginManager: Mounting plugin IOSDeviceProfileSelector
LogPluginManager: Mounting plugin AudioSynesthesia
LogPluginManager: Mounting plugin LinuxDeviceProfileSelector
LogPluginManager: Mounting plugin LocationServicesBPLibrary
LogPluginManager: Mounting plugin MobilePatchingUtils
LogPluginManager: Mounting plugin OpenXR
LogPluginManager: Mounting plugin OpenXRHandTracking
LogPluginManager: Mounting plugin OpenXREyeTracker
LogPluginManager: Mounting plugin LauncherChunkInstaller
LogPluginManager: Mounting plugin PhysXVehicles
LogPluginManager: Mounting plugin ScreenshotTools
LogPluginManager: Mounting plugin PostSplashScreen
LogPluginManager: Mounting plugin ProceduralMeshComponent
LogPluginManager: Mounting plugin RuntimePhysXCooking
LogPluginManager: Mounting plugin PropertyAccessEditor
LogPluginManager: Mounting plugin SoundFields
LogPluginManager: Mounting plugin SignificanceManager
LogPluginManager: Mounting plugin Synthesis
LogPluginManager: Mounting plugin WebMMoviePlayer
LogPluginManager: Mounting plugin WindowsMoviePlayer
LogPluginManager: Mounting plugin Takes
LogPluginManager: Mounting plugin ContentBrowserAssetDataSource
LogPluginManager: Mounting plugin ContentBrowserClassDataSource
LogPluginManager: Mounting plugin ContentBrowserFileDataSource
LogPluginManager: Mounting plugin OnlineSubsystemGooglePlay
LogPluginManager: Mounting plugin OnlineSubsystemIOS
LogPluginManager: Mounting plugin OculusVR
LogPluginManager: Mounting plugin SteamVR
PixWinPlugin: PIX capture plugin failed to initialize! Check that the process is launched from PIX.
LogLuminAPIImpl: Warning: MLSDK not found.  This likely means the MLSDK environment variable is not set.
LogInit: Using libcurl 7.55.1-DEV
LogInit:  - built for x86_64-pc-win32
LogInit:  - supports SSL with OpenSSL/1.1.1
LogInit:  - supports HTTP deflate (compression) using libz 1.2.8
LogInit:  - other features:
LogInit:      CURL_VERSION_SSL
LogInit:      CURL_VERSION_LIBZ
LogInit:      CURL_VERSION_IPV6
LogInit:      CURL_VERSION_ASYNCHDNS
LogInit:      CURL_VERSION_LARGEFILE
LogInit:      CURL_VERSION_IDN
LogInit:  CurlRequestOptions (configurable via config and command line):
LogInit:  - bVerifyPeer = true  - Libcurl will verify peer certificate
LogInit:  - bUseHttpProxy = false  - Libcurl will NOT use HTTP proxy
LogInit:  - bDontReuseConnections = false  - Libcurl will reuse connections
LogInit:  - MaxHostConnections = 16  - Libcurl will limit the number of connections to a host
LogInit:  - LocalHostAddr = Default
LogInit:  - BufferSize = 65536
LogOnline: OSS: Creating online subsystem instance for: NULL
LogInit: WinSock: version 1.1 (2.2), MaxSocks=32767, MaxUdp=65467
LogOnline: OSS: TryLoadSubsystemAndSetDefault: Loaded subsystem for module [NULL]
LogOculusPluginWrapper: OculusPlugin initialized successfully
LogHMD: Failed initializing OVRPlugin 1.59.0
LogInit: Build: ++UE4+Release-4.27-CL-18319896
LogInit: Engine Version: 4.27.2-18319896+++UE4+Release-4.27
LogInit: Compatible Engine Version: 4.27.0-17155196+++UE4+Release-4.27
LogInit: Net CL: 17155196
LogInit: OS: Windows 10 (Release 2009) (), CPU: 12th Gen Intel(R) Core(TM) i9-12900K, GPU: AMD Radeon RX 7900 XTX
LogInit: Compiled (64-bit): Nov 30 2021 07:12:08
LogInit: Compiled with Visual C++: 19.24.28315.00
LogInit: Build Configuration: Development
LogInit: Branch Name: ++UE4+Release-4.27
LogInit: Command Line:  -EpicPortal -epicusername=GeorgeIraq -epicuserid=ce1783bd970c43b2b29b550560514186 -epiclocale=en -epicsandboxid=ue
LogInit: Base Directory: D:/Epic Games/UE_4.27/Engine/Binaries/Win64/
LogInit: Allocator: TBB
LogInit: Installed Engine Build: 1
LogDevObjectVersion: Number of dev versions registered: 29
LogDevObjectVersion:   Dev-Blueprints (B0D832E4-1F89-4F0D-ACCF-7EB736FD4AA2): 10
LogDevObjectVersion:   Dev-Build (E1C64328-A22C-4D53-A36C-8E866417BD8C): 0
LogDevObjectVersion:   Dev-Core (375EC13C-06E4-48FB-B500-84F0262A717E): 4
LogDevObjectVersion:   Dev-Editor (E4B068ED-F494-42E9-A231-DA0B2E46BB41): 40
LogDevObjectVersion:   Dev-Framework (CFFC743F-43B0-4480-9391-14DF171D2073): 37
LogDevObjectVersion:   Dev-Mobile (B02B49B5-BB20-44E9-A304-32B752E40360): 3
LogDevObjectVersion:   Dev-Networking (A4E4105C-59A1-49B5-A7C5-40C4547EDFEE): 0
LogDevObjectVersion:   Dev-Online (39C831C9-5AE6-47DC-9A44-9C173E1C8E7C): 0
LogDevObjectVersion:   Dev-Physics (78F01B33-EBEA-4F98-B9B4-84EACCB95AA2): 14
LogDevObjectVersion:   Dev-Platform (6631380F-2D4D-43E0-8009-CF276956A95A): 0
LogDevObjectVersion:   Dev-Rendering (12F88B9F-8875-4AFC-A67C-D90C383ABD29): 45
LogDevObjectVersion:   Dev-Sequencer (7B5AE74C-D270-4C10-A958-57980B212A5A): 13
LogDevObjectVersion:   Dev-VR (D7296918-1DD6-4BDD-9DE2-64A83CC13884): 3
LogDevObjectVersion:   Dev-LoadTimes (C2A15278-BFE7-4AFE-6C17-90FF531DF755): 1
LogDevObjectVersion:   Private-Geometry (6EACA3D4-40EC-4CC1-B786-8BED09428FC5): 3
LogDevObjectVersion:   Dev-AnimPhys (29E575DD-E0A3-4627-9D10-D276232CDCEA): 17
LogDevObjectVersion:   Dev-Anim (AF43A65D-7FD3-4947-9873-3E8ED9C1BB05): 15
LogDevObjectVersion:   Dev-ReflectionCapture (6B266CEC-1EC7-4B8F-A30B-E4D90942FC07): 1
LogDevObjectVersion:   Dev-Automation (0DF73D61-A23F-47EA-B727-89E90C41499A): 1
LogDevObjectVersion:   FortniteMain (601D1886-AC64-4F84-AA16-D3DE0DEAC7D6): 47
LogDevObjectVersion:   FortniteRelease (E7086368-6B23-4C58-8439-1B7016265E91): 1
LogDevObjectVersion:   Dev-Enterprise (9DFFBCD6-494F-0158-E221-12823C92A888): 10
LogDevObjectVersion:   Dev-Niagara (F2AED0AC-9AFE-416F-8664-AA7FFA26D6FC): 1
LogDevObjectVersion:   Dev-Destruction (174F1F0B-B4C6-45A5-B13F-2EE8D0FB917D): 10
LogDevObjectVersion:   Dev-Physics-Ext (35F94A83-E258-406C-A318-09F59610247C): 41
LogDevObjectVersion:   Dev-PhysicsMaterial-Chaos (B68FC16E-8B1B-42E2-B453-215C058844FE): 1
LogDevObjectVersion:   Dev-CineCamera (B2E18506-4273-CFC2-A54E-F4BB758BBA07): 1
LogDevObjectVersion:   Dev-VirtualProduction (64F58936-FD1B-42BA-BA96-7289D5D0FA4E): 1
LogDevObjectVersion:   Dev-MediaFramework (6F0ED827-A609-4895-9C91-998D90180EA4): 2
LogInit: Presizing for max 25165824 objects, including 0 objects not considered by GC, pre-allocating 0 bytes for permanent pool.
LogConfig: Applying CVar settings from Section [/Script/Engine.StreamingSettings] File [D:/School/Unreal Engine/TreasureChase/TreasureChase/Saved/Config/Windows/Engine.ini]
LogConfig: Setting CVar [[s.MinBulkDataSizeForAsyncLoading:131072]]
LogConfig: Setting CVar [[s.AsyncLoadingThreadEnabled:0]]
LogConfig: Setting CVar [[s.EventDrivenLoaderEnabled:1]]
LogConfig: Setting CVar [[s.WarnIfTimeLimitExceeded:0]]
LogConfig: Setting CVar [[s.TimeLimitExceededMultiplier:1.5]]
LogConfig: Setting CVar [[s.TimeLimitExceededMinTime:0.005]]
LogConfig: Setting CVar [[s.UseBackgroundLevelStreaming:1]]
LogConfig: Setting CVar [[s.PriorityAsyncLoadingExtraTime:15.0]]
LogConfig: Setting CVar [[s.LevelStreamingActorsUpdateTimeLimit:5.0]]
LogConfig: Setting CVar [[s.PriorityLevelStreamingActorsUpdateExtraTime:5.0]]
LogConfig: Setting CVar [[s.LevelStreamingComponentsRegistrationGranularity:10]]
LogConfig: Setting CVar [[s.UnregisterComponentsTimeLimit:1.0]]
LogConfig: Setting CVar [[s.LevelStreamingComponentsUnregistrationGranularity:5]]
LogConfig: Setting CVar [[s.FlushStreamingOnExit:1]]
LogInit: Object subsystem initialized
LogConfig: Setting CVar [[con.DebugEarlyDefault:1]]
LogConfig: Setting CVar [[r.setres:1280x720]]
[2023.06.16-03.02.44:282][  0]LogConfig: Setting CVar [[r.VSync:0]]
[2023.06.16-03.02.44:282][  0]LogConfig: Setting CVar [[r.RHICmdBypass:0]]
[2023.06.16-03.02.44:282][  0]LogConfig: Applying CVar settings from Section [/Script/Engine.RendererSettings] File [D:/School/Unreal Engine/TreasureChase/TreasureChase/Saved/Config/Windows/Engine.ini]
[2023.06.16-03.02.44:282][  0]LogConfig: Setting CVar [[r.GPUCrashDebugging:0]]
[2023.06.16-03.02.44:282][  0]LogConfig: Applying CVar settings from Section [/Script/Engine.RendererOverrideSettings] File [D:/School/Unreal Engine/TreasureChase/TreasureChase/Saved/Config/Windows/Engine.ini]
[2023.06.16-03.02.44:282][  0]LogConfig: Applying CVar settings from Section [/Script/Engine.StreamingSettings] File [D:/School/Unreal Engine/TreasureChase/TreasureChase/Saved/Config/Windows/Engine.ini]
[2023.06.16-03.02.44:282][  0]LogConfig: Setting CVar [[s.MinBulkDataSizeForAsyncLoading:131072]]
[2023.06.16-03.02.44:282][  0]LogConfig: Setting CVar [[s.AsyncLoadingThreadEnabled:0]]
[2023.06.16-03.02.44:282][  0]LogConfig: Setting CVar [[s.EventDrivenLoaderEnabled:1]]
[2023.06.16-03.02.44:282][  0]LogConfig: Setting CVar [[s.WarnIfTimeLimitExceeded:0]]
[2023.06.16-03.02.44:282][  0]LogConfig: Setting CVar [[s.TimeLimitExceededMultiplier:1.5]]
[2023.06.16-03.02.44:282][  0]LogConfig: Setting CVar [[s.TimeLimitExceededMinTime:0.005]]
[2023.06.16-03.02.44:282][  0]LogConfig: Setting CVar [[s.UseBackgroundLevelStreaming:1]]
[2023.06.16-03.02.44:282][  0]LogConfig: Setting CVar [[s.PriorityAsyncLoadingExtraTime:15.0]]
[2023.06.16-03.02.44:282][  0]LogConfig: Setting CVar [[s.LevelStreamingActorsUpdateTimeLimit:5.0]]
[2023.06.16-03.02.44:282][  0]LogConfig: Setting CVar [[s.PriorityLevelStreamingActorsUpdateExtraTime:5.0]]
[2023.06.16-03.02.44:282][  0]LogConfig: Setting CVar [[s.LevelStreamingComponentsRegistrationGranularity:10]]
[2023.06.16-03.02.44:282][  0]LogConfig: Setting CVar [[s.UnregisterComponentsTimeLimit:1.0]]
[2023.06.16-03.02.44:282][  0]LogConfig: Setting CVar [[s.LevelStreamingComponentsUnregistrationGranularity:5]]
[2023.06.16-03.02.44:282][  0]LogConfig: Setting CVar [[s.FlushStreamingOnExit:1]]
[2023.06.16-03.02.44:282][  0]LogConfig: Applying CVar settings from Section [/Script/Engine.GarbageCollectionSettings] File [D:/School/Unreal Engine/TreasureChase/TreasureChase/Saved/Config/Windows/Engine.ini]
[2023.06.16-03.02.44:282][  0]LogConfig: Setting CVar [[gc.MaxObjectsNotConsideredByGC:1]]
[2023.06.16-03.02.44:282][  0]LogConfig: Setting CVar [[gc.SizeOfPermanentObjectPool:0]]
[2023.06.16-03.02.44:282][  0]LogConfig: Setting CVar [[gc.FlushStreamingOnGC:0]]
[2023.06.16-03.02.44:282][  0]LogConfig: Setting CVar [[gc.NumRetriesBeforeForcingGC:10]]
[2023.06.16-03.02.44:283][  0]LogConfig: Setting CVar [[gc.AllowParallelGC:1]]
[2023.06.16-03.02.44:283][  0]LogConfig: Setting CVar [[gc.TimeBetweenPurgingPendingKillObjects:61.1]]
[2023.06.16-03.02.44:283][  0]LogConfig: Setting CVar [[gc.MaxObjectsInEditor:25165824]]
[2023.06.16-03.02.44:283][  0]LogConfig: Setting CVar [[gc.IncrementalBeginDestroyEnabled:1]]
[2023.06.16-03.02.44:283][  0]LogConfig: Setting CVar [[gc.CreateGCClusters:1]]
[2023.06.16-03.02.44:283][  0]LogConfig: Setting CVar [[gc.MinGCClusterSize:5]]
[2023.06.16-03.02.44:283][  0]LogConfig: Setting CVar [[gc.ActorClusteringEnabled:0]]
[2023.06.16-03.02.44:283][  0]LogConfig: Setting CVar [[gc.BlueprintClusteringEnabled:0]]
[2023.06.16-03.02.44:283][  0]LogConfig: Setting CVar [[gc.UseDisregardForGCOnDedicatedServers:0]]
[2023.06.16-03.02.44:283][  0]LogConfig: Setting CVar [[gc.MultithreadedDestructionEnabled:1]]
[2023.06.16-03.02.44:283][  0]LogConfig: Applying CVar settings from Section [/Script/Engine.NetworkSettings] File [D:/School/Unreal Engine/TreasureChase/TreasureChase/Saved/Config/Windows/Engine.ini]
[2023.06.16-03.02.44:283][  0]LogConfig: Applying CVar settings from Section [/Script/UnrealEd.CookerSettings] File [D:/School/Unreal Engine/TreasureChase/TreasureChase/Saved/Config/Windows/Engine.ini]
[2023.06.16-03.02.44:297][  0]LogConfig: Applying CVar settings from Section [ViewDistanceQuality@3] File [D:/School/Unreal Engine/TreasureChase/TreasureChase/Saved/Config/Windows/Scalability.ini]
[2023.06.16-03.02.44:297][  0]LogConfig: Setting CVar [[r.SkeletalMeshLODBias:0]]
[2023.06.16-03.02.44:297][  0]LogConfig: Setting CVar [[r.ViewDistanceScale:1.0]]
[2023.06.16-03.02.44:297][  0]LogConfig: Applying CVar settings from Section [AntiAliasingQuality@3] File [D:/School/Unreal Engine/TreasureChase/TreasureChase/Saved/Config/Windows/Scalability.ini]
[2023.06.16-03.02.44:297][  0]LogConfig: Setting CVar [[r.PostProcessAAQuality:4]]
[2023.06.16-03.02.44:297][  0]LogConfig: Applying CVar settings from Section [ShadowQuality@3] File [D:/School/Unreal Engine/TreasureChase/TreasureChase/Saved/Config/Windows/Scalability.ini]
[2023.06.16-03.02.44:297][  0]LogConfig: Setting CVar [[r.LightFunctionQuality:1]]
[2023.06.16-03.02.44:297][  0]LogConfig: Setting CVar [[r.ShadowQuality:5]]
[2023.06.16-03.02.44:297][  0]LogConfig: Setting CVar [[r.Shadow.CSM.MaxCascades:10]]
[2023.06.16-03.02.44:297][  0]LogConfig: Setting CVar [[r.Shadow.MaxResolution:2048]]
[2023.06.16-03.02.44:297][  0]LogConfig: Setting CVar [[r.Shadow.MaxCSMResolution:2048]]
[2023.06.16-03.02.44:297][  0]LogConfig: Setting CVar [[r.Shadow.RadiusThreshold:0.01]]
[2023.06.16-03.02.44:297][  0]LogConfig: Setting CVar [[r.Shadow.DistanceScale:1.0]]
[2023.06.16-03.02.44:297][  0]LogConfig: Setting CVar [[r.Shadow.CSM.TransitionScale:1.0]]
[2023.06.16-03.02.44:297][  0]LogConfig: Setting CVar [[r.Shadow.PreShadowResolutionFactor:1.0]]
[2023.06.16-03.02.44:297][  0]LogConfig: Setting CVar [[r.DistanceFieldShadowing:1]]
[2023.06.16-03.02.44:297][  0]LogConfig: Setting CVar [[r.DistanceFieldAO:1]]
[2023.06.16-03.02.44:297][  0]LogConfig: Setting CVar [[r.AOQuality:2]]
[2023.06.16-03.02.44:297][  0]LogConfig: Setting CVar [[r.VolumetricFog:1]]
[2023.06.16-03.02.44:297][  0]LogConfig: Setting CVar [[r.VolumetricFog.GridPixelSize:8]]
[2023.06.16-03.02.44:297][  0]LogConfig: Setting CVar [[r.VolumetricFog.GridSizeZ:128]]
[2023.06.16-03.02.44:297][  0]LogConfig: Setting CVar [[r.VolumetricFog.HistoryMissSupersampleCount:4]]
[2023.06.16-03.02.44:297][  0]LogConfig: Setting CVar [[r.LightMaxDrawDistanceScale:1]]
[2023.06.16-03.02.44:297][  0]LogConfig: Setting CVar [[r.CapsuleShadows:1]]
[2023.06.16-03.02.44:297][  0]LogConfig: Applying CVar settings from Section [PostProcessQuality@3] File [D:/School/Unreal Engine/TreasureChase/TreasureChase/Saved/Config/Windows/Scalability.ini]
[2023.06.16-03.02.44:297][  0]LogConfig: Setting CVar [[r.MotionBlurQuality:4]]
[2023.06.16-03.02.44:297][  0]LogConfig: Setting CVar [[r.AmbientOcclusionMipLevelFactor:0.4]]
[2023.06.16-03.02.44:297][  0]LogConfig: Setting CVar [[r.AmbientOcclusionMaxQuality:100]]
[2023.06.16-03.02.44:297][  0]LogConfig: Setting CVar [[r.AmbientOcclusionLevels:-1]]
[2023.06.16-03.02.44:297][  0]LogConfig: Setting CVar [[r.AmbientOcclusionRadiusScale:1.0]]
[2023.06.16-03.02.44:297][  0]LogConfig: Setting CVar [[r.DepthOfFieldQuality:2]]
[2023.06.16-03.02.44:297][  0]LogConfig: Setting CVar [[r.RenderTargetPoolMin:400]]
[2023.06.16-03.02.44:297][  0]LogConfig: Setting CVar [[r.LensFlareQuality:2]]
[2023.06.16-03.02.44:297][  0]LogConfig: Setting CVar [[r.SceneColorFringeQuality:1]]
[2023.06.16-03.02.44:297][  0]LogConfig: Setting CVar [[r.EyeAdaptationQuality:2]]
[2023.06.16-03.02.44:297][  0]LogConfig: Setting CVar [[r.BloomQuality:5]]
[2023.06.16-03.02.44:297][  0]LogConfig: Setting CVar [[r.FastBlurThreshold:100]]
[2023.06.16-03.02.44:297][  0]LogConfig: Setting CVar [[r.Upscale.Quality:3]]
[2023.06.16-03.02.44:297][  0]LogConfig: Setting CVar [[r.Tonemapper.GrainQuantization:1]]
[2023.06.16-03.02.44:297][  0]LogConfig: Setting CVar [[r.LightShaftQuality:1]]
[2023.06.16-03.02.44:297][  0]LogConfig: Setting CVar [[r.Filter.SizeScale:1]]
[2023.06.16-03.02.44:297][  0]LogConfig: Setting CVar [[r.Tonemapper.Quality:5]]
[2023.06.16-03.02.44:297][  0]LogConfig: Setting CVar [[r.DOF.Gather.AccumulatorQuality:1        ; higher gathering accumulator quality]]
[2023.06.16-03.02.44:297][  0]LogConfig: Setting CVar [[r.DOF.Gather.PostfilterMethod:1          ; Median3x3 postfilering method]]
[2023.06.16-03.02.44:297][  0]LogConfig: Setting CVar [[r.DOF.Gather.EnableBokehSettings:0       ; no bokeh simulation when gathering]]
[2023.06.16-03.02.44:297][  0]LogConfig: Setting CVar [[r.DOF.Gather.RingCount:4                 ; medium number of samples when gathering]]
[2023.06.16-03.02.44:297][  0]LogConfig: Setting CVar [[r.DOF.Scatter.ForegroundCompositing:1    ; additive foreground scattering]]
[2023.06.16-03.02.44:297][  0]LogConfig: Setting CVar [[r.DOF.Scatter.BackgroundCompositing:2    ; additive background scattering]]
[2023.06.16-03.02.44:297][  0]LogConfig: Setting CVar [[r.DOF.Scatter.EnableBokehSettings:1      ; bokeh simulation when scattering]]
[2023.06.16-03.02.44:297][  0]LogConfig: Setting CVar [[r.DOF.Scatter.MaxSpriteRatio:0.1         ; only a maximum of 10% of scattered bokeh]]
[2023.06.16-03.02.44:297][  0]LogConfig: Setting CVar [[r.DOF.Recombine.Quality:1                ; cheap slight out of focus]]
[2023.06.16-03.02.44:297][  0]LogConfig: Setting CVar [[r.DOF.Recombine.EnableBokehSettings:0    ; no bokeh simulation on slight out of focus]]
[2023.06.16-03.02.44:297][  0]LogConfig: Setting CVar [[r.DOF.TemporalAAQuality:1                ; more stable temporal accumulation]]
[2023.06.16-03.02.44:297][  0]LogConfig: Setting CVar [[r.DOF.Kernel.MaxForegroundRadius:0.025]]
[2023.06.16-03.02.44:297][  0]LogConfig: Setting CVar [[r.DOF.Kernel.MaxBackgroundRadius:0.025]]
[2023.06.16-03.02.44:297][  0]LogConfig: Applying CVar settings from Section [TextureQuality@3] File [D:/School/Unreal Engine/TreasureChase/TreasureChase/Saved/Config/Windows/Scalability.ini]
[2023.06.16-03.02.44:297][  0]LogConfig: Setting CVar [[r.Streaming.MipBias:0]]
[2023.06.16-03.02.44:297][  0]LogConfig: Setting CVar [[r.Streaming.AmortizeCPUToGPUCopy:0]]
[2023.06.16-03.02.44:297][  0]LogConfig: Setting CVar [[r.Streaming.MaxNumTexturesToStreamPerFrame:0]]
[2023.06.16-03.02.44:297][  0]LogConfig: Setting CVar [[r.Streaming.Boost:1]]
[2023.06.16-03.02.44:297][  0]LogConfig: Setting CVar [[r.MaxAnisotropy:8]]
[2023.06.16-03.02.44:297][  0]LogConfig: Setting CVar [[r.VT.MaxAnisotropy:8]]
[2023.06.16-03.02.44:297][  0]LogConfig: Setting CVar [[r.Streaming.LimitPoolSizeToVRAM:0]]
[2023.06.16-03.02.44:297][  0]LogConfig: Setting CVar [[r.Streaming.PoolSize:1000]]
[2023.06.16-03.02.44:297][  0]LogConfig: Setting CVar [[r.Streaming.MaxEffectiveScreenSize:0]]
[2023.06.16-03.02.44:297][  0]LogConfig: Applying CVar settings from Section [EffectsQuality@3] File [D:/School/Unreal Engine/TreasureChase/TreasureChase/Saved/Config/Windows/Scalability.ini]
[2023.06.16-03.02.44:297][  0]LogConfig: Setting CVar [[r.TranslucencyLightingVolumeDim:64]]
[2023.06.16-03.02.44:297][  0]LogConfig: Setting CVar [[r.RefractionQuality:2]]
[2023.06.16-03.02.44:297][  0]LogConfig: Setting CVar [[r.SSR.Quality:3]]
[2023.06.16-03.02.44:297][  0]LogConfig: Setting CVar [[r.SSR.HalfResSceneColor:0]]
[2023.06.16-03.02.44:297][  0]LogConfig: Setting CVar [[r.SceneColorFormat:4]]
[2023.06.16-03.02.44:297][  0]LogConfig: Setting CVar [[r.DetailMode:2]]
[2023.06.16-03.02.44:297][  0]LogConfig: Setting CVar [[r.TranslucencyVolumeBlur:1]]
[2023.06.16-03.02.44:297][  0]LogConfig: Setting CVar [[r.MaterialQualityLevel:1 ; High quality]]
[2023.06.16-03.02.44:297][  0]LogConfig: Setting CVar [[r.AnisotropicMaterials:1]]
[2023.06.16-03.02.44:297][  0]LogConfig: Setting CVar [[r.SSS.Scale:1]]
[2023.06.16-03.02.44:297][  0]LogConfig: Setting CVar [[r.SSS.SampleSet:2]]
[2023.06.16-03.02.44:297][  0]LogConfig: Setting CVar [[r.SSS.Quality:1]]
[2023.06.16-03.02.44:297][  0]LogConfig: Setting CVar [[r.SSS.HalfRes:0]]
[2023.06.16-03.02.44:297][  0]LogConfig: Setting CVar [[r.SSGI.Quality:3]]
[2023.06.16-03.02.44:297][  0]LogConfig: Setting CVar [[r.EmitterSpawnRateScale:1.0]]
[2023.06.16-03.02.44:297][  0]LogConfig: Setting CVar [[r.ParticleLightQuality:2]]
[2023.06.16-03.02.44:297][  0]LogConfig: Setting CVar [[r.SkyAtmosphere.AerialPerspectiveLUT.FastApplyOnOpaque:1 ; Always have FastSkyLUT 1 in this case to avoid wrong sky]]
[2023.06.16-03.02.44:297][  0]LogConfig: Setting CVar [[r.SkyAtmosphere.AerialPerspectiveLUT.SampleCountMaxPerSlice:4]]
[2023.06.16-03.02.44:297][  0]LogConfig: Setting CVar [[r.SkyAtmosphere.AerialPerspectiveLUT.DepthResolution:16.0]]
[2023.06.16-03.02.44:297][  0]LogConfig: Setting CVar [[r.SkyAtmosphere.FastSkyLUT:1]]
[2023.06.16-03.02.44:297][  0]LogConfig: Setting CVar [[r.SkyAtmosphere.FastSkyLUT.SampleCountMin:4.0]]
[2023.06.16-03.02.44:297][  0]LogConfig: Setting CVar [[r.SkyAtmosphere.FastSkyLUT.SampleCountMax:128.0]]
[2023.06.16-03.02.44:297][  0]LogConfig: Setting CVar [[r.SkyAtmosphere.SampleCountMin:4.0]]
[2023.06.16-03.02.44:297][  0]LogConfig: Setting CVar [[r.SkyAtmosphere.SampleCountMax:128.0]]
[2023.06.16-03.02.44:297][  0]LogConfig: Setting CVar [[r.SkyAtmosphere.TransmittanceLUT.UseSmallFormat:0]]
[2023.06.16-03.02.44:297][  0]LogConfig: Setting CVar [[r.SkyAtmosphere.TransmittanceLUT.SampleCount:10.0]]
[2023.06.16-03.02.44:297][  0]LogConfig: Setting CVar [[r.SkyAtmosphere.MultiScatteringLUT.SampleCount:15.0]]
[2023.06.16-03.02.44:297][  0]LogConfig: Setting CVar [[r.SkyLight.RealTimeReflectionCapture:1]]
[2023.06.16-03.02.44:297][  0]LogConfig: Applying CVar settings from Section [FoliageQuality@3] File [D:/School/Unreal Engine/TreasureChase/TreasureChase/Saved/Config/Windows/Scalability.ini]
[2023.06.16-03.02.44:297][  0]LogConfig: Setting CVar [[foliage.DensityScale:1.0]]
[2023.06.16-03.02.44:297][  0]LogConfig: Setting CVar [[grass.DensityScale:1.0]]
[2023.06.16-03.02.44:297][  0]LogConfig: Applying CVar settings from Section [ShadingQuality@3] File [D:/School/Unreal Engine/TreasureChase/TreasureChase/Saved/Config/Windows/Scalability.ini]
[2023.06.16-03.02.44:297][  0]LogConfig: Setting CVar [[r.HairStrands.SkyLighting.IntegrationType:2]]
[2023.06.16-03.02.44:297][  0]LogConfig: Setting CVar [[r.HairStrands.SkyAO.SampleCount:4]]
[2023.06.16-03.02.44:297][  0]LogConfig: Setting CVar [[r.HairStrands.Visibility.MSAA.SamplePerPixel:4]]
[2023.06.16-03.02.44:298][  0]LogInit: Selected Device Profile: [Windows]
[2023.06.16-03.02.44:298][  0]LogInit: Applying CVar settings loaded from the selected device profile: [Windows]
[2023.06.16-03.02.44:298][  0]LogHAL: Display: Platform has ~ 64 GB [68464689152 / 68719476736 / 64], which maps to Largest [LargestMinGB=32, LargerMinGB=12, DefaultMinGB=8, SmallerMinGB=6, SmallestMinGB=0)
[2023.06.16-03.02.44:298][  0]LogInit: Going up to parent DeviceProfile []
[2023.06.16-03.02.44:298][  0]LogConfig: Applying CVar settings from Section [ViewDistanceQuality@3] File [D:/School/Unreal Engine/TreasureChase/TreasureChase/Saved/Config/Windows/Scalability.ini]
[2023.06.16-03.02.44:298][  0]LogConfig: Setting CVar [[r.SkeletalMeshLODBias:0]]
[2023.06.16-03.02.44:298][  0]LogConfig: Setting CVar [[r.ViewDistanceScale:1.0]]
[2023.06.16-03.02.44:298][  0]LogConfig: Applying CVar settings from Section [AntiAliasingQuality@3] File [D:/School/Unreal Engine/TreasureChase/TreasureChase/Saved/Config/Windows/Scalability.ini]
[2023.06.16-03.02.44:298][  0]LogConfig: Setting CVar [[r.PostProcessAAQuality:4]]
[2023.06.16-03.02.44:298][  0]LogConfig: Applying CVar settings from Section [ShadowQuality@3] File [D:/School/Unreal Engine/TreasureChase/TreasureChase/Saved/Config/Windows/Scalability.ini]
[2023.06.16-03.02.44:298][  0]LogConfig: Setting CVar [[r.LightFunctionQuality:1]]
[2023.06.16-03.02.44:298][  0]LogConfig: Setting CVar [[r.ShadowQuality:5]]
[2023.06.16-03.02.44:298][  0]LogConfig: Setting CVar [[r.Shadow.CSM.MaxCascades:10]]
[2023.06.16-03.02.44:298][  0]LogConfig: Setting CVar [[r.Shadow.MaxResolution:2048]]
[2023.06.16-03.02.44:298][  0]LogConfig: Setting CVar [[r.Shadow.MaxCSMResolution:2048]]
[2023.06.16-03.02.44:298][  0]LogConfig: Setting CVar [[r.Shadow.RadiusThreshold:0.01]]
[2023.06.16-03.02.44:298][  0]LogConfig: Setting CVar [[r.Shadow.DistanceScale:1.0]]
[2023.06.16-03.02.44:298][  0]LogConfig: Setting CVar [[r.Shadow.CSM.TransitionScale:1.0]]
[2023.06.16-03.02.44:298][  0]LogConfig: Setting CVar [[r.Shadow.PreShadowResolutionFactor:1.0]]
[2023.06.16-03.02.44:298][  0]LogConfig: Setting CVar [[r.DistanceFieldShadowing:1]]
[2023.06.16-03.02.44:298][  0]LogConfig: Setting CVar [[r.DistanceFieldAO:1]]
[2023.06.16-03.02.44:298][  0]LogConfig: Setting CVar [[r.AOQuality:2]]
[2023.06.16-03.02.44:298][  0]LogConfig: Setting CVar [[r.VolumetricFog:1]]
[2023.06.16-03.02.44:298][  0]LogConfig: Setting CVar [[r.VolumetricFog.GridPixelSize:8]]
[2023.06.16-03.02.44:298][  0]LogConfig: Setting CVar [[r.VolumetricFog.GridSizeZ:128]]
[2023.06.16-03.02.44:298][  0]LogConfig: Setting CVar [[r.VolumetricFog.HistoryMissSupersampleCount:4]]
[2023.06.16-03.02.44:298][  0]LogConfig: Setting CVar [[r.LightMaxDrawDistanceScale:1]]
[2023.06.16-03.02.44:298][  0]LogConfig: Setting CVar [[r.CapsuleShadows:1]]
[2023.06.16-03.02.44:298][  0]LogConfig: Applying CVar settings from Section [PostProcessQuality@3] File [D:/School/Unreal Engine/TreasureChase/TreasureChase/Saved/Config/Windows/Scalability.ini]
[2023.06.16-03.02.44:298][  0]LogConfig: Setting CVar [[r.MotionBlurQuality:4]]
[2023.06.16-03.02.44:298][  0]LogConfig: Setting CVar [[r.AmbientOcclusionMipLevelFactor:0.4]]
[2023.06.16-03.02.44:298][  0]LogConfig: Setting CVar [[r.AmbientOcclusionMaxQuality:100]]
[2023.06.16-03.02.44:298][  0]LogConfig: Setting CVar [[r.AmbientOcclusionLevels:-1]]
[2023.06.16-03.02.44:298][  0]LogConfig: Setting CVar [[r.AmbientOcclusionRadiusScale:1.0]]
[2023.06.16-03.02.44:298][  0]LogConfig: Setting CVar [[r.DepthOfFieldQuality:2]]
[2023.06.16-03.02.44:298][  0]LogConfig: Setting CVar [[r.RenderTargetPoolMin:400]]
[2023.06.16-03.02.44:298][  0]LogConfig: Setting CVar [[r.LensFlareQuality:2]]
[2023.06.16-03.02.44:298][  0]LogConfig: Setting CVar [[r.SceneColorFringeQuality:1]]
[2023.06.16-03.02.44:298][  0]LogConfig: Setting CVar [[r.EyeAdaptationQuality:2]]
[2023.06.16-03.02.44:298][  0]LogConfig: Setting CVar [[r.BloomQuality:5]]
[2023.06.16-03.02.44:298][  0]LogConfig: Setting CVar [[r.FastBlurThreshold:100]]
[2023.06.16-03.02.44:298][  0]LogConfig: Setting CVar [[r.Upscale.Quality:3]]
[2023.06.16-03.02.44:298][  0]LogConfig: Setting CVar [[r.Tonemapper.GrainQuantization:1]]
[2023.06.16-03.02.44:298][  0]LogConfig: Setting CVar [[r.LightShaftQuality:1]]
[2023.06.16-03.02.44:298][  0]LogConfig: Setting CVar [[r.Filter.SizeScale:1]]
[2023.06.16-03.02.44:298][  0]LogConfig: Setting CVar [[r.Tonemapper.Quality:5]]
[2023.06.16-03.02.44:298][  0]LogConfig: Setting CVar [[r.DOF.Gather.AccumulatorQuality:1        ; higher gathering accumulator quality]]
[2023.06.16-03.02.44:298][  0]LogConfig: Setting CVar [[r.DOF.Gather.PostfilterMethod:1          ; Median3x3 postfilering method]]
[2023.06.16-03.02.44:298][  0]LogConfig: Setting CVar [[r.DOF.Gather.EnableBokehSettings:0       ; no bokeh simulation when gathering]]
[2023.06.16-03.02.44:298][  0]LogConfig: Setting CVar [[r.DOF.Gather.RingCount:4                 ; medium number of samples when gathering]]
[2023.06.16-03.02.44:298][  0]LogConfig: Setting CVar [[r.DOF.Scatter.ForegroundCompositing:1    ; additive foreground scattering]]
[2023.06.16-03.02.44:298][  0]LogConfig: Setting CVar [[r.DOF.Scatter.BackgroundCompositing:2    ; additive background scattering]]
[2023.06.16-03.02.44:298][  0]LogConfig: Setting CVar [[r.DOF.Scatter.EnableBokehSettings:1      ; bokeh simulation when scattering]]
[2023.06.16-03.02.44:298][  0]LogConfig: Setting CVar [[r.DOF.Scatter.MaxSpriteRatio:0.1         ; only a maximum of 10% of scattered bokeh]]
[2023.06.16-03.02.44:298][  0]LogConfig: Setting CVar [[r.DOF.Recombine.Quality:1                ; cheap slight out of focus]]
[2023.06.16-03.02.44:298][  0]LogConfig: Setting CVar [[r.DOF.Recombine.EnableBokehSettings:0    ; no bokeh simulation on slight out of focus]]
[2023.06.16-03.02.44:298][  0]LogConfig: Setting CVar [[r.DOF.TemporalAAQuality:1                ; more stable temporal accumulation]]
[2023.06.16-03.02.44:298][  0]LogConfig: Setting CVar [[r.DOF.Kernel.MaxForegroundRadius:0.025]]
[2023.06.16-03.02.44:298][  0]LogConfig: Setting CVar [[r.DOF.Kernel.MaxBackgroundRadius:0.025]]
[2023.06.16-03.02.44:298][  0]LogConfig: Applying CVar settings from Section [TextureQuality@3] File [D:/School/Unreal Engine/TreasureChase/TreasureChase/Saved/Config/Windows/Scalability.ini]
[2023.06.16-03.02.44:298][  0]LogConfig: Setting CVar [[r.Streaming.MipBias:0]]
[2023.06.16-03.02.44:298][  0]LogConfig: Setting CVar [[r.Streaming.AmortizeCPUToGPUCopy:0]]
[2023.06.16-03.02.44:298][  0]LogConfig: Setting CVar [[r.Streaming.MaxNumTexturesToStreamPerFrame:0]]
[2023.06.16-03.02.44:298][  0]LogConfig: Setting CVar [[r.Streaming.Boost:1]]
[2023.06.16-03.02.44:298][  0]LogConfig: Setting CVar [[r.MaxAnisotropy:8]]
[2023.06.16-03.02.44:298][  0]LogConfig: Setting CVar [[r.VT.MaxAnisotropy:8]]
[2023.06.16-03.02.44:298][  0]LogConfig: Setting CVar [[r.Streaming.LimitPoolSizeToVRAM:0]]
[2023.06.16-03.02.44:298][  0]LogConfig: Setting CVar [[r.Streaming.PoolSize:1000]]
[2023.06.16-03.02.44:298][  0]LogConfig: Setting CVar [[r.Streaming.MaxEffectiveScreenSize:0]]
[2023.06.16-03.02.44:298][  0]LogConfig: Applying CVar settings from Section [EffectsQuality@3] File [D:/School/Unreal Engine/TreasureChase/TreasureChase/Saved/Config/Windows/Scalability.ini]
[2023.06.16-03.02.44:298][  0]LogConfig: Setting CVar [[r.TranslucencyLightingVolumeDim:64]]
[2023.06.16-03.02.44:298][  0]LogConfig: Setting CVar [[r.RefractionQuality:2]]
[2023.06.16-03.02.44:298][  0]LogConfig: Setting CVar [[r.SSR.Quality:3]]
[2023.06.16-03.02.44:298][  0]LogConfig: Setting CVar [[r.SSR.HalfResSceneColor:0]]
[2023.06.16-03.02.44:298][  0]LogConfig: Setting CVar [[r.SceneColorFormat:4]]
[2023.06.16-03.02.44:298][  0]LogConfig: Setting CVar [[r.DetailMode:2]]
[2023.06.16-03.02.44:298][  0]LogConfig: Setting CVar [[r.TranslucencyVolumeBlur:1]]
[2023.06.16-03.02.44:298][  0]LogConfig: Setting CVar [[r.MaterialQualityLevel:1 ; High quality]]
[2023.06.16-03.02.44:298][  0]LogConfig: Setting CVar [[r.AnisotropicMaterials:1]]
[2023.06.16-03.02.44:298][  0]LogConfig: Setting CVar [[r.SSS.Scale:1]]
[2023.06.16-03.02.44:298][  0]LogConfig: Setting CVar [[r.SSS.SampleSet:2]]
[2023.06.16-03.02.44:298][  0]LogConfig: Setting CVar [[r.SSS.Quality:1]]
[2023.06.16-03.02.44:298][  0]LogConfig: Setting CVar [[r.SSS.HalfRes:0]]
[2023.06.16-03.02.44:298][  0]LogConfig: Setting CVar [[r.SSGI.Quality:3]]
[2023.06.16-03.02.44:298][  0]LogConfig: Setting CVar [[r.EmitterSpawnRateScale:1.0]]
[2023.06.16-03.02.44:298][  0]LogConfig: Setting CVar [[r.ParticleLightQuality:2]]
[2023.06.16-03.02.44:298][  0]LogConfig: Setting CVar [[r.SkyAtmosphere.AerialPerspectiveLUT.FastApplyOnOpaque:1 ; Always have FastSkyLUT 1 in this case to avoid wrong sky]]
[2023.06.16-03.02.44:298][  0]LogConfig: Setting CVar [[r.SkyAtmosphere.AerialPerspectiveLUT.SampleCountMaxPerSlice:4]]
[2023.06.16-03.02.44:298][  0]LogConfig: Setting CVar [[r.SkyAtmosphere.AerialPerspectiveLUT.DepthResolution:16.0]]
[2023.06.16-03.02.44:298][  0]LogConfig: Setting CVar [[r.SkyAtmosphere.FastSkyLUT:1]]
[2023.06.16-03.02.44:298][  0]LogConfig: Setting CVar [[r.SkyAtmosphere.FastSkyLUT.SampleCountMin:4.0]]
[2023.06.16-03.02.44:298][  0]LogConfig: Setting CVar [[r.SkyAtmosphere.FastSkyLUT.SampleCountMax:128.0]]
[2023.06.16-03.02.44:298][  0]LogConfig: Setting CVar [[r.SkyAtmosphere.SampleCountMin:4.0]]
[2023.06.16-03.02.44:298][  0]LogConfig: Setting CVar [[r.SkyAtmosphere.SampleCountMax:128.0]]
[2023.06.16-03.02.44:298][  0]LogConfig: Setting CVar [[r.SkyAtmosphere.TransmittanceLUT.UseSmallFormat:0]]
[2023.06.16-03.02.44:298][  0]LogConfig: Setting CVar [[r.SkyAtmosphere.TransmittanceLUT.SampleCount:10.0]]
[2023.06.16-03.02.44:298][  0]LogConfig: Setting CVar [[r.SkyAtmosphere.MultiScatteringLUT.SampleCount:15.0]]
[2023.06.16-03.02.44:298][  0]LogConfig: Setting CVar [[r.SkyLight.RealTimeReflectionCapture:1]]
[2023.06.16-03.02.44:298][  0]LogConfig: Applying CVar settings from Section [FoliageQuality@3] File [D:/School/Unreal Engine/TreasureChase/TreasureChase/Saved/Config/Windows/Scalability.ini]
[2023.06.16-03.02.44:298][  0]LogConfig: Setting CVar [[foliage.DensityScale:1.0]]
[2023.06.16-03.02.44:298][  0]LogConfig: Setting CVar [[grass.DensityScale:1.0]]
[2023.06.16-03.02.44:298][  0]LogConfig: Applying CVar settings from Section [ShadingQuality@3] File [D:/School/Unreal Engine/TreasureChase/TreasureChase/Saved/Config/Windows/Scalability.ini]
[2023.06.16-03.02.44:298][  0]LogConfig: Setting CVar [[r.HairStrands.SkyLighting.IntegrationType:2]]
[2023.06.16-03.02.44:298][  0]LogConfig: Setting CVar [[r.HairStrands.SkyAO.SampleCount:4]]
[2023.06.16-03.02.44:298][  0]LogConfig: Setting CVar [[r.HairStrands.Visibility.MSAA.SamplePerPixel:4]]
[2023.06.16-03.02.44:298][  0]LogConfig: Applying CVar settings from Section [Startup] File [../../../Engine/Config/ConsoleVariables.ini]
[2023.06.16-03.02.44:298][  0]LogConfig: Setting CVar [[net.UseAdaptiveNetUpdateFrequency:0]]
[2023.06.16-03.02.44:298][  0]LogConfig: Setting CVar [[p.chaos.AllowCreatePhysxBodies:1]]
[2023.06.16-03.02.44:298][  0]LogConfig: Setting CVar [[fx.SkipVectorVMBackendOptimizations:1]]
[2023.06.16-03.02.44:298][  0]LogConfig: Applying CVar settings from Section [ConsoleVariables] File [D:/School/Unreal Engine/TreasureChase/TreasureChase/Saved/Config/Windows/Engine.ini]
[2023.06.16-03.02.44:298][  0]LogConfig: Applying CVar settings from Section [ConsoleVariables] File [D:/School/Unreal Engine/TreasureChase/TreasureChase/Saved/Config/Windows/Editor.ini]
[2023.06.16-03.02.44:298][  0]LogInit: Computer: EXODIA
[2023.06.16-03.02.44:298][  0]LogInit: User: GeorgeEdmon
[2023.06.16-03.02.44:298][  0]LogInit: CPU Page size=4096, Cores=16
[2023.06.16-03.02.44:298][  0]LogInit: High frequency timer resolution =10.000000 MHz
[2023.06.16-03.02.44:298][  0]LogMemory: Memory total: Physical=63.8GB (64GB approx)
[2023.06.16-03.02.44:298][  0]LogMemory: Platform Memory Stats for Windows
[2023.06.16-03.02.44:298][  0]LogMemory: Process Physical Memory: 149.44 MB used, 149.44 MB peak
[2023.06.16-03.02.44:298][  0]LogMemory: Process Virtual Memory: 123.76 MB used, 123.76 MB peak
[2023.06.16-03.02.44:298][  0]LogMemory: Physical Memory: 17209.65 MB used,  48083.37 MB free, 65293.02 MB total
[2023.06.16-03.02.44:298][  0]LogMemory: Virtual Memory: 134165736.00 MB used,  51989.29 MB free, 134217728.00 MB total
[2023.06.16-03.02.44:300][  0]LogWindows: WindowsPlatformFeatures enabled
[2023.06.16-03.02.44:318][  0]LogInit: Physics initialised using underlying interface: PhysX
[2023.06.16-03.02.44:319][  0]LogInit: Using OS detected language (en-US).
[2023.06.16-03.02.44:319][  0]LogInit: Using OS detected locale (en-CA).
[2023.06.16-03.02.44:321][  0]LogTextLocalizationManager: No specific localization for 'en-US' exists, so the 'en' localization will be used.
[2023.06.16-03.02.44:423][  0]LogInit: Setting process to per monitor DPI aware
[2023.06.16-03.02.44:429][  0]LogWindowsTextInputMethodSystem: Display: IME system deactivated.
[2023.06.16-03.02.44:492][  0]LogSlate: New Slate User Created.  User Index 0, Is Virtual User: 0
[2023.06.16-03.02.44:492][  0]LogSlate: Slate User Registered.  User Index 0, Is Virtual User: 0
[2023.06.16-03.02.44:640][  0]LogD3D11RHI: Loaded GFSDK_Aftermath_Lib.x64.dll
[2023.06.16-03.02.44:643][  0]LogHMD: Failed to initialize OpenVR with code 110
[2023.06.16-03.02.44:643][  0]LogD3D11RHI: D3D11 min allowed feature level: 11_0
[2023.06.16-03.02.44:643][  0]LogD3D11RHI: D3D11 max allowed feature level: 11_0
[2023.06.16-03.02.44:643][  0]LogD3D11RHI: D3D11 adapters:
[2023.06.16-03.02.44:695][  0]LogD3D11RHI:    0. 'AMD Radeon RX 7900 XTX' (Feature Level 11_0)
[2023.06.16-03.02.44:695][  0]LogD3D11RHI:       24519/0/32646 MB DedicatedVideo/DedicatedSystem/SharedSystem, Outputs:2, VendorId:0x1002
[2023.06.16-03.02.44:697][  0]LogD3D11RHI:    1. 'Microsoft Basic Render Driver' (Feature Level 11_0)
[2023.06.16-03.02.44:697][  0]LogD3D11RHI:       0/0/32646 MB DedicatedVideo/DedicatedSystem/SharedSystem, Outputs:0, VendorId:0x1414
[2023.06.16-03.02.44:697][  0]LogD3D11RHI: Chosen D3D11 Adapter:
[2023.06.16-03.02.44:697][  0]LogD3D11RHI:     Description : AMD Radeon RX 7900 XTX
[2023.06.16-03.02.44:697][  0]LogD3D11RHI:     VendorId    : 1002
[2023.06.16-03.02.44:697][  0]LogD3D11RHI:     DeviceId    : 744c
[2023.06.16-03.02.44:697][  0]LogD3D11RHI:     SubSysId    : 52001462
[2023.06.16-03.02.44:697][  0]LogD3D11RHI:     Revision    : 00c8
[2023.06.16-03.02.44:697][  0]LogD3D11RHI:     DedicatedVideoMemory : 25710440448 bytes
[2023.06.16-03.02.44:697][  0]LogD3D11RHI:     DedicatedSystemMemory : 0 bytes
[2023.06.16-03.02.44:697][  0]LogD3D11RHI:     SharedSystemMemory : 34232344576 bytes
[2023.06.16-03.02.44:697][  0]LogD3D11RHI:     AdapterLuid : 0 54465
[2023.06.16-03.02.44:710][  0]LogD3D11RHI: Creating new Direct3DDevice
[2023.06.16-03.02.44:710][  0]LogD3D11RHI:     GPU DeviceId: 0x744c (for the marketing name, search the web for "GPU Device Id")
[2023.06.16-03.02.44:710][  0]LogWindows: EnumDisplayDevices:
[2023.06.16-03.02.44:710][  0]LogWindows:    0. 'AMD Radeon RX 7900 XTX' (P:1 D:1)
[2023.06.16-03.02.44:710][  0]LogWindows:    1. 'AMD Radeon RX 7900 XTX' (P:0 D:1)
[2023.06.16-03.02.44:711][  0]LogWindows:    2. 'AMD Radeon RX 7900 XTX' (P:0 D:0)
[2023.06.16-03.02.44:711][  0]LogWindows:    3. 'AMD Radeon RX 7900 XTX' (P:0 D:0)
[2023.06.16-03.02.44:711][  0]LogWindows: DebugString: FoundDriverCount:4 
[2023.06.16-03.02.44:711][  0]LogD3D11RHI:     Adapter Name: AMD Radeon RX 7900 XTX
[2023.06.16-03.02.44:711][  0]LogD3D11RHI:   Driver Version: AMD Software: Adrenalin Edition 23.5.2 (internal:31.0.14057.5006, unified:31.0.14057.5006)
[2023.06.16-03.02.44:711][  0]LogD3D11RHI:      Driver Date: 5-23-2023
[2023.06.16-03.02.44:711][  0]LogRHI: Texture pool is 16625 MB (70% of 23751 MB)
[2023.06.16-03.02.44:725][  0]LogD3D11RHI: Creating D3DDevice with AMD AGS, using adapter:
[2023.06.16-03.02.44:725][  0]LogD3D11RHI:     Description : AMD Radeon RX 7900 XTX
[2023.06.16-03.02.44:725][  0]LogD3D11RHI:     VendorId    : 1002
[2023.06.16-03.02.44:725][  0]LogD3D11RHI:     DeviceId    : 744c
[2023.06.16-03.02.44:725][  0]LogD3D11RHI:     SubSysId    : 52001462
[2023.06.16-03.02.44:725][  0]LogD3D11RHI:     Revision    : 00c8
[2023.06.16-03.02.44:725][  0]LogD3D11RHI:     DedicatedVideoMemory : 25710440448 bytes
[2023.06.16-03.02.44:725][  0]LogD3D11RHI:     DedicatedSystemMemory : 0 bytes
[2023.06.16-03.02.44:726][  0]LogD3D11RHI:     SharedSystemMemory : 34232344576 bytes
[2023.06.16-03.02.44:726][  0]LogD3D11RHI:     AdapterLuid : 0 54465
[2023.06.16-03.02.44:768][  0]LogD3D11RHI: Created device via AGS, feature level 11_0, supported extensions 1fffffbf.
[2023.06.16-03.02.44:768][  0]LogD3D11RHI: RHI has support for 64 bit atomics
[2023.06.16-03.02.44:768][  0]LogD3D11RHI: Async texture creation enabled
[2023.06.16-03.02.44:768][  0]LogD3D11RHI: Array index from any shader is supported
[2023.06.16-03.02.44:779][  0]LogD3D11RHI: GPU Timing Frequency: 100.000000 (Debug: 2 1)
[2023.06.16-03.02.44:958][  0]LogTargetPlatformManager: Display: Loaded TargetPlatform 'AllDesktop'
[2023.06.16-03.02.44:974][  0]LogTargetPlatformManager: Display: Loaded TargetPlatform 'Android'
[2023.06.16-03.02.44:974][  0]LogTargetPlatformManager: Display: Loaded TargetPlatform 'Android_ASTC'
[2023.06.16-03.02.44:974][  0]LogTargetPlatformManager: Display: Loaded TargetPlatform 'Android_DXT'
[2023.06.16-03.02.44:974][  0]LogTargetPlatformManager: Display: Loaded TargetPlatform 'Android_ETC2'
[2023.06.16-03.02.44:974][  0]LogTargetPlatformManager: Display: Loaded TargetPlatform 'AndroidClient'
[2023.06.16-03.02.44:974][  0]LogTargetPlatformManager: Display: Loaded TargetPlatform 'Android_ASTCClient'
[2023.06.16-03.02.44:974][  0]LogTargetPlatformManager: Display: Loaded TargetPlatform 'Android_DXTClient'
[2023.06.16-03.02.44:974][  0]LogTargetPlatformManager: Display: Loaded TargetPlatform 'Android_ETC2Client'
[2023.06.16-03.02.44:974][  0]LogTargetPlatformManager: Display: Loaded TargetPlatform 'Android_Multi'
[2023.06.16-03.02.44:974][  0]LogTargetPlatformManager: Display: Loaded TargetPlatform 'Android_MultiClient'
[2023.06.16-03.02.44:990][  0]LogTargetPlatformManager: Display: Loaded TargetPlatform 'IOSClient'
[2023.06.16-03.02.44:990][  0]LogTargetPlatformManager: Display: Loaded TargetPlatform 'IOS'
[2023.06.16-03.02.44:999][  0]LogTargetPlatformManager: Display: Loaded TargetPlatform 'Linux'
[2023.06.16-03.02.45:002][  0]LogTargetPlatformManager: Display: Loaded TargetPlatform 'LinuxNoEditor'
[2023.06.16-03.02.45:005][  0]LogTargetPlatformManager: Display: Loaded TargetPlatform 'LinuxClient'
[2023.06.16-03.02.45:008][  0]LogTargetPlatformManager: Display: Loaded TargetPlatform 'LinuxServer'
[2023.06.16-03.02.45:017][  0]LogTargetPlatformManager: Display: Loaded TargetPlatform 'LinuxAArch64NoEditor'
[2023.06.16-03.02.45:020][  0]LogTargetPlatformManager: Display: Loaded TargetPlatform 'LinuxAArch64Client'
[2023.06.16-03.02.45:022][  0]LogTargetPlatformManager: Display: Loaded TargetPlatform 'LinuxAArch64Server'
[2023.06.16-03.02.45:047][  0]LogTargetPlatformManager: Display: Loaded TargetPlatform 'Lumin'
[2023.06.16-03.02.45:047][  0]LogTargetPlatformManager: Display: Loaded TargetPlatform 'LuminClient'
[2023.06.16-03.02.45:054][  0]LogTargetPlatformManager: Display: Loaded TargetPlatform 'MacNoEditor'
[2023.06.16-03.02.45:058][  0]LogTargetPlatformManager: Display: Loaded TargetPlatform 'Mac'
[2023.06.16-03.02.45:061][  0]LogTargetPlatformManager: Display: Loaded TargetPlatform 'MacClient'
[2023.06.16-03.02.45:064][  0]LogTargetPlatformManager: Display: Loaded TargetPlatform 'MacServer'
[2023.06.16-03.02.45:073][  0]LogTargetPlatformManager: Display: Loaded TargetPlatform 'TVOSClient'
[2023.06.16-03.02.45:073][  0]LogTargetPlatformManager: Display: Loaded TargetPlatform 'TVOS'
[2023.06.16-03.02.45:081][  0]LogTargetPlatformManager: Display: Loaded TargetPlatform 'WindowsNoEditor'
[2023.06.16-03.02.45:085][  0]LogTargetPlatformManager: Display: Loaded TargetPlatform 'Windows'
[2023.06.16-03.02.45:089][  0]LogTargetPlatformManager: Display: Loaded TargetPlatform 'WindowsClient'
[2023.06.16-03.02.45:092][  0]LogTargetPlatformManager: Display: Loaded TargetPlatform 'WindowsServer'
[2023.06.16-03.02.45:092][  0]LogTargetPlatformManager: Display: Building Assets For Windows
[2023.06.16-03.02.45:098][  0]LogAudioDebug: Display: Lib vorbis DLL was dynamically loaded.
[2023.06.16-03.02.45:141][  0]LogTextureFormatOodle: Display: Oodle Texture 2.9.0 init RDO Off
[2023.06.16-03.02.45:169][  0]LogRendererCore: Ray tracing is disabled. Reason: r.RayTracing=0.
[2023.06.16-03.02.45:169][  0]LogShaderCompilers: Guid format shader working directory is -11 characters bigger than the processId version (../../../../../School/Unreal Engine/TreasureChase/TreasureChase/Intermediate/Shaders/WorkingDirectory/98548/).
[2023.06.16-03.02.45:169][  0]LogShaderCompilers: Cleaned the shader compiler working directory 'C:/Users/George Edmon/AppData/Local/Temp/UnrealShaderWorkingDir/CC283E724AF1263B1F252985F9387149/'.
[2023.06.16-03.02.45:169][  0]LogXGEController: Cannot use XGE Controller as Incredibuild is not installed on this machine.
[2023.06.16-03.02.45:169][  0]LogShaderCompilers: Cannot use XGE Shader Compiler as Incredibuild is not installed on this machine.
[2023.06.16-03.02.45:169][  0]LogShaderCompilers: Display: Using Local Shader Compiler.
[2023.06.16-03.02.45:662][  0]LogDerivedDataCache: Display: Max Cache Size: 512 MB
[2023.06.16-03.02.45:708][  0]LogDerivedDataCache: Loaded boot cache 0.05s 94MB C:/Users/George Edmon/AppData/Local/UnrealEngine/4.27/DerivedDataCache/Boot.ddc.
[2023.06.16-03.02.45:708][  0]LogDerivedDataCache: Display: Loaded Boot cache: C:/Users/George Edmon/AppData/Local/UnrealEngine/4.27/DerivedDataCache/Boot.ddc
[2023.06.16-03.02.45:708][  0]LogDerivedDataCache: FDerivedDataBackendGraph:  Pak pak cache file ../../../../../School/Unreal Engine/TreasureChase/TreasureChase/DerivedDataCache/DDC.ddp not found, will not use a pak cache.
[2023.06.16-03.02.45:708][  0]LogDerivedDataCache: Unable to find inner node Pak for hierarchical cache Hierarchy.
[2023.06.16-03.02.45:708][  0]LogDerivedDataCache: FDerivedDataBackendGraph:  CompressedPak pak cache file ../../../../../School/Unreal Engine/TreasureChase/TreasureChase/DerivedDataCache/Compressed.ddp not found, will not use a pak cache.
[2023.06.16-03.02.45:708][  0]LogDerivedDataCache: Unable to find inner node CompressedPak for hierarchical cache Hierarchy.
[2023.06.16-03.02.45:719][  0]LogDerivedDataCache: Display: Pak cache opened for reading ../../../Engine/DerivedDataCache/Compressed.ddp.
[2023.06.16-03.02.45:719][  0]LogDerivedDataCache: FDerivedDataBackendGraph:  EnterprisePak pak cache file ../../../Enterprise/DerivedDataCache/Compressed.ddp not found, will not use a pak cache.
[2023.06.16-03.02.45:719][  0]LogDerivedDataCache: Unable to find inner node EnterprisePak for hierarchical cache Hierarchy.
[2023.06.16-03.02.45:723][  0]LogDerivedDataCache: Speed tests for C:/Users/George Edmon/AppData/Local/UnrealEngine/Common/DerivedDataCache took 0.00 seconds
[2023.06.16-03.02.45:723][  0]LogDerivedDataCache: Display: Performance to C:/Users/George Edmon/AppData/Local/UnrealEngine/Common/DerivedDataCache: Latency=0.01ms. RandomReadSpeed=2037.00MBs, RandomWriteSpeed=288.31MBs. Assigned SpeedClass 'Local'
[2023.06.16-03.02.45:724][  0]LogDerivedDataCache: Using Local data cache path C:/Users/George Edmon/AppData/Local/UnrealEngine/Common/DerivedDataCache: Writable
[2023.06.16-03.02.45:724][  0]LogDerivedDataCache: Shared data cache path not found in *engine.ini, will not use an Shared cache.
[2023.06.16-03.02.45:724][  0]LogDerivedDataCache: Unable to find inner node Shared for hierarchical cache Hierarchy.
[2023.06.16-03.02.45:753][  0]LogSlate: Using FreeType 2.10.0
[2023.06.16-03.02.45:754][  0]LogSlate: SlateFontServices - WITH_FREETYPE: 1, WITH_HARFBUZZ: 1
[2023.06.16-03.02.45:772][  0]LogAssetRegistry: FAssetRegistry took 0.0018 seconds to start up
[2023.06.16-03.02.45:924][  0]LogInit: Selected Device Profile: [Windows]
[2023.06.16-03.02.45:924][  0]LogInit: Active device profile: [00000193290C9400][000001931B95B300 49] Windows
[2023.06.16-03.02.45:924][  0]LogInit: Profiles: [00000193290C9400][000001931B95B300 49] Windows, [0000019328E7AA00][0000019327DA1480 49] WindowsNoEditor, [00000193298BFF00][0000019327DB5600 49] WindowsServer, [00000193290C8100][0000019327DB9780 49] WindowsClient, [0000019328E7BE00][00000193278BF900 49] IOS, [00000193298BC200][00000193278F7A80 49] iPadAir, [0000019328E78600][00000193278FBC00 49] iPadAir2, [0000019329790100][0000019327902340 49] IPadPro, [0000019329790200][00000193278FE380 49] iPadAir3, [00000193298BC100][0000019327906500 49] iPadAir4, [0000019329792D00][000001932790A680 49] iPadMini2, [00000193298BF900][000001932718A7C0 49] iPadMini3, [0000019329790F00][000001932790E900 49] iPadMini4, [0000019328E78500][0000019327912A40 49] iPadMini5, [0000019329697A00][000001932791ECC0 49] iPhone6, [0000019329697B00][0000019327916D00 49] iPodTouch6, [0000019329791800][0000019327966FC0 49] iPhone7, [0000019329791C00][0000019327923000 49] iPodTouch7, [0000019329694300][0000019327973180 49] iPhone5S, [00000193298BF400][0000019327977300 49] iPhone6Plus, [0000019329791000][000001932797B480 49] iPhone6S, [00000193298BCF00][000001932797F600 49] iPhone6SPlus, [0000019329790B00][0000019327983780 49] iPhone7Plus, [00000193298BF000][0000019327987900 49] iPhoneSE, [0000019329793F00][000001932798BA80 49] iPhone8, [00000193298BEE00][000001932798FC00 49] iPhone8Plus, [0000019329791B00][0000019327992200 49] iPhoneX, [00000193298BC300][0000019327996380 49] iPhoneXS, [0000019329790700][000001932799A500 49] iPhoneXSMax, [00000193298BE700][000001932799E680 49] iPhoneXR, [0000019329791E00][00000193279A2800 49] iPhone11, [00000193298BE000][000001932791A940 49] iPhone11Pro, [0000019329792400][00000193279AAA80 49] iPhone11ProMax, [00000193298BD600][00000193271F4BC0 49] iPhoneSE2, [0000019329790600][000001932723AD00 49] iPhone12Mini, [00000193298BE200][0000019327242E80 49] iPhone12, [0000019329792600][000001932724B000 49] iPhone12Pro, [00000193298BD100][000001932727F180 49] iPhone12ProMax, [0000019329793900][00000193272B7300 49] iPadPro105, [00000193298BC400][000001932731D480 49] iPadPro129, [0000019329790D00][00000193273E9600 49] iPadPro97, [00000193298BD800][00000193273ED780 49] iPadPro2_129, [0000019329790800][00000193273F1900 49] iPad5, [00000193298BC700][00000193273F5A80 49] iPad6, [0000019329791A00][00000193273F9C00 49] iPad7, [00000193298BED00][00000193273FC200 49] iPad8, [0000019329791500][0000019327400380 49] iPadPro11, [00000193298BC900][0000019327404500 49] iPadPro2_11, [0000019329790500][0000019327408680 49] iPadPro3_129, [00000193298BF300][000001932740C800 49] iPadPro4_129, [0000019329792800][0000019327410980 49] AppleTV, [00000193298BCB00][0000019327414B00 49] AppleTV4K, [0000019329790E00][000001932723EC40 49] TVOS, [00000193298BE800][0000019327418D80 49] Mac, [0000019329792900][000001932741CEC0 49] MacClient, [00000193298BD200][0000019327425040 49] MacNoEditor, [0000019329793B00][00000193274291C0 49] MacServer, [00000193298BC500][000001932742D340 49] Linux, [0000019329793800][00000193274314C0 49] LinuxAArch64, [00000193298BC600][0000019327435640 49] LinuxNoEditor, [0000019329791F00][00000193274397C0 49] LinuxAArch64NoEditor, [00000193298BFC00][000001932743D940 49] LinuxClient, [0000019329791400][0000019327441AC0 49] LinuxAArch64Client, [00000193298BE500][00000193274440C0 49] LinuxServer, [0000019329792100][0000019327448240 49] LinuxAArch64Server, [00000193298BF600][000001932744C3C0 49] Android, [0000019329793300][0000019327450540 49] Android_Low, [00000193290C9800][00000193274546C0 49] Android_Mid, [0000019329695E00][0000019327458840 49] Android_High, [00000193290C9A00][000001932745C9C0 49] Android_Default, [0000019329696000][0000019327460B40 49] Android_Adreno4xx, [00000193290CAE00][0000019327464CC0 49] Android_Adreno5xx_Low, [0000019329696300][0000019327420E00 49] Android_Adreno5xx, [00000193290C9600][0000019327468F40 49] Android_Adreno6xx, [0000019329695F00][000001932746D080 49] Android_Adreno6xx_Vulkan, [00000193290CB400][00000193274711C0 49] Android_Mali_T6xx, [0000019329697E00][0000019327479340 49] Android_Mali_T7xx, [00000193290CB600][000001932747D4C0 49] Android_Mali_T8xx, [0000019329694400][0000019327481640 49] Android_Mali_G71, [00000193290C8600][00000193274857C0 49] Android_Mali_G72, [0000019329696400][0000019327489940 49] Android_Mali_G72_Vulkan, [00000193290CA200][000001932748DAC0 49] Android_Mali_G76, [0000019329695B00][00000193274900C0 49] Android_Mali_G76_Vulkan, [00000193290C8D00][0000019327494240 49] Android_Mali_G77, [0000019329697800][00000193274983C0 49] Android_Mali_G77_Vulkan, [00000193290C9000][000001932749C540 49] Android_Mali_G78, [0000019329694900][00000193274A06C0 49] Android_Mali_G78_Vulkan, [00000193290CA600][00000193274A4840 49] Android_Mali_G710, [0000019329694200][00000193274A89C0 49] Android_Mali_G710_Vulkan, [00000193290C9300][00000193274ACB40 49] Android_Vulkan_SM5, [0000019329695800][00000193274B0CC0 49] Android_PowerVR_G6xxx, [00000193290CAB00][00000193274B4E40 49] Android_PowerVR_GT7xxx, [0000019329792B00][0000019327474F80 49] Android_PowerVR_GE8xxx, [00000193290C8500][00000193274B90C0 49] Android_PowerVR_GM9xxx, [0000019329791D00][00000193274BD200 49] Android_PowerVR_GM9xxx_Vulkan, [00000193290C8C00][00000193274C1340 49] Android_TegraK1, [0000019329793600][00000193274C94C0 49] Android_Unknown_Vulkan, [00000193290CB700][00000193274CD640 49] Lumin, [0000019329792000][00000193274D17C0 49] Lumin_Desktop, [00000193290CA500][00000193274D5940 49] HoloLens, 
[2023.06.16-03.02.46:151][  0]LogMeshReduction: Using QuadricMeshReduction for automatic static mesh reduction
[2023.06.16-03.02.46:151][  0]LogMeshReduction: Using SimplygonMeshReduction for automatic skeletal mesh reduction
[2023.06.16-03.02.46:151][  0]LogMeshReduction: Using ProxyLODMeshReduction for automatic mesh merging
[2023.06.16-03.02.46:151][  0]LogMeshReduction: No distributed automatic mesh merging module available
[2023.06.16-03.02.46:151][  0]LogMeshMerging: No distributed automatic mesh merging module available
[2023.06.16-03.02.46:160][  0]LogNetVersion: TreasureChase 1.0.0, NetCL: 17155196, EngineNetVer: 17, GameNetVer: 0 (Checksum: 1503744437)
[2023.06.16-03.02.46:399][  0]LogTexture: Default maximum texture size for cubemaps generated from long-lat sources has been changed from 512 to unlimited. In order to preserve old behaiour for '/Engine/MapTemplates/Sky/DaylightAmbientCubemap.DaylightAmbientCubemap', its maximum texture size has been explicitly set to 512.
[2023.06.16-03.02.46:433][  0]LogHMD: PokeAHoleMaterial loaded successfully
[2023.06.16-03.02.46:437][  0]LogUObjectArray: 17178 objects as part of root set at end of initial load.
[2023.06.16-03.02.46:437][  0]LogUObjectAllocator: 4302048 out of 0 bytes used by permanent object pool.
[2023.06.16-03.02.46:437][  0]LogUObjectArray: CloseDisregardForGC: 0/0 objects in disregard for GC pool
[2023.06.16-03.02.46:846][  0]LogPython: Using Python 3.7.7
[2023.06.16-03.02.47:223][  0]LogTcpMessaging: Initializing TcpMessaging bridge
[2023.06.16-03.02.47:280][  0]LogUdpMessaging: Initializing bridge on interface 0.0.0.0:0 to multicast group 230.0.0.1:6666.
[2023.06.16-03.02.47:294][  0]LogNiagaraDebuggerClient: Niagara Debugger Client Initialized | Session: AAB9E65F4D6AC3CED193C6BEEBFCAD46 | Instance: 49237F31452454C02B346086061002DF (EXODIA-98548).
[2023.06.16-03.02.47:603][  0]LogOpenImageDenoise: OIDN starting up
[2023.06.16-03.02.47:620][  0]SourceControl: Source control is disabled
[2023.06.16-03.02.47:620][  0]SourceControl: Source control is disabled
[2023.06.16-03.02.47:622][  0]SourceControl: Source control is disabled
[2023.06.16-03.02.47:629][  0]SourceControl: Source control is disabled
[2023.06.16-03.02.47:630][  0]SourceControl: Source control is disabled
[2023.06.16-03.02.47:632][  0]LogUProjectInfo: Found projects:
[2023.06.16-03.02.47:689][  0]LogAndroidPermission: UAndroidPermissionCallbackProxy::GetInstance
[2023.06.16-03.02.47:710][  0]LogAudioCaptureCore: Display: No Audio Capture implementations found. Audio input will be silent.
[2023.06.16-03.02.47:710][  0]LogAudioCaptureCore: Display: No Audio Capture implementations found. Audio input will be silent.
[2023.06.16-03.02.47:773][  0]LogCollectionManager: Loaded 0 collections in 0.000972 seconds
[2023.06.16-03.02.48:048][  0]LogFileCache: Scanning file cache for directory 'D:/School/Unreal Engine/TreasureChase/TreasureChase/Saved/Collections/' took 0.06s
[2023.06.16-03.02.48:048][  0]LogFileCache: Scanning file cache for directory 'D:/School/Unreal Engine/TreasureChase/TreasureChase/Content/Developers/GeorgeEdmon/Collections/' took 0.06s
[2023.06.16-03.02.48:048][  0]LogFileCache: Scanning file cache for directory 'D:/School/Unreal Engine/TreasureChase/TreasureChase/Content/Collections/' took 0.00s
[2023.06.16-03.02.48:070][  0]LogOcInput: OculusInput pre-init called
[2023.06.16-03.02.48:228][  0]LogEngine: Initializing Engine...
[2023.06.16-03.02.48:230][  0]LogHMD: Failed to enumerate extensions. Please check that you have a valid OpenXR runtime installed.
[2023.06.16-03.02.48:230][  0]LogHMD: Failed to initialize OpenVR with code 110
[2023.06.16-03.02.48:230][  0]LogMagicLeap: Warning: VR disabled because ZI is not enabled.  To enable, in the editor, Edit -> Project Settings -> Plugins -> Magic Leap Plugin -> Enable Zero Iteration
[2023.06.16-03.02.48:231][  0]LogStats: UGameplayTagsManager::InitializeManager -  0.000 s
[2023.06.16-03.02.48:309][  0]LogInit: Initializing FReadOnlyCVARCache
[2023.06.16-03.02.48:314][  0]LogAIModule: Creating AISystem for world Untitled
[2023.06.16-03.02.48:315][  0]LogAudio: Display: Initializing Audio Device Manager...
[2023.06.16-03.02.48:317][  0]LogAudio: Display: Loading Default Audio Settings Objects...
[2023.06.16-03.02.48:317][  0]LogAudio: Display: No default SoundConcurrencyObject specified (or failed to load).
[2023.06.16-03.02.48:318][  0]LogAudio: Display: Audio Device Manager Initialized
[2023.06.16-03.02.48:318][  0]LogAudio: Display: Creating Audio Device:                 Id: 1, Scope: Shared, Realtime: True
[2023.06.16-03.02.48:318][  0]LogAudioMixer: Display: Audio Mixer Platform Settings:
[2023.06.16-03.02.48:318][  0]LogAudioMixer: Display: 	Sample Rate:						  48000
[2023.06.16-03.02.48:318][  0]LogAudioMixer: Display: 	Callback Buffer Frame Size Requested: 1024
[2023.06.16-03.02.48:318][  0]LogAudioMixer: Display: 	Callback Buffer Frame Size To Use:	  1024
[2023.06.16-03.02.48:318][  0]LogAudioMixer: Display: 	Number of buffers to queue:			  2
[2023.06.16-03.02.48:318][  0]LogAudioMixer: Display: 	Max Channels (voices):				  32
[2023.06.16-03.02.48:318][  0]LogAudioMixer: Display: 	Number of Async Source Workers:		  0
[2023.06.16-03.02.48:318][  0]LogAudio: Display: AudioDevice MaxSources: 32
[2023.06.16-03.02.48:318][  0]LogAudio: Display: Audio Spatialization Plugin: None (built-in).
[2023.06.16-03.02.48:318][  0]LogAudio: Display: Audio Reverb Plugin: None (built-in).
[2023.06.16-03.02.48:318][  0]LogAudio: Display: Audio Occlusion Plugin: None (built-in).
[2023.06.16-03.02.48:318][  0]LogAudioMixer: Display: Initializing audio mixer.
[2023.06.16-03.02.48:334][  0]LogAudioMixer: Display: 0: FrontLeft
[2023.06.16-03.02.48:334][  0]LogAudioMixer: Display: 1: FrontRight
[2023.06.16-03.02.48:341][  0]LogAudioMixer: Display: Using Audio Device Speakers (Realtek(R) Audio)
[2023.06.16-03.02.48:343][  0]LogAudioMixer: Display: Initializing Sound Submixes...
[2023.06.16-03.02.48:345][  0]LogAudioMixer: Display: Creating Master Submix 'MasterSubmixDefault'
[2023.06.16-03.02.48:345][  0]LogAudioMixer: Display: Creating Master Submix 'MasterReverbSubmixDefault'
[2023.06.16-03.02.48:345][  0]LogAudioMixer: Display: Creating Master Submix 'MasterEQSubmixDefault'
[2023.06.16-03.02.48:345][  0]LogAudioMixer: FMixerPlatformXAudio2::StartAudioStream() called
[2023.06.16-03.02.48:345][  0]LogAudioMixer: Display: Output buffers initialized: Frames=1024, Channels=2, Samples=2048
[2023.06.16-03.02.48:346][  0]LogAudioMixer: Display: Starting AudioMixerPlatformInterface::RunInternal()
[2023.06.16-03.02.48:346][  0]LogAudioMixer: Display: FMixerPlatformXAudio2::SubmitBuffer() called for the first time
[2023.06.16-03.02.48:346][  0]LogInit: FAudioDevice initialized.
[2023.06.16-03.02.48:346][  0]LogAudio: Display: Audio Device (ID: 1) registered with world 'Untitled'.
[2023.06.16-03.02.48:346][  0]LogNetVersion: Set ProjectVersion to 1.0.0.0. Version Checksum will be recalculated on next use.
[2023.06.16-03.02.48:380][  0]LogDerivedDataCache: Saved boot cache 0.04s 94MB C:/Users/George Edmon/AppData/Local/UnrealEngine/4.27/DerivedDataCache/Boot.ddc.
[2023.06.16-03.02.48:382][  0]LogInit: Texture streaming: Enabled
[2023.06.16-03.02.48:392][  0]LogAnalytics: Display: [UEEditor.Rocket.Release] APIServer = https://datarouter.ol.epicgames.com/. AppVersion = 4.27.2-18319896+++UE4+Release-4.27
[2023.06.16-03.02.48:394][  0]LogEngineSessionManager: EngineSessionManager initialized
[2023.06.16-03.02.48:394][  0]LogEditorSessionSummary: Verbose: Initializing EditorSessionSummaryWriter for editor session tracking
[2023.06.16-03.02.48:395][  0]LogEditorSessionSummary: EditorSessionSummaryWriter initialized
[2023.06.16-03.02.48:416][  0]LogInit: Transaction tracking system initialized
[2023.06.16-03.02.48:432][  0]BlueprintLog: New page: Editor Load
[2023.06.16-03.02.48:511][  0]LocalizationService: Localization service is disabled
[2023.06.16-03.02.48:534][  0]TimingProfiler: Initialize
[2023.06.16-03.02.48:534][  0]TimingProfiler: OnSessionChanged
[2023.06.16-03.02.48:534][  0]LoadingProfiler: Initialize
[2023.06.16-03.02.48:534][  0]LoadingProfiler: OnSessionChanged
[2023.06.16-03.02.48:534][  0]NetworkingProfiler: Initialize
[2023.06.16-03.02.48:534][  0]NetworkingProfiler: OnSessionChanged
[2023.06.16-03.02.48:534][  0]MemoryProfiler: Initialize
[2023.06.16-03.02.48:534][  0]MemoryProfiler: OnSessionChanged
[2023.06.16-03.02.48:811][  0]LogCook: Display: CookSettings for Memory: MemoryMaxUsedVirtual 0MiB, MemoryMaxUsedPhysical 16384MiB, MemoryMinFreeVirtual 0MiB, MemoryMinFreePhysical 1024MiB
[2023.06.16-03.02.48:811][  0]LogCook: Display: Mobile HDR setting 1
[2023.06.16-03.02.48:937][  0]LogFileCache: Scanning file cache for directory 'D:/School/Unreal Engine/TreasureChase/TreasureChase/Content/' took 0.00s
[2023.06.16-03.02.49:058][  0]LogInit: Display: Engine is initialized. Leaving FEngineLoop::Init()
[2023.06.16-03.02.49:063][  0]SourceControl: Source control is disabled
[2023.06.16-03.02.49:063][  0]LogUnrealEdMisc: Loading editor; pre map load, took 6.477
[2023.06.16-03.02.49:063][  0]Cmd: MAP LOAD FILE="../../../Engine/Content/Maps/Templates/Template_Default.umap" TEMPLATE=1 SHOWPROGRESS=1 FEATURELEVEL=3
[2023.06.16-03.02.49:064][  0]LightingResults: New page: Lighting Build
[2023.06.16-03.02.49:064][  0]LogWorld: UWorld::CleanupWorld for Untitled, bSessionEnded=true, bCleanupResources=true
[2023.06.16-03.02.49:064][  0]LogSlate: InvalidateAllWidgets triggered.  All widgets were invalidated
[2023.06.16-03.02.49:064][  0]MapCheck: New page: Map Check
[2023.06.16-03.02.49:064][  0]LightingResults: New page: Lighting Build
[2023.06.16-03.02.49:071][  0]LogAudio: Display: Audio Device unregistered from world 'None'.
[2023.06.16-03.02.49:072][  0]LogUObjectHash: Compacting FUObjectHashTables data took   0.46ms
[2023.06.16-03.02.49:099][  0]LogTexture: Display: Building textures: DeprecatedTextureEB9CBE3C423008B5E8E130901E171C89 (BGRA8, 128X128)
[2023.06.16-03.02.49:104][  0]LogAudio: Display: Audio Device (ID: 1) registered with world 'Untitled_1'.
[2023.06.16-03.02.49:104][  0]LogAIModule: Creating AISystem for world Untitled_1
[2023.06.16-03.02.49:109][  0]LogEditorServer: Finished looking for orphan Actors (0.000 secs)
[2023.06.16-03.02.49:116][  0]LogUObjectHash: Compacting FUObjectHashTables data took   0.48ms
[2023.06.16-03.02.49:116][  0]Cmd: MAP CHECKDEP NOCLEARLOG
[2023.06.16-03.02.49:117][  0]MapCheck: Map check complete: 0 Error(s), 0 Warning(s), took 0.346ms to complete.
[2023.06.16-03.02.49:117][  0]LogFileHelpers: Loading map 'Template_Default' took 0.053
[2023.06.16-03.02.49:118][  0]LogUnrealEdMisc: Total Editor Startup Time, took 6.532
[2023.06.16-03.02.49:209][  0]LogSlate: Updating window title bar state: overlay mode, drag disabled, window buttons hidden, title bar hidden
[2023.06.16-03.02.49:212][  0]LogSlate: Updating window title bar state: overlay mode, drag disabled, window buttons hidden, title bar hidden
[2023.06.16-03.02.49:215][  0]LogSlate: Updating window title bar state: overlay mode, drag disabled, window buttons hidden, title bar hidden
[2023.06.16-03.02.49:218][  0]LogSlate: Updating window title bar state: overlay mode, drag disabled, window buttons hidden, title bar hidden
[2023.06.16-03.02.49:226][  0]LogNativeClassHierarchy: Verbose: Native class hierarchy populated in 0.0058 seconds. Added 3822 classes and 928 folders.
[2023.06.16-03.02.49:227][  0]LogNativeClassHierarchy: Verbose: Native class hierarchy updated for 'WidgetCarousel' in 0.0002 seconds. Added 0 classes and 0 folders.
[2023.06.16-03.02.49:230][  0]LogPakFile: PakFile PrimaryIndexSize=191
[2023.06.16-03.02.49:230][  0]LogPakFile: PakFile PathHashIndexSize=101
[2023.06.16-03.02.49:230][  0]LogPakFile: PakFile FullDirectoryIndexSize=160
[2023.06.16-03.02.49:230][  0]LogShaderLibrary: Display: ShaderCodeLibraryPakFileMountedCallback: PakFile 'D:/Epic Games/UE_4.27/FeaturePacks/MobileStarterContent.upack' (chunk index -1, root 'root:/') mounted
[2023.06.16-03.02.49:230][  0]LogShaderLibrary: Display: ShaderCodeLibraryPakFileMountedCallback: pending pak file info (ChunkID:-1 Root:root:/ File:D:/Epic Games/UE_4.27/FeaturePacks/MobileStarterContent.upack)
[2023.06.16-03.02.49:230][  0]LogPakFile: OnPakFileMounted2Time == 0.000035
[2023.06.16-03.02.49:230][  0]LogPakFile: PakFile PrimaryIndexSize=185
[2023.06.16-03.02.49:230][  0]LogPakFile: PakFile PathHashIndexSize=101
[2023.06.16-03.02.49:230][  0]LogPakFile: PakFile FullDirectoryIndexSize=148
[2023.06.16-03.02.49:230][  0]LogShaderLibrary: Display: ShaderCodeLibraryPakFileMountedCallback: PakFile 'D:/Epic Games/UE_4.27/FeaturePacks/StarterContent.upack' (chunk index -1, root 'root:/') mounted
[2023.06.16-03.02.49:230][  0]LogShaderLibrary: Display: ShaderCodeLibraryPakFileMountedCallback: pending pak file info (ChunkID:-1 Root:root:/ File:D:/Epic Games/UE_4.27/FeaturePacks/StarterContent.upack)
[2023.06.16-03.02.49:230][  0]LogPakFile: OnPakFileMounted2Time == 0.000022
[2023.06.16-03.02.49:232][  0]LogPakFile: PakFile PrimaryIndexSize=187
[2023.06.16-03.02.49:232][  0]LogPakFile: PakFile PathHashIndexSize=101
[2023.06.16-03.02.49:232][  0]LogPakFile: PakFile FullDirectoryIndexSize=148
[2023.06.16-03.02.49:232][  0]LogShaderLibrary: Display: ShaderCodeLibraryPakFileMountedCallback: PakFile 'D:/Epic Games/UE_4.27/FeaturePacks/FP_FirstPerson.upack' (chunk index -1, root 'root:/') mounted
[2023.06.16-03.02.49:232][  0]LogShaderLibrary: Display: ShaderCodeLibraryPakFileMountedCallback: pending pak file info (ChunkID:-1 Root:root:/ File:D:/Epic Games/UE_4.27/FeaturePacks/FP_FirstPerson.upack)
[2023.06.16-03.02.49:232][  0]LogPakFile: OnPakFileMounted2Time == 0.000028
[2023.06.16-03.02.49:233][  0]LogPakFile: PakFile PrimaryIndexSize=189
[2023.06.16-03.02.49:233][  0]LogPakFile: PakFile PathHashIndexSize=101
[2023.06.16-03.02.49:233][  0]LogPakFile: PakFile FullDirectoryIndexSize=152
[2023.06.16-03.02.49:233][  0]LogShaderLibrary: Display: ShaderCodeLibraryPakFileMountedCallback: PakFile 'D:/Epic Games/UE_4.27/FeaturePacks/FP_FirstPersonBP.upack' (chunk index -1, root 'root:/') mounted
[2023.06.16-03.02.49:233][  0]LogShaderLibrary: Display: ShaderCodeLibraryPakFileMountedCallback: pending pak file info (ChunkID:-1 Root:root:/ File:D:/Epic Games/UE_4.27/FeaturePacks/FP_FirstPersonBP.upack)
[2023.06.16-03.02.49:233][  0]LogPakFile: OnPakFileMounted2Time == 0.000020
[2023.06.16-03.02.49:234][  0]LogPakFile: PakFile PrimaryIndexSize=190
[2023.06.16-03.02.49:234][  0]LogPakFile: PakFile PathHashIndexSize=101
[2023.06.16-03.02.49:234][  0]LogPakFile: PakFile FullDirectoryIndexSize=154
[2023.06.16-03.02.49:234][  0]LogShaderLibrary: Display: ShaderCodeLibraryPakFileMountedCallback: PakFile 'D:/Epic Games/UE_4.27/FeaturePacks/TP_2DSideScroller.upack' (chunk index -1, root 'root:/') mounted
[2023.06.16-03.02.49:234][  0]LogShaderLibrary: Display: ShaderCodeLibraryPakFileMountedCallback: pending pak file info (ChunkID:-1 Root:root:/ File:D:/Epic Games/UE_4.27/FeaturePacks/TP_2DSideScroller.upack)
[2023.06.16-03.02.49:234][  0]LogPakFile: OnPakFileMounted2Time == 0.000019
[2023.06.16-03.02.49:234][  0]LogPakFile: PakFile PrimaryIndexSize=192
[2023.06.16-03.02.49:234][  0]LogPakFile: PakFile PathHashIndexSize=101
[2023.06.16-03.02.49:234][  0]LogPakFile: PakFile FullDirectoryIndexSize=158
[2023.06.16-03.02.49:234][  0]LogShaderLibrary: Display: ShaderCodeLibraryPakFileMountedCallback: PakFile 'D:/Epic Games/UE_4.27/FeaturePacks/TP_2DSideScrollerBP.upack' (chunk index -1, root 'root:/') mounted
[2023.06.16-03.02.49:234][  0]LogShaderLibrary: Display: ShaderCodeLibraryPakFileMountedCallback: pending pak file info (ChunkID:-1 Root:root:/ File:D:/Epic Games/UE_4.27/FeaturePacks/TP_2DSideScrollerBP.upack)
[2023.06.16-03.02.49:234][  0]LogPakFile: OnPakFileMounted2Time == 0.000017
[2023.06.16-03.02.49:235][  0]LogPakFile: PakFile PrimaryIndexSize=182
[2023.06.16-03.02.49:235][  0]LogPakFile: PakFile PathHashIndexSize=101
[2023.06.16-03.02.49:235][  0]LogPakFile: PakFile FullDirectoryIndexSize=138
[2023.06.16-03.02.49:235][  0]LogShaderLibrary: Display: ShaderCodeLibraryPakFileMountedCallback: PakFile 'D:/Epic Games/UE_4.27/FeaturePacks/TP_Flying.upack' (chunk index -1, root 'root:/') mounted
[2023.06.16-03.02.49:235][  0]LogShaderLibrary: Display: ShaderCodeLibraryPakFileMountedCallback: pending pak file info (ChunkID:-1 Root:root:/ File:D:/Epic Games/UE_4.27/FeaturePacks/TP_Flying.upack)
[2023.06.16-03.02.49:235][  0]LogPakFile: OnPakFileMounted2Time == 0.000018
[2023.06.16-03.02.49:236][  0]LogPakFile: PakFile PrimaryIndexSize=184
[2023.06.16-03.02.49:236][  0]LogPakFile: PakFile PathHashIndexSize=101
[2023.06.16-03.02.49:236][  0]LogPakFile: PakFile FullDirectoryIndexSize=142
[2023.06.16-03.02.49:236][  0]LogShaderLibrary: Display: ShaderCodeLibraryPakFileMountedCallback: PakFile 'D:/Epic Games/UE_4.27/FeaturePacks/TP_FlyingBP.upack' (chunk index -1, root 'root:/') mounted
[2023.06.16-03.02.49:236][  0]LogShaderLibrary: Display: ShaderCodeLibraryPakFileMountedCallback: pending pak file info (ChunkID:-1 Root:root:/ File:D:/Epic Games/UE_4.27/FeaturePacks/TP_FlyingBP.upack)
[2023.06.16-03.02.49:236][  0]LogPakFile: OnPakFileMounted2Time == 0.000017
[2023.06.16-03.02.49:237][  0]LogPakFile: PakFile PrimaryIndexSize=188
[2023.06.16-03.02.49:237][  0]LogPakFile: PakFile PathHashIndexSize=101
[2023.06.16-03.02.49:237][  0]LogPakFile: PakFile FullDirectoryIndexSize=150
[2023.06.16-03.02.49:237][  0]LogShaderLibrary: Display: ShaderCodeLibraryPakFileMountedCallback: PakFile 'D:/Epic Games/UE_4.27/FeaturePacks/TP_HandheldARBP.upack' (chunk index -1, root 'root:/') mounted
[2023.06.16-03.02.49:237][  0]LogShaderLibrary: Display: ShaderCodeLibraryPakFileMountedCallback: pending pak file info (ChunkID:-1 Root:root:/ File:D:/Epic Games/UE_4.27/FeaturePacks/TP_HandheldARBP.upack)
[2023.06.16-03.02.49:237][  0]LogPakFile: OnPakFileMounted2Time == 0.000017
[2023.06.16-03.02.49:237][  0]LogPakFile: PakFile PrimaryIndexSize=182
[2023.06.16-03.02.49:237][  0]LogPakFile: PakFile PathHashIndexSize=101
[2023.06.16-03.02.49:237][  0]LogPakFile: PakFile FullDirectoryIndexSize=138
[2023.06.16-03.02.49:237][  0]LogShaderLibrary: Display: ShaderCodeLibraryPakFileMountedCallback: PakFile 'D:/Epic Games/UE_4.27/FeaturePacks/TP_Puzzle.upack' (chunk index -1, root 'root:/') mounted
[2023.06.16-03.02.49:238][  0]LogShaderLibrary: Display: ShaderCodeLibraryPakFileMountedCallback: pending pak file info (ChunkID:-1 Root:root:/ File:D:/Epic Games/UE_4.27/FeaturePacks/TP_Puzzle.upack)
[2023.06.16-03.02.49:238][  0]LogPakFile: OnPakFileMounted2Time == 0.000018
[2023.06.16-03.02.49:238][  0]LogPakFile: PakFile PrimaryIndexSize=184
[2023.06.16-03.02.49:238][  0]LogPakFile: PakFile PathHashIndexSize=101
[2023.06.16-03.02.49:238][  0]LogPakFile: PakFile FullDirectoryIndexSize=142
[2023.06.16-03.02.49:238][  0]LogShaderLibrary: Display: ShaderCodeLibraryPakFileMountedCallback: PakFile 'D:/Epic Games/UE_4.27/FeaturePacks/TP_PuzzleBP.upack' (chunk index -1, root 'root:/') mounted
[2023.06.16-03.02.49:238][  0]LogShaderLibrary: Display: ShaderCodeLibraryPakFileMountedCallback: pending pak file info (ChunkID:-1 Root:root:/ File:D:/Epic Games/UE_4.27/FeaturePacks/TP_PuzzleBP.upack)
[2023.06.16-03.02.49:238][  0]LogPakFile: OnPakFileMounted2Time == 0.000016
[2023.06.16-03.02.49:239][  0]LogPakFile: PakFile PrimaryIndexSize=183
[2023.06.16-03.02.49:239][  0]LogPakFile: PakFile PathHashIndexSize=101
[2023.06.16-03.02.49:239][  0]LogPakFile: PakFile FullDirectoryIndexSize=140
[2023.06.16-03.02.49:239][  0]LogShaderLibrary: Display: ShaderCodeLibraryPakFileMountedCallback: PakFile 'D:/Epic Games/UE_4.27/FeaturePacks/TP_Rolling.upack' (chunk index -1, root 'root:/') mounted
[2023.06.16-03.02.49:239][  0]LogShaderLibrary: Display: ShaderCodeLibraryPakFileMountedCallback: pending pak file info (ChunkID:-1 Root:root:/ File:D:/Epic Games/UE_4.27/FeaturePacks/TP_Rolling.upack)
[2023.06.16-03.02.49:239][  0]LogPakFile: OnPakFileMounted2Time == 0.000017
[2023.06.16-03.02.49:240][  0]LogPakFile: PakFile PrimaryIndexSize=185
[2023.06.16-03.02.49:240][  0]LogPakFile: PakFile PathHashIndexSize=101
[2023.06.16-03.02.49:240][  0]LogPakFile: PakFile FullDirectoryIndexSize=144
[2023.06.16-03.02.49:240][  0]LogShaderLibrary: Display: ShaderCodeLibraryPakFileMountedCallback: PakFile 'D:/Epic Games/UE_4.27/FeaturePacks/TP_RollingBP.upack' (chunk index -1, root 'root:/') mounted
[2023.06.16-03.02.49:240][  0]LogShaderLibrary: Display: ShaderCodeLibraryPakFileMountedCallback: pending pak file info (ChunkID:-1 Root:root:/ File:D:/Epic Games/UE_4.27/FeaturePacks/TP_RollingBP.upack)
[2023.06.16-03.02.49:240][  0]LogPakFile: OnPakFileMounted2Time == 0.000021
[2023.06.16-03.02.49:240][  0]LogPakFile: PakFile PrimaryIndexSize=188
[2023.06.16-03.02.49:240][  0]LogPakFile: PakFile PathHashIndexSize=101
[2023.06.16-03.02.49:240][  0]LogPakFile: PakFile FullDirectoryIndexSize=150
[2023.06.16-03.02.49:240][  0]LogShaderLibrary: Display: ShaderCodeLibraryPakFileMountedCallback: PakFile 'D:/Epic Games/UE_4.27/FeaturePacks/TP_SideScroller.upack' (chunk index -1, root 'root:/') mounted
[2023.06.16-03.02.49:240][  0]LogShaderLibrary: Display: ShaderCodeLibraryPakFileMountedCallback: pending pak file info (ChunkID:-1 Root:root:/ File:D:/Epic Games/UE_4.27/FeaturePacks/TP_SideScroller.upack)
[2023.06.16-03.02.49:240][  0]LogPakFile: OnPakFileMounted2Time == 0.000017
[2023.06.16-03.02.49:241][  0]LogPakFile: PakFile PrimaryIndexSize=190
[2023.06.16-03.02.49:241][  0]LogPakFile: PakFile PathHashIndexSize=101
[2023.06.16-03.02.49:241][  0]LogPakFile: PakFile FullDirectoryIndexSize=154
[2023.06.16-03.02.49:241][  0]LogShaderLibrary: Display: ShaderCodeLibraryPakFileMountedCallback: PakFile 'D:/Epic Games/UE_4.27/FeaturePacks/TP_SideScrollerBP.upack' (chunk index -1, root 'root:/') mounted
[2023.06.16-03.02.49:241][  0]LogShaderLibrary: Display: ShaderCodeLibraryPakFileMountedCallback: pending pak file info (ChunkID:-1 Root:root:/ File:D:/Epic Games/UE_4.27/FeaturePacks/TP_SideScrollerBP.upack)
[2023.06.16-03.02.49:241][  0]LogPakFile: OnPakFileMounted2Time == 0.000018
[2023.06.16-03.02.49:242][  0]LogPakFile: PakFile PrimaryIndexSize=187
[2023.06.16-03.02.49:242][  0]LogPakFile: PakFile PathHashIndexSize=101
[2023.06.16-03.02.49:242][  0]LogPakFile: PakFile FullDirectoryIndexSize=148
[2023.06.16-03.02.49:242][  0]LogShaderLibrary: Display: ShaderCodeLibraryPakFileMountedCallback: PakFile 'D:/Epic Games/UE_4.27/FeaturePacks/TP_ThirdPerson.upack' (chunk index -1, root 'root:/') mounted
[2023.06.16-03.02.49:242][  0]LogShaderLibrary: Display: ShaderCodeLibraryPakFileMountedCallback: pending pak file info (ChunkID:-1 Root:root:/ File:D:/Epic Games/UE_4.27/FeaturePacks/TP_ThirdPerson.upack)
[2023.06.16-03.02.49:242][  0]LogPakFile: OnPakFileMounted2Time == 0.000018
[2023.06.16-03.02.49:243][  0]LogPakFile: PakFile PrimaryIndexSize=189
[2023.06.16-03.02.49:243][  0]LogPakFile: PakFile PathHashIndexSize=101
[2023.06.16-03.02.49:243][  0]LogPakFile: PakFile FullDirectoryIndexSize=152
[2023.06.16-03.02.49:243][  0]LogShaderLibrary: Display: ShaderCodeLibraryPakFileMountedCallback: PakFile 'D:/Epic Games/UE_4.27/FeaturePacks/TP_ThirdPersonBP.upack' (chunk index -1, root 'root:/') mounted
[2023.06.16-03.02.49:243][  0]LogShaderLibrary: Display: ShaderCodeLibraryPakFileMountedCallback: pending pak file info (ChunkID:-1 Root:root:/ File:D:/Epic Games/UE_4.27/FeaturePacks/TP_ThirdPersonBP.upack)
[2023.06.16-03.02.49:243][  0]LogPakFile: OnPakFileMounted2Time == 0.000018
[2023.06.16-03.02.49:243][  0]LogPakFile: PakFile PrimaryIndexSize=183
[2023.06.16-03.02.49:243][  0]LogPakFile: PakFile PathHashIndexSize=101
[2023.06.16-03.02.49:243][  0]LogPakFile: PakFile FullDirectoryIndexSize=140
[2023.06.16-03.02.49:244][  0]LogShaderLibrary: Display: ShaderCodeLibraryPakFileMountedCallback: PakFile 'D:/Epic Games/UE_4.27/FeaturePacks/TP_TopDown.upack' (chunk index -1, root 'root:/') mounted
[2023.06.16-03.02.49:244][  0]LogShaderLibrary: Display: ShaderCodeLibraryPakFileMountedCallback: pending pak file info (ChunkID:-1 Root:root:/ File:D:/Epic Games/UE_4.27/FeaturePacks/TP_TopDown.upack)
[2023.06.16-03.02.49:244][  0]LogPakFile: OnPakFileMounted2Time == 0.000039
[2023.06.16-03.02.49:244][  0]LogPakFile: PakFile PrimaryIndexSize=185
[2023.06.16-03.02.49:244][  0]LogPakFile: PakFile PathHashIndexSize=101
[2023.06.16-03.02.49:244][  0]LogPakFile: PakFile FullDirectoryIndexSize=144
[2023.06.16-03.02.49:244][  0]LogShaderLibrary: Display: ShaderCodeLibraryPakFileMountedCallback: PakFile 'D:/Epic Games/UE_4.27/FeaturePacks/TP_TopDownBP.upack' (chunk index -1, root 'root:/') mounted
[2023.06.16-03.02.49:244][  0]LogShaderLibrary: Display: ShaderCodeLibraryPakFileMountedCallback: pending pak file info (ChunkID:-1 Root:root:/ File:D:/Epic Games/UE_4.27/FeaturePacks/TP_TopDownBP.upack)
[2023.06.16-03.02.49:244][  0]LogPakFile: OnPakFileMounted2Time == 0.000019
[2023.06.16-03.02.49:245][  0]LogPakFile: PakFile PrimaryIndexSize=185
[2023.06.16-03.02.49:245][  0]LogPakFile: PakFile PathHashIndexSize=101
[2023.06.16-03.02.49:245][  0]LogPakFile: PakFile FullDirectoryIndexSize=144
[2023.06.16-03.02.49:245][  0]LogShaderLibrary: Display: ShaderCodeLibraryPakFileMountedCallback: PakFile 'D:/Epic Games/UE_4.27/FeaturePacks/TP_TwinStick.upack' (chunk index -1, root 'root:/') mounted
[2023.06.16-03.02.49:245][  0]LogShaderLibrary: Display: ShaderCodeLibraryPakFileMountedCallback: pending pak file info (ChunkID:-1 Root:root:/ File:D:/Epic Games/UE_4.27/FeaturePacks/TP_TwinStick.upack)
[2023.06.16-03.02.49:245][  0]LogPakFile: OnPakFileMounted2Time == 0.000025
[2023.06.16-03.02.49:246][  0]LogPakFile: PakFile PrimaryIndexSize=187
[2023.06.16-03.02.49:246][  0]LogPakFile: PakFile PathHashIndexSize=101
[2023.06.16-03.02.49:246][  0]LogPakFile: PakFile FullDirectoryIndexSize=148
[2023.06.16-03.02.49:246][  0]LogShaderLibrary: Display: ShaderCodeLibraryPakFileMountedCallback: PakFile 'D:/Epic Games/UE_4.27/FeaturePacks/TP_TwinStickBP.upack' (chunk index -1, root 'root:/') mounted
[2023.06.16-03.02.49:246][  0]LogShaderLibrary: Display: ShaderCodeLibraryPakFileMountedCallback: pending pak file info (ChunkID:-1 Root:root:/ File:D:/Epic Games/UE_4.27/FeaturePacks/TP_TwinStickBP.upack)
[2023.06.16-03.02.49:246][  0]LogPakFile: OnPakFileMounted2Time == 0.000018
[2023.06.16-03.02.49:246][  0]LogPakFile: PakFile PrimaryIndexSize=183
[2023.06.16-03.02.49:246][  0]LogPakFile: PakFile PathHashIndexSize=101
[2023.06.16-03.02.49:246][  0]LogPakFile: PakFile FullDirectoryIndexSize=140
[2023.06.16-03.02.49:246][  0]LogShaderLibrary: Display: ShaderCodeLibraryPakFileMountedCallback: PakFile 'D:/Epic Games/UE_4.27/FeaturePacks/TP_Vehicle.upack' (chunk index -1, root 'root:/') mounted
[2023.06.16-03.02.49:246][  0]LogShaderLibrary: Display: ShaderCodeLibraryPakFileMountedCallback: pending pak file info (ChunkID:-1 Root:root:/ File:D:/Epic Games/UE_4.27/FeaturePacks/TP_Vehicle.upack)
[2023.06.16-03.02.49:246][  0]LogPakFile: OnPakFileMounted2Time == 0.000017
[2023.06.16-03.02.49:247][  0]LogPakFile: PakFile PrimaryIndexSize=186
[2023.06.16-03.02.49:247][  0]LogPakFile: PakFile PathHashIndexSize=101
[2023.06.16-03.02.49:247][  0]LogPakFile: PakFile FullDirectoryIndexSize=146
[2023.06.16-03.02.49:247][  0]LogShaderLibrary: Display: ShaderCodeLibraryPakFileMountedCallback: PakFile 'D:/Epic Games/UE_4.27/FeaturePacks/TP_VehicleAdv.upack' (chunk index -1, root 'root:/') mounted
[2023.06.16-03.02.49:247][  0]LogShaderLibrary: Display: ShaderCodeLibraryPakFileMountedCallback: pending pak file info (ChunkID:-1 Root:root:/ File:D:/Epic Games/UE_4.27/FeaturePacks/TP_VehicleAdv.upack)
[2023.06.16-03.02.49:247][  0]LogPakFile: OnPakFileMounted2Time == 0.000018
[2023.06.16-03.02.49:248][  0]LogPakFile: PakFile PrimaryIndexSize=188
[2023.06.16-03.02.49:248][  0]LogPakFile: PakFile PathHashIndexSize=101
[2023.06.16-03.02.49:248][  0]LogPakFile: PakFile FullDirectoryIndexSize=150
[2023.06.16-03.02.49:248][  0]LogShaderLibrary: Display: ShaderCodeLibraryPakFileMountedCallback: PakFile 'D:/Epic Games/UE_4.27/FeaturePacks/TP_VehicleAdvBP.upack' (chunk index -1, root 'root:/') mounted
[2023.06.16-03.02.49:248][  0]LogShaderLibrary: Display: ShaderCodeLibraryPakFileMountedCallback: pending pak file info (ChunkID:-1 Root:root:/ File:D:/Epic Games/UE_4.27/FeaturePacks/TP_VehicleAdvBP.upack)
[2023.06.16-03.02.49:248][  0]LogPakFile: OnPakFileMounted2Time == 0.000017
[2023.06.16-03.02.49:249][  0]LogPakFile: PakFile PrimaryIndexSize=185
[2023.06.16-03.02.49:249][  0]LogPakFile: PakFile PathHashIndexSize=101
[2023.06.16-03.02.49:249][  0]LogPakFile: PakFile FullDirectoryIndexSize=144
[2023.06.16-03.02.49:249][  0]LogShaderLibrary: Display: ShaderCodeLibraryPakFileMountedCallback: PakFile 'D:/Epic Games/UE_4.27/FeaturePacks/TP_VehicleBP.upack' (chunk index -1, root 'root:/') mounted
[2023.06.16-03.02.49:249][  0]LogShaderLibrary: Display: ShaderCodeLibraryPakFileMountedCallback: pending pak file info (ChunkID:-1 Root:root:/ File:D:/Epic Games/UE_4.27/FeaturePacks/TP_VehicleBP.upack)
[2023.06.16-03.02.49:249][  0]LogPakFile: OnPakFileMounted2Time == 0.000017
[2023.06.16-03.02.49:249][  0]LogPakFile: PakFile PrimaryIndexSize=192
[2023.06.16-03.02.49:249][  0]LogPakFile: PakFile PathHashIndexSize=101
[2023.06.16-03.02.49:249][  0]LogPakFile: PakFile FullDirectoryIndexSize=158
[2023.06.16-03.02.49:249][  0]LogShaderLibrary: Display: ShaderCodeLibraryPakFileMountedCallback: PakFile 'D:/Epic Games/UE_4.27/FeaturePacks/TP_VirtualRealityBP.upack' (chunk index -1, root 'root:/') mounted
[2023.06.16-03.02.49:249][  0]LogShaderLibrary: Display: ShaderCodeLibraryPakFileMountedCallback: pending pak file info (ChunkID:-1 Root:root:/ File:D:/Epic Games/UE_4.27/FeaturePacks/TP_VirtualRealityBP.upack)
[2023.06.16-03.02.49:249][  0]LogPakFile: OnPakFileMounted2Time == 0.000016
[2023.06.16-03.02.49:352][  0]LogNativeClassHierarchy: Verbose: Native class hierarchy updated for 'AddContentDialog' in 0.0002 seconds. Added 0 classes and 0 folders.
[2023.06.16-03.02.49:353][  0]LogNativeClassHierarchy: Verbose: Native class hierarchy updated for 'SceneOutliner' in 0.0002 seconds. Added 2 classes and 0 folders.
[2023.06.16-03.02.49:396][  0]LogSlate: Took 0.000101 seconds to synchronously load lazily loaded font '../../../Engine/Content/Slate/Fonts/Roboto-Regular.ttf' (155K)
[2023.06.16-03.02.49:396][  0]LogSlate: Took 0.000077 seconds to synchronously load lazily loaded font '../../../Engine/Content/Editor/Slate/Fonts/FontAwesome.ttf' (139K)
[2023.06.16-03.02.49:397][  0]LogSlate: Took 0.000072 seconds to synchronously load lazily loaded font '../../../Engine/Content/Slate/Fonts/Roboto-Bold.ttf' (160K)
[2023.06.16-03.02.49:446][  0]LogRenderer: Reallocating scene render targets to support 1208x568 Format 10 NumSamples 1 (Frame:1).
[2023.06.16-03.02.49:524][  0]LogNativeClassHierarchy: Verbose: Native class hierarchy updated for 'HierarchicalLODOutliner' in 0.0002 seconds. Added 0 classes and 0 folders.
[2023.06.16-03.02.49:524][  0]LogLoad: (Engine Initialization) Total time: 6.94 seconds
[2023.06.16-03.02.49:524][  0]LogLoad: (Engine Initialization) Total Blueprint compile time: 0.00 seconds
[2023.06.16-03.02.49:622][  0]LogAssetRegistry: Asset discovery search completed in 3.8512 seconds
[2023.06.16-03.02.49:624][  0]LogCollectionManager: Fixed up redirectors for 0 collections in 0.000003 seconds (updated 0 objects)
[2023.06.16-03.02.49:625][  0]LogContentStreaming: Texture pool size now 1000 MB
