Log file open, 06/19/23 16:02:19
LogWindows: Failed to load 'aqProf.dll' (GetLastError=126)
LogWindows: File 'aqProf.dll' does not exist
LogWindows: Failed to load 'VtuneApi.dll' (GetLastError=126)
LogWindows: File 'VtuneApi.dll' does not exist
LogWindows: Failed to load 'VtuneApi32e.dll' (GetLastError=126)
LogWindows: File 'VtuneApi32e.dll' does not exist
LogConsoleResponse: Display: Failed to find resolution value strings in scalability ini. Falling back to default.
LogConsoleResponse: Display: Failed to find resolution value strings in scalability ini. Falling back to default.
LogInit: Display: Running engine for game: TreasureChase
LogPlatformFile: Not using cached read wrapper
LogTaskGraph: Started task graph with 5 named threads and 71 total threads with 3 sets of task threads.
LogStats: Stats thread started at 0.202664
LogICUInternationalization: ICU TimeZone Detection - Raw Offset: -5:00, Platform Override: ''
LogInit: Display: Loading text-based GConfig....
LogPluginManager: Mounting plugin MeshPainting
LogPluginManager: Mounting plugin XGEController
LogPluginManager: Mounting plugin Paper2D
LogPluginManager: Mounting plugin LiveLink
LogPluginManager: Mounting plugin LightPropagationVolume
LogPluginManager: Mounting plugin OodleData
LogPluginManager: Mounting plugin AssetManagerEditor
LogPluginManager: Mounting plugin CryptoKeys
LogPluginManager: Mounting plugin GameplayCameras
LogPluginManager: Mounting plugin OodleNetwork
LogPluginManager: Mounting plugin CameraShakePreviewer
LogPluginManager: Mounting plugin Niagara
LogPluginManager: Mounting plugin LuminPlatformFeatures
LogPluginManager: Mounting plugin ActorSequence
LogPluginManager: Mounting plugin LevelSequenceEditor
LogPluginManager: Mounting plugin TemplateSequence
LogPluginManager: Mounting plugin MatineeToLevelSequence
LogPluginManager: Mounting plugin UdpMessaging
LogPluginManager: Mounting plugin AISupport
LogPluginManager: Mounting plugin TcpMessaging
LogPluginManager: Mounting plugin AndroidMedia
LogPluginManager: Mounting plugin AvfMedia
LogPluginManager: Mounting plugin ImgMedia
LogPluginManager: Mounting plugin EnvironmentQueryEditor
LogPluginManager: Mounting plugin MediaCompositing
LogPluginManager: Mounting plugin MediaPlayerEditor
LogPluginManager: Mounting plugin WmfMedia
LogPluginManager: Mounting plugin WebMMedia
LogPluginManager: Mounting plugin DatasmithContent
LogPluginManager: Mounting plugin VariantManagerContent
LogPluginManager: Mounting plugin MagicLeap
LogPluginManager: Mounting plugin ActorLayerUtilities
LogPluginManager: Mounting plugin OnlineSubsystem
LogPluginManager: Mounting plugin AndroidDeviceProfileSelector
LogPluginManager: Mounting plugin AndroidMoviePlayer
LogPluginManager: Mounting plugin AndroidPermission
LogPluginManager: Mounting plugin AppleImageUtils
LogPluginManager: Mounting plugin AssetTags
LogPluginManager: Mounting plugin ArchVisCharacter
LogPluginManager: Mounting plugin OnlineSubsystemNull
LogPluginManager: Mounting plugin AudioCapture
LogPluginManager: Mounting plugin AudioSynesthesia
LogPluginManager: Mounting plugin MagicLeapLightEstimation
LogPluginManager: Mounting plugin AppleMoviePlayer
LogPluginManager: Mounting plugin CableComponent
LogPluginManager: Mounting plugin LauncherChunkInstaller
LogPluginManager: Mounting plugin OnlineSubsystemUtils
LogPluginManager: Mounting plugin MagicLeapMedia
LogPluginManager: Mounting plugin CustomMeshComponent
LogPluginManager: Mounting plugin MagicLeapPassableWorld
LogPluginManager: Mounting plugin MLSDK
LogPluginManager: Mounting plugin ChunkDownloader
LogPluginManager: Mounting plugin EditableMesh
LogPluginManager: Mounting plugin ExampleDeviceProfileSelector
LogPluginManager: Mounting plugin GoogleCloudMessaging
LogPluginManager: Mounting plugin GooglePAD
LogPluginManager: Mounting plugin IOSDeviceProfileSelector
LogPluginManager: Mounting plugin LinuxDeviceProfileSelector
LogPluginManager: Mounting plugin LocationServicesBPLibrary
LogPluginManager: Mounting plugin MobilePatchingUtils
LogPluginManager: Mounting plugin OpenXREyeTracker
LogPluginManager: Mounting plugin OpenXR
LogPluginManager: Mounting plugin OpenXRHandTracking
LogPluginManager: Mounting plugin CurveEditorTools
LogPluginManager: Mounting plugin PhysXVehicles
LogPluginManager: Mounting plugin AnimationSharing
LogPluginManager: Mounting plugin GameplayTagsEditor
LogPluginManager: Mounting plugin FacialAnimation
LogPluginManager: Mounting plugin DataValidation
LogPluginManager: Mounting plugin GeometryMode
LogPluginManager: Mounting plugin MacGraphicsSwitching
LogPluginManager: Mounting plugin MaterialAnalyzer
LogPluginManager: Mounting plugin SpeedTreeImporter
LogPluginManager: Mounting plugin MobileLauncherProfileWizard
LogPluginManager: Mounting plugin PluginBrowser
LogPluginManager: Mounting plugin AlembicImporter
LogPluginManager: Mounting plugin AutomationUtils
LogPluginManager: Mounting plugin ChaosClothEditor
LogPluginManager: Mounting plugin BackChannel
LogPluginManager: Mounting plugin ChaosEditor
LogPluginManager: Mounting plugin ChaosCloth
LogPluginManager: Mounting plugin ChaosNiagara
LogPluginManager: Mounting plugin ChaosSolverPlugin
LogPluginManager: Mounting plugin CharacterAI
LogPluginManager: Mounting plugin GeometryCollectionPlugin
LogPluginManager: Mounting plugin GeometryCache
LogPluginManager: Mounting plugin CLionSourceCodeAccess
LogPluginManager: Mounting plugin PropertyAccessEditor
LogPluginManager: Mounting plugin PostSplashScreen
LogPluginManager: Mounting plugin ScreenshotTools
LogPluginManager: Mounting plugin RuntimePhysXCooking
LogPluginManager: Mounting plugin ProceduralMeshComponent
LogPluginManager: Mounting plugin SoundFields
LogPluginManager: Mounting plugin SignificanceManager
LogPluginManager: Mounting plugin Synthesis
LogPluginManager: Mounting plugin WebMMoviePlayer
LogPluginManager: Mounting plugin WindowsMoviePlayer
LogPluginManager: Mounting plugin GeometryProcessing
LogPluginManager: Mounting plugin MotoSynth
LogPluginManager: Mounting plugin OpenImageDenoise
LogPluginManager: Mounting plugin PlanarCut
LogPluginManager: Mounting plugin PlatformCrypto
LogPluginManager: Mounting plugin PythonScriptPlugin
LogPluginManager: Mounting plugin ProxyLODPlugin
LogPluginManager: Mounting plugin SkeletalReduction
LogPluginManager: Mounting plugin CodeLiteSourceCodeAccess
LogPluginManager: Mounting plugin NullSourceCodeAccess
LogPluginManager: Mounting plugin KDevelopSourceCodeAccess
LogPluginManager: Mounting plugin Takes
LogPluginManager: Mounting plugin PerforceSourceControl
LogPluginManager: Mounting plugin GitSourceControl
LogPluginManager: Mounting plugin PropertyAccessNode
LogPluginManager: Mounting plugin PluginUtils
LogPluginManager: Mounting plugin RiderSourceCodeAccess
LogPluginManager: Mounting plugin SubversionSourceControl
LogPluginManager: Mounting plugin PlasticSourceControl
LogPluginManager: Mounting plugin PixWinPlugin
LogPluginManager: Mounting plugin TextureFormatOodle
LogPluginManager: Mounting plugin VisualStudioCodeSourceCodeAccess
LogPluginManager: Mounting plugin VisualStudioSourceCodeAccess
LogPluginManager: Mounting plugin UObjectPlugin
LogPluginManager: Mounting plugin XCodeSourceCodeAccess
LogPluginManager: Mounting plugin ContentBrowserClassDataSource
LogPluginManager: Mounting plugin ContentBrowserFileDataSource
LogPluginManager: Mounting plugin ContentBrowserAssetDataSource
LogPluginManager: Mounting plugin OnlineSubsystemGooglePlay
LogPluginManager: Mounting plugin OnlineSubsystemIOS
LogPluginManager: Mounting plugin OculusVR
LogPluginManager: Mounting plugin SteamVR
LogInit: Using libcurl 7.55.1-DEV
LogInit:  - built for x86_64-pc-win32
LogInit:  - supports SSL with OpenSSL/1.1.1
LogInit:  - supports HTTP deflate (compression) using libz 1.2.8
LogInit:  - other features:
LogInit:      CURL_VERSION_SSL
LogInit:      CURL_VERSION_LIBZ
LogInit:      CURL_VERSION_IPV6
LogInit:      CURL_VERSION_ASYNCHDNS
LogInit:      CURL_VERSION_LARGEFILE
LogInit:      CURL_VERSION_IDN
LogInit:  CurlRequestOptions (configurable via config and command line):
LogInit:  - bVerifyPeer = true  - Libcurl will verify peer certificate
LogInit:  - bUseHttpProxy = false  - Libcurl will NOT use HTTP proxy
LogInit:  - bDontReuseConnections = false  - Libcurl will reuse connections
LogInit:  - MaxHostConnections = 16  - Libcurl will limit the number of connections to a host
LogInit:  - LocalHostAddr = Default
LogInit:  - BufferSize = 65536
LogOnline: OSS: Creating online subsystem instance for: NULL
LogInit: WinSock: version 1.1 (2.2), MaxSocks=32767, MaxUdp=65467
LogOnline: OSS: TryLoadSubsystemAndSetDefault: Loaded subsystem for module [NULL]
PixWinPlugin: PIX capture plugin failed to initialize! Check that the process is launched from PIX.
LogOculusPluginWrapper: OculusPlugin initialized successfully
LogHMD: Failed initializing OVRPlugin 1.59.0
LogInit: Build: ++UE4+Release-4.27-CL-18319896
LogInit: Engine Version: 4.27.2-18319896+++UE4+Release-4.27
LogInit: Compatible Engine Version: 4.27.0-17155196+++UE4+Release-4.27
LogInit: Net CL: 17155196
LogInit: OS: Windows 10 (Release 2009) (), CPU: 12th Gen Intel(R) Core(TM) i9-12900K, GPU: AMD Radeon RX 7900 XTX
LogInit: Compiled (64-bit): Nov 30 2021 07:12:08
LogInit: Compiled with Visual C++: 19.24.28315.00
LogInit: Build Configuration: Development
LogInit: Branch Name: ++UE4+Release-4.27
LogInit: Command Line:  /Game/Maps/Gameplay -game -PIEVIACONSOLE -Multiprocess "GameUserSettingsINI=D:/School/Unreal Engine/TreasureChase/TreasureChase/Saved/Config/Windows/PIEGameUserSettings0.ini" -MultiprocessSaveConfig -forcepassthrough -messaging -SessionName="Play in Standalone Game" -windowed -ResX=1280 -ResY=720
LogInit: Base Directory: D:/Epic Games/UE_4.27/Engine/Binaries/Win64/
LogInit: Allocator: TBB
LogInit: Installed Engine Build: 1
LogDevObjectVersion: Number of dev versions registered: 29
LogDevObjectVersion:   Dev-Blueprints (B0D832E4-1F89-4F0D-ACCF-7EB736FD4AA2): 10
LogDevObjectVersion:   Dev-Build (E1C64328-A22C-4D53-A36C-8E866417BD8C): 0
LogDevObjectVersion:   Dev-Core (375EC13C-06E4-48FB-B500-84F0262A717E): 4
LogDevObjectVersion:   Dev-Editor (E4B068ED-F494-42E9-A231-DA0B2E46BB41): 40
LogDevObjectVersion:   Dev-Framework (CFFC743F-43B0-4480-9391-14DF171D2073): 37
LogDevObjectVersion:   Dev-Mobile (B02B49B5-BB20-44E9-A304-32B752E40360): 3
LogDevObjectVersion:   Dev-Networking (A4E4105C-59A1-49B5-A7C5-40C4547EDFEE): 0
LogDevObjectVersion:   Dev-Online (39C831C9-5AE6-47DC-9A44-9C173E1C8E7C): 0
LogDevObjectVersion:   Dev-Physics (78F01B33-EBEA-4F98-B9B4-84EACCB95AA2): 14
LogDevObjectVersion:   Dev-Platform (6631380F-2D4D-43E0-8009-CF276956A95A): 0
LogDevObjectVersion:   Dev-Rendering (12F88B9F-8875-4AFC-A67C-D90C383ABD29): 45
LogDevObjectVersion:   Dev-Sequencer (7B5AE74C-D270-4C10-A958-57980B212A5A): 13
LogDevObjectVersion:   Dev-VR (D7296918-1DD6-4BDD-9DE2-64A83CC13884): 3
LogDevObjectVersion:   Dev-LoadTimes (C2A15278-BFE7-4AFE-6C17-90FF531DF755): 1
LogDevObjectVersion:   Private-Geometry (6EACA3D4-40EC-4CC1-B786-8BED09428FC5): 3
LogDevObjectVersion:   Dev-AnimPhys (29E575DD-E0A3-4627-9D10-D276232CDCEA): 17
LogDevObjectVersion:   Dev-Anim (AF43A65D-7FD3-4947-9873-3E8ED9C1BB05): 15
LogDevObjectVersion:   Dev-ReflectionCapture (6B266CEC-1EC7-4B8F-A30B-E4D90942FC07): 1
LogDevObjectVersion:   Dev-Automation (0DF73D61-A23F-47EA-B727-89E90C41499A): 1
LogDevObjectVersion:   FortniteMain (601D1886-AC64-4F84-AA16-D3DE0DEAC7D6): 47
LogDevObjectVersion:   FortniteRelease (E7086368-6B23-4C58-8439-1B7016265E91): 1
LogDevObjectVersion:   Dev-Enterprise (9DFFBCD6-494F-0158-E221-12823C92A888): 10
LogDevObjectVersion:   Dev-Niagara (F2AED0AC-9AFE-416F-8664-AA7FFA26D6FC): 1
LogDevObjectVersion:   Dev-Destruction (174F1F0B-B4C6-45A5-B13F-2EE8D0FB917D): 10
LogDevObjectVersion:   Dev-Physics-Ext (35F94A83-E258-406C-A318-09F59610247C): 41
LogDevObjectVersion:   Dev-PhysicsMaterial-Chaos (B68FC16E-8B1B-42E2-B453-215C058844FE): 1
LogDevObjectVersion:   Dev-CineCamera (B2E18506-4273-CFC2-A54E-F4BB758BBA07): 1
LogDevObjectVersion:   Dev-VirtualProduction (64F58936-FD1B-42BA-BA96-7289D5D0FA4E): 1
LogDevObjectVersion:   Dev-MediaFramework (6F0ED827-A609-4895-9C91-998D90180EA4): 2
LogInit: Presizing for max 25165824 objects, including 0 objects not considered by GC, pre-allocating 0 bytes for permanent pool.
LogConfig: Applying CVar settings from Section [/Script/Engine.StreamingSettings] File [D:/School/Unreal Engine/TreasureChase/TreasureChase/Saved/Config/Windows/Engine.ini]
LogConfig: Setting CVar [[s.MinBulkDataSizeForAsyncLoading:131072]]
LogConfig: Setting CVar [[s.AsyncLoadingThreadEnabled:0]]
LogConfig: Setting CVar [[s.EventDrivenLoaderEnabled:1]]
LogConfig: Setting CVar [[s.WarnIfTimeLimitExceeded:0]]
LogConfig: Setting CVar [[s.TimeLimitExceededMultiplier:1.5]]
LogConfig: Setting CVar [[s.TimeLimitExceededMinTime:0.005]]
LogConfig: Setting CVar [[s.UseBackgroundLevelStreaming:1]]
LogConfig: Setting CVar [[s.PriorityAsyncLoadingExtraTime:15.0]]
LogConfig: Setting CVar [[s.LevelStreamingActorsUpdateTimeLimit:5.0]]
LogConfig: Setting CVar [[s.PriorityLevelStreamingActorsUpdateExtraTime:5.0]]
LogConfig: Setting CVar [[s.LevelStreamingComponentsRegistrationGranularity:10]]
LogConfig: Setting CVar [[s.UnregisterComponentsTimeLimit:1.0]]
LogConfig: Setting CVar [[s.LevelStreamingComponentsUnregistrationGranularity:5]]
LogConfig: Setting CVar [[s.FlushStreamingOnExit:1]]
LogInit: Object subsystem initialized
LogConfig: Setting CVar [[con.DebugEarlyDefault:1]]
LogConfig: Setting CVar [[r.setres:1280x720]]
[2023.06.19-20.02.19:983][  0]LogConfig: Setting CVar [[con.DebugEarlyDefault:1]]
[2023.06.19-20.02.19:983][  0]LogConfig: Setting CVar [[r.setres:1280x720]]
[2023.06.19-20.02.19:985][  0]LogConfig: Applying CVar settings from Section [/Script/Engine.RendererSettings] File [D:/School/Unreal Engine/TreasureChase/TreasureChase/Saved/Config/Windows/Engine.ini]
[2023.06.19-20.02.19:985][  0]LogConfig: Setting CVar [[r.GPUCrashDebugging:0]]
[2023.06.19-20.02.19:985][  0]LogConfig: Applying CVar settings from Section [/Script/Engine.RendererOverrideSettings] File [D:/School/Unreal Engine/TreasureChase/TreasureChase/Saved/Config/Windows/Engine.ini]
[2023.06.19-20.02.19:985][  0]LogConfig: Applying CVar settings from Section [/Script/Engine.StreamingSettings] File [D:/School/Unreal Engine/TreasureChase/TreasureChase/Saved/Config/Windows/Engine.ini]
[2023.06.19-20.02.19:985][  0]LogConfig: Setting CVar [[s.MinBulkDataSizeForAsyncLoading:131072]]
[2023.06.19-20.02.19:985][  0]LogConfig: Setting CVar [[s.AsyncLoadingThreadEnabled:0]]
[2023.06.19-20.02.19:985][  0]LogConfig: Setting CVar [[s.EventDrivenLoaderEnabled:1]]
[2023.06.19-20.02.19:985][  0]LogConfig: Setting CVar [[s.WarnIfTimeLimitExceeded:0]]
[2023.06.19-20.02.19:985][  0]LogConfig: Setting CVar [[s.TimeLimitExceededMultiplier:1.5]]
[2023.06.19-20.02.19:985][  0]LogConfig: Setting CVar [[s.TimeLimitExceededMinTime:0.005]]
[2023.06.19-20.02.19:985][  0]LogConfig: Setting CVar [[s.UseBackgroundLevelStreaming:1]]
[2023.06.19-20.02.19:985][  0]LogConfig: Setting CVar [[s.PriorityAsyncLoadingExtraTime:15.0]]
[2023.06.19-20.02.19:985][  0]LogConfig: Setting CVar [[s.LevelStreamingActorsUpdateTimeLimit:5.0]]
[2023.06.19-20.02.19:985][  0]LogConfig: Setting CVar [[s.PriorityLevelStreamingActorsUpdateExtraTime:5.0]]
[2023.06.19-20.02.19:985][  0]LogConfig: Setting CVar [[s.LevelStreamingComponentsRegistrationGranularity:10]]
[2023.06.19-20.02.19:985][  0]LogConfig: Setting CVar [[s.UnregisterComponentsTimeLimit:1.0]]
[2023.06.19-20.02.19:985][  0]LogConfig: Setting CVar [[s.LevelStreamingComponentsUnregistrationGranularity:5]]
[2023.06.19-20.02.19:985][  0]LogConfig: Setting CVar [[s.FlushStreamingOnExit:1]]
[2023.06.19-20.02.19:985][  0]LogConfig: Applying CVar settings from Section [/Script/Engine.GarbageCollectionSettings] File [D:/School/Unreal Engine/TreasureChase/TreasureChase/Saved/Config/Windows/Engine.ini]
[2023.06.19-20.02.19:985][  0]LogConfig: Setting CVar [[gc.MaxObjectsNotConsideredByGC:1]]
[2023.06.19-20.02.19:985][  0]LogConfig: Setting CVar [[gc.SizeOfPermanentObjectPool:0]]
[2023.06.19-20.02.19:985][  0]LogConfig: Setting CVar [[gc.FlushStreamingOnGC:0]]
[2023.06.19-20.02.19:985][  0]LogConfig: Setting CVar [[gc.NumRetriesBeforeForcingGC:10]]
[2023.06.19-20.02.19:985][  0]LogConfig: Setting CVar [[gc.AllowParallelGC:1]]
[2023.06.19-20.02.19:985][  0]LogConfig: Setting CVar [[gc.TimeBetweenPurgingPendingKillObjects:61.1]]
[2023.06.19-20.02.19:985][  0]LogConfig: Setting CVar [[gc.MaxObjectsInEditor:25165824]]
[2023.06.19-20.02.19:985][  0]LogConfig: Setting CVar [[gc.IncrementalBeginDestroyEnabled:1]]
[2023.06.19-20.02.19:985][  0]LogConfig: Setting CVar [[gc.CreateGCClusters:1]]
[2023.06.19-20.02.19:985][  0]LogConfig: Setting CVar [[gc.MinGCClusterSize:5]]
[2023.06.19-20.02.19:985][  0]LogConfig: Setting CVar [[gc.ActorClusteringEnabled:0]]
[2023.06.19-20.02.19:985][  0]LogConfig: Setting CVar [[gc.BlueprintClusteringEnabled:0]]
[2023.06.19-20.02.19:985][  0]LogConfig: Setting CVar [[gc.UseDisregardForGCOnDedicatedServers:0]]
[2023.06.19-20.02.19:985][  0]LogConfig: Setting CVar [[gc.MultithreadedDestructionEnabled:1]]
[2023.06.19-20.02.19:985][  0]LogConfig: Applying CVar settings from Section [/Script/Engine.NetworkSettings] File [D:/School/Unreal Engine/TreasureChase/TreasureChase/Saved/Config/Windows/Engine.ini]
[2023.06.19-20.02.19:985][  0]LogConfig: Applying CVar settings from Section [/Script/UnrealEd.CookerSettings] File [D:/School/Unreal Engine/TreasureChase/TreasureChase/Saved/Config/Windows/Engine.ini]
[2023.06.19-20.02.20:001][  0]LogConfig: Applying CVar settings from Section [ViewDistanceQuality@3] File [D:/School/Unreal Engine/TreasureChase/TreasureChase/Saved/Config/Windows/Scalability.ini]
[2023.06.19-20.02.20:001][  0]LogConfig: Setting CVar [[r.SkeletalMeshLODBias:0]]
[2023.06.19-20.02.20:001][  0]LogConfig: Setting CVar [[r.ViewDistanceScale:1.0]]
[2023.06.19-20.02.20:001][  0]LogConfig: Applying CVar settings from Section [AntiAliasingQuality@3] File [D:/School/Unreal Engine/TreasureChase/TreasureChase/Saved/Config/Windows/Scalability.ini]
[2023.06.19-20.02.20:001][  0]LogConfig: Setting CVar [[r.PostProcessAAQuality:4]]
[2023.06.19-20.02.20:001][  0]LogConfig: Applying CVar settings from Section [ShadowQuality@3] File [D:/School/Unreal Engine/TreasureChase/TreasureChase/Saved/Config/Windows/Scalability.ini]
[2023.06.19-20.02.20:001][  0]LogConfig: Setting CVar [[r.LightFunctionQuality:1]]
[2023.06.19-20.02.20:001][  0]LogConfig: Setting CVar [[r.ShadowQuality:5]]
[2023.06.19-20.02.20:001][  0]LogConfig: Setting CVar [[r.Shadow.CSM.MaxCascades:10]]
[2023.06.19-20.02.20:001][  0]LogConfig: Setting CVar [[r.Shadow.MaxResolution:2048]]
[2023.06.19-20.02.20:001][  0]LogConfig: Setting CVar [[r.Shadow.MaxCSMResolution:2048]]
[2023.06.19-20.02.20:001][  0]LogConfig: Setting CVar [[r.Shadow.RadiusThreshold:0.01]]
[2023.06.19-20.02.20:001][  0]LogConfig: Setting CVar [[r.Shadow.DistanceScale:1.0]]
[2023.06.19-20.02.20:001][  0]LogConfig: Setting CVar [[r.Shadow.CSM.TransitionScale:1.0]]
[2023.06.19-20.02.20:001][  0]LogConfig: Setting CVar [[r.Shadow.PreShadowResolutionFactor:1.0]]
[2023.06.19-20.02.20:001][  0]LogConfig: Setting CVar [[r.DistanceFieldShadowing:1]]
[2023.06.19-20.02.20:001][  0]LogConfig: Setting CVar [[r.DistanceFieldAO:1]]
[2023.06.19-20.02.20:001][  0]LogConfig: Setting CVar [[r.AOQuality:2]]
[2023.06.19-20.02.20:001][  0]LogConfig: Setting CVar [[r.VolumetricFog:1]]
[2023.06.19-20.02.20:001][  0]LogConfig: Setting CVar [[r.VolumetricFog.GridPixelSize:8]]
[2023.06.19-20.02.20:001][  0]LogConfig: Setting CVar [[r.VolumetricFog.GridSizeZ:128]]
[2023.06.19-20.02.20:001][  0]LogConfig: Setting CVar [[r.VolumetricFog.HistoryMissSupersampleCount:4]]
[2023.06.19-20.02.20:001][  0]LogConfig: Setting CVar [[r.LightMaxDrawDistanceScale:1]]
[2023.06.19-20.02.20:001][  0]LogConfig: Setting CVar [[r.CapsuleShadows:1]]
[2023.06.19-20.02.20:001][  0]LogConfig: Applying CVar settings from Section [PostProcessQuality@3] File [D:/School/Unreal Engine/TreasureChase/TreasureChase/Saved/Config/Windows/Scalability.ini]
[2023.06.19-20.02.20:001][  0]LogConfig: Setting CVar [[r.MotionBlurQuality:4]]
[2023.06.19-20.02.20:001][  0]LogConfig: Setting CVar [[r.AmbientOcclusionMipLevelFactor:0.4]]
[2023.06.19-20.02.20:001][  0]LogConfig: Setting CVar [[r.AmbientOcclusionMaxQuality:100]]
[2023.06.19-20.02.20:001][  0]LogConfig: Setting CVar [[r.AmbientOcclusionLevels:-1]]
[2023.06.19-20.02.20:001][  0]LogConfig: Setting CVar [[r.AmbientOcclusionRadiusScale:1.0]]
[2023.06.19-20.02.20:001][  0]LogConfig: Setting CVar [[r.DepthOfFieldQuality:2]]
[2023.06.19-20.02.20:001][  0]LogConfig: Setting CVar [[r.RenderTargetPoolMin:400]]
[2023.06.19-20.02.20:001][  0]LogConfig: Setting CVar [[r.LensFlareQuality:2]]
[2023.06.19-20.02.20:001][  0]LogConfig: Setting CVar [[r.SceneColorFringeQuality:1]]
[2023.06.19-20.02.20:001][  0]LogConfig: Setting CVar [[r.EyeAdaptationQuality:2]]
[2023.06.19-20.02.20:001][  0]LogConfig: Setting CVar [[r.BloomQuality:5]]
[2023.06.19-20.02.20:001][  0]LogConfig: Setting CVar [[r.FastBlurThreshold:100]]
[2023.06.19-20.02.20:001][  0]LogConfig: Setting CVar [[r.Upscale.Quality:3]]
[2023.06.19-20.02.20:001][  0]LogConfig: Setting CVar [[r.Tonemapper.GrainQuantization:1]]
[2023.06.19-20.02.20:001][  0]LogConfig: Setting CVar [[r.LightShaftQuality:1]]
[2023.06.19-20.02.20:001][  0]LogConfig: Setting CVar [[r.Filter.SizeScale:1]]
[2023.06.19-20.02.20:001][  0]LogConfig: Setting CVar [[r.Tonemapper.Quality:5]]
[2023.06.19-20.02.20:001][  0]LogConfig: Setting CVar [[r.DOF.Gather.AccumulatorQuality:1        ; higher gathering accumulator quality]]
[2023.06.19-20.02.20:001][  0]LogConfig: Setting CVar [[r.DOF.Gather.PostfilterMethod:1          ; Median3x3 postfilering method]]
[2023.06.19-20.02.20:001][  0]LogConfig: Setting CVar [[r.DOF.Gather.EnableBokehSettings:0       ; no bokeh simulation when gathering]]
[2023.06.19-20.02.20:001][  0]LogConfig: Setting CVar [[r.DOF.Gather.RingCount:4                 ; medium number of samples when gathering]]
[2023.06.19-20.02.20:001][  0]LogConfig: Setting CVar [[r.DOF.Scatter.ForegroundCompositing:1    ; additive foreground scattering]]
[2023.06.19-20.02.20:001][  0]LogConfig: Setting CVar [[r.DOF.Scatter.BackgroundCompositing:2    ; additive background scattering]]
[2023.06.19-20.02.20:001][  0]LogConfig: Setting CVar [[r.DOF.Scatter.EnableBokehSettings:1      ; bokeh simulation when scattering]]
[2023.06.19-20.02.20:001][  0]LogConfig: Setting CVar [[r.DOF.Scatter.MaxSpriteRatio:0.1         ; only a maximum of 10% of scattered bokeh]]
[2023.06.19-20.02.20:001][  0]LogConfig: Setting CVar [[r.DOF.Recombine.Quality:1                ; cheap slight out of focus]]
[2023.06.19-20.02.20:001][  0]LogConfig: Setting CVar [[r.DOF.Recombine.EnableBokehSettings:0    ; no bokeh simulation on slight out of focus]]
[2023.06.19-20.02.20:001][  0]LogConfig: Setting CVar [[r.DOF.TemporalAAQuality:1                ; more stable temporal accumulation]]
[2023.06.19-20.02.20:001][  0]LogConfig: Setting CVar [[r.DOF.Kernel.MaxForegroundRadius:0.025]]
[2023.06.19-20.02.20:001][  0]LogConfig: Setting CVar [[r.DOF.Kernel.MaxBackgroundRadius:0.025]]
[2023.06.19-20.02.20:001][  0]LogConfig: Applying CVar settings from Section [TextureQuality@3] File [D:/School/Unreal Engine/TreasureChase/TreasureChase/Saved/Config/Windows/Scalability.ini]
[2023.06.19-20.02.20:001][  0]LogConfig: Setting CVar [[r.Streaming.MipBias:0]]
[2023.06.19-20.02.20:001][  0]LogConfig: Setting CVar [[r.Streaming.AmortizeCPUToGPUCopy:0]]
[2023.06.19-20.02.20:001][  0]LogConfig: Setting CVar [[r.Streaming.MaxNumTexturesToStreamPerFrame:0]]
[2023.06.19-20.02.20:001][  0]LogConfig: Setting CVar [[r.Streaming.Boost:1]]
[2023.06.19-20.02.20:001][  0]LogConfig: Setting CVar [[r.MaxAnisotropy:8]]
[2023.06.19-20.02.20:001][  0]LogConfig: Setting CVar [[r.VT.MaxAnisotropy:8]]
[2023.06.19-20.02.20:001][  0]LogConfig: Setting CVar [[r.Streaming.LimitPoolSizeToVRAM:0]]
[2023.06.19-20.02.20:001][  0]LogConfig: Setting CVar [[r.Streaming.PoolSize:1000]]
[2023.06.19-20.02.20:001][  0]LogConfig: Setting CVar [[r.Streaming.MaxEffectiveScreenSize:0]]
[2023.06.19-20.02.20:001][  0]LogConfig: Applying CVar settings from Section [EffectsQuality@3] File [D:/School/Unreal Engine/TreasureChase/TreasureChase/Saved/Config/Windows/Scalability.ini]
[2023.06.19-20.02.20:001][  0]LogConfig: Setting CVar [[r.TranslucencyLightingVolumeDim:64]]
[2023.06.19-20.02.20:001][  0]LogConfig: Setting CVar [[r.RefractionQuality:2]]
[2023.06.19-20.02.20:001][  0]LogConfig: Setting CVar [[r.SSR.Quality:3]]
[2023.06.19-20.02.20:001][  0]LogConfig: Setting CVar [[r.SSR.HalfResSceneColor:0]]
[2023.06.19-20.02.20:001][  0]LogConfig: Setting CVar [[r.SceneColorFormat:4]]
[2023.06.19-20.02.20:001][  0]LogConfig: Setting CVar [[r.DetailMode:2]]
[2023.06.19-20.02.20:001][  0]LogConfig: Setting CVar [[r.TranslucencyVolumeBlur:1]]
[2023.06.19-20.02.20:001][  0]LogConfig: Setting CVar [[r.MaterialQualityLevel:1 ; High quality]]
[2023.06.19-20.02.20:001][  0]LogConfig: Setting CVar [[r.AnisotropicMaterials:1]]
[2023.06.19-20.02.20:001][  0]LogConfig: Setting CVar [[r.SSS.Scale:1]]
[2023.06.19-20.02.20:001][  0]LogConfig: Setting CVar [[r.SSS.SampleSet:2]]
[2023.06.19-20.02.20:001][  0]LogConfig: Setting CVar [[r.SSS.Quality:1]]
[2023.06.19-20.02.20:001][  0]LogConfig: Setting CVar [[r.SSS.HalfRes:0]]
[2023.06.19-20.02.20:001][  0]LogConfig: Setting CVar [[r.SSGI.Quality:3]]
[2023.06.19-20.02.20:001][  0]LogConfig: Setting CVar [[r.EmitterSpawnRateScale:1.0]]
[2023.06.19-20.02.20:001][  0]LogConfig: Setting CVar [[r.ParticleLightQuality:2]]
[2023.06.19-20.02.20:001][  0]LogConfig: Setting CVar [[r.SkyAtmosphere.AerialPerspectiveLUT.FastApplyOnOpaque:1 ; Always have FastSkyLUT 1 in this case to avoid wrong sky]]
[2023.06.19-20.02.20:001][  0]LogConfig: Setting CVar [[r.SkyAtmosphere.AerialPerspectiveLUT.SampleCountMaxPerSlice:4]]
[2023.06.19-20.02.20:001][  0]LogConfig: Setting CVar [[r.SkyAtmosphere.AerialPerspectiveLUT.DepthResolution:16.0]]
[2023.06.19-20.02.20:001][  0]LogConfig: Setting CVar [[r.SkyAtmosphere.FastSkyLUT:1]]
[2023.06.19-20.02.20:001][  0]LogConfig: Setting CVar [[r.SkyAtmosphere.FastSkyLUT.SampleCountMin:4.0]]
[2023.06.19-20.02.20:001][  0]LogConfig: Setting CVar [[r.SkyAtmosphere.FastSkyLUT.SampleCountMax:128.0]]
[2023.06.19-20.02.20:001][  0]LogConfig: Setting CVar [[r.SkyAtmosphere.SampleCountMin:4.0]]
[2023.06.19-20.02.20:001][  0]LogConfig: Setting CVar [[r.SkyAtmosphere.SampleCountMax:128.0]]
[2023.06.19-20.02.20:001][  0]LogConfig: Setting CVar [[r.SkyAtmosphere.TransmittanceLUT.UseSmallFormat:0]]
[2023.06.19-20.02.20:001][  0]LogConfig: Setting CVar [[r.SkyAtmosphere.TransmittanceLUT.SampleCount:10.0]]
[2023.06.19-20.02.20:001][  0]LogConfig: Setting CVar [[r.SkyAtmosphere.MultiScatteringLUT.SampleCount:15.0]]
[2023.06.19-20.02.20:001][  0]LogConfig: Setting CVar [[r.SkyLight.RealTimeReflectionCapture:1]]
[2023.06.19-20.02.20:001][  0]LogConfig: Applying CVar settings from Section [FoliageQuality@3] File [D:/School/Unreal Engine/TreasureChase/TreasureChase/Saved/Config/Windows/Scalability.ini]
[2023.06.19-20.02.20:001][  0]LogConfig: Setting CVar [[foliage.DensityScale:1.0]]
[2023.06.19-20.02.20:001][  0]LogConfig: Setting CVar [[grass.DensityScale:1.0]]
[2023.06.19-20.02.20:001][  0]LogConfig: Applying CVar settings from Section [ShadingQuality@3] File [D:/School/Unreal Engine/TreasureChase/TreasureChase/Saved/Config/Windows/Scalability.ini]
[2023.06.19-20.02.20:001][  0]LogConfig: Setting CVar [[r.HairStrands.SkyLighting.IntegrationType:2]]
[2023.06.19-20.02.20:001][  0]LogConfig: Setting CVar [[r.HairStrands.SkyAO.SampleCount:4]]
[2023.06.19-20.02.20:001][  0]LogConfig: Setting CVar [[r.HairStrands.Visibility.MSAA.SamplePerPixel:4]]
[2023.06.19-20.02.20:001][  0]LogInit: Selected Device Profile: [Windows]
[2023.06.19-20.02.20:001][  0]LogInit: Applying CVar settings loaded from the selected device profile: [Windows]
[2023.06.19-20.02.20:001][  0]LogHAL: Display: Platform has ~ 64 GB [68464689152 / 68719476736 / 64], which maps to Largest [LargestMinGB=32, LargerMinGB=12, DefaultMinGB=8, SmallerMinGB=6, SmallestMinGB=0)
[2023.06.19-20.02.20:001][  0]LogInit: Going up to parent DeviceProfile []
[2023.06.19-20.02.20:001][  0]LogConfig: Applying CVar settings from Section [ViewDistanceQuality@3] File [D:/School/Unreal Engine/TreasureChase/TreasureChase/Saved/Config/Windows/Scalability.ini]
[2023.06.19-20.02.20:001][  0]LogConfig: Setting CVar [[r.SkeletalMeshLODBias:0]]
[2023.06.19-20.02.20:001][  0]LogConfig: Setting CVar [[r.ViewDistanceScale:1.0]]
[2023.06.19-20.02.20:001][  0]LogConfig: Applying CVar settings from Section [AntiAliasingQuality@3] File [D:/School/Unreal Engine/TreasureChase/TreasureChase/Saved/Config/Windows/Scalability.ini]
[2023.06.19-20.02.20:001][  0]LogConfig: Setting CVar [[r.PostProcessAAQuality:4]]
[2023.06.19-20.02.20:001][  0]LogConfig: Applying CVar settings from Section [ShadowQuality@3] File [D:/School/Unreal Engine/TreasureChase/TreasureChase/Saved/Config/Windows/Scalability.ini]
[2023.06.19-20.02.20:001][  0]LogConfig: Setting CVar [[r.LightFunctionQuality:1]]
[2023.06.19-20.02.20:001][  0]LogConfig: Setting CVar [[r.ShadowQuality:5]]
[2023.06.19-20.02.20:001][  0]LogConfig: Setting CVar [[r.Shadow.CSM.MaxCascades:10]]
[2023.06.19-20.02.20:001][  0]LogConfig: Setting CVar [[r.Shadow.MaxResolution:2048]]
[2023.06.19-20.02.20:001][  0]LogConfig: Setting CVar [[r.Shadow.MaxCSMResolution:2048]]
[2023.06.19-20.02.20:001][  0]LogConfig: Setting CVar [[r.Shadow.RadiusThreshold:0.01]]
[2023.06.19-20.02.20:001][  0]LogConfig: Setting CVar [[r.Shadow.DistanceScale:1.0]]
[2023.06.19-20.02.20:001][  0]LogConfig: Setting CVar [[r.Shadow.CSM.TransitionScale:1.0]]
[2023.06.19-20.02.20:001][  0]LogConfig: Setting CVar [[r.Shadow.PreShadowResolutionFactor:1.0]]
[2023.06.19-20.02.20:001][  0]LogConfig: Setting CVar [[r.DistanceFieldShadowing:1]]
[2023.06.19-20.02.20:001][  0]LogConfig: Setting CVar [[r.DistanceFieldAO:1]]
[2023.06.19-20.02.20:001][  0]LogConfig: Setting CVar [[r.AOQuality:2]]
[2023.06.19-20.02.20:001][  0]LogConfig: Setting CVar [[r.VolumetricFog:1]]
[2023.06.19-20.02.20:001][  0]LogConfig: Setting CVar [[r.VolumetricFog.GridPixelSize:8]]
[2023.06.19-20.02.20:001][  0]LogConfig: Setting CVar [[r.VolumetricFog.GridSizeZ:128]]
[2023.06.19-20.02.20:001][  0]LogConfig: Setting CVar [[r.VolumetricFog.HistoryMissSupersampleCount:4]]
[2023.06.19-20.02.20:001][  0]LogConfig: Setting CVar [[r.LightMaxDrawDistanceScale:1]]
[2023.06.19-20.02.20:001][  0]LogConfig: Setting CVar [[r.CapsuleShadows:1]]
[2023.06.19-20.02.20:001][  0]LogConfig: Applying CVar settings from Section [PostProcessQuality@3] File [D:/School/Unreal Engine/TreasureChase/TreasureChase/Saved/Config/Windows/Scalability.ini]
[2023.06.19-20.02.20:001][  0]LogConfig: Setting CVar [[r.MotionBlurQuality:4]]
[2023.06.19-20.02.20:001][  0]LogConfig: Setting CVar [[r.AmbientOcclusionMipLevelFactor:0.4]]
[2023.06.19-20.02.20:001][  0]LogConfig: Setting CVar [[r.AmbientOcclusionMaxQuality:100]]
[2023.06.19-20.02.20:001][  0]LogConfig: Setting CVar [[r.AmbientOcclusionLevels:-1]]
[2023.06.19-20.02.20:001][  0]LogConfig: Setting CVar [[r.AmbientOcclusionRadiusScale:1.0]]
[2023.06.19-20.02.20:001][  0]LogConfig: Setting CVar [[r.DepthOfFieldQuality:2]]
[2023.06.19-20.02.20:001][  0]LogConfig: Setting CVar [[r.RenderTargetPoolMin:400]]
[2023.06.19-20.02.20:001][  0]LogConfig: Setting CVar [[r.LensFlareQuality:2]]
[2023.06.19-20.02.20:001][  0]LogConfig: Setting CVar [[r.SceneColorFringeQuality:1]]
[2023.06.19-20.02.20:001][  0]LogConfig: Setting CVar [[r.EyeAdaptationQuality:2]]
[2023.06.19-20.02.20:001][  0]LogConfig: Setting CVar [[r.BloomQuality:5]]
[2023.06.19-20.02.20:001][  0]LogConfig: Setting CVar [[r.FastBlurThreshold:100]]
[2023.06.19-20.02.20:002][  0]LogConfig: Setting CVar [[r.Upscale.Quality:3]]
[2023.06.19-20.02.20:002][  0]LogConfig: Setting CVar [[r.Tonemapper.GrainQuantization:1]]
[2023.06.19-20.02.20:002][  0]LogConfig: Setting CVar [[r.LightShaftQuality:1]]
[2023.06.19-20.02.20:002][  0]LogConfig: Setting CVar [[r.Filter.SizeScale:1]]
[2023.06.19-20.02.20:002][  0]LogConfig: Setting CVar [[r.Tonemapper.Quality:5]]
[2023.06.19-20.02.20:002][  0]LogConfig: Setting CVar [[r.DOF.Gather.AccumulatorQuality:1        ; higher gathering accumulator quality]]
[2023.06.19-20.02.20:002][  0]LogConfig: Setting CVar [[r.DOF.Gather.PostfilterMethod:1          ; Median3x3 postfilering method]]
[2023.06.19-20.02.20:002][  0]LogConfig: Setting CVar [[r.DOF.Gather.EnableBokehSettings:0       ; no bokeh simulation when gathering]]
[2023.06.19-20.02.20:002][  0]LogConfig: Setting CVar [[r.DOF.Gather.RingCount:4                 ; medium number of samples when gathering]]
[2023.06.19-20.02.20:002][  0]LogConfig: Setting CVar [[r.DOF.Scatter.ForegroundCompositing:1    ; additive foreground scattering]]
[2023.06.19-20.02.20:002][  0]LogConfig: Setting CVar [[r.DOF.Scatter.BackgroundCompositing:2    ; additive background scattering]]
[2023.06.19-20.02.20:002][  0]LogConfig: Setting CVar [[r.DOF.Scatter.EnableBokehSettings:1      ; bokeh simulation when scattering]]
[2023.06.19-20.02.20:002][  0]LogConfig: Setting CVar [[r.DOF.Scatter.MaxSpriteRatio:0.1         ; only a maximum of 10% of scattered bokeh]]
[2023.06.19-20.02.20:002][  0]LogConfig: Setting CVar [[r.DOF.Recombine.Quality:1                ; cheap slight out of focus]]
[2023.06.19-20.02.20:002][  0]LogConfig: Setting CVar [[r.DOF.Recombine.EnableBokehSettings:0    ; no bokeh simulation on slight out of focus]]
[2023.06.19-20.02.20:002][  0]LogConfig: Setting CVar [[r.DOF.TemporalAAQuality:1                ; more stable temporal accumulation]]
[2023.06.19-20.02.20:002][  0]LogConfig: Setting CVar [[r.DOF.Kernel.MaxForegroundRadius:0.025]]
[2023.06.19-20.02.20:002][  0]LogConfig: Setting CVar [[r.DOF.Kernel.MaxBackgroundRadius:0.025]]
[2023.06.19-20.02.20:002][  0]LogConfig: Applying CVar settings from Section [TextureQuality@3] File [D:/School/Unreal Engine/TreasureChase/TreasureChase/Saved/Config/Windows/Scalability.ini]
[2023.06.19-20.02.20:002][  0]LogConfig: Setting CVar [[r.Streaming.MipBias:0]]
[2023.06.19-20.02.20:002][  0]LogConfig: Setting CVar [[r.Streaming.AmortizeCPUToGPUCopy:0]]
[2023.06.19-20.02.20:002][  0]LogConfig: Setting CVar [[r.Streaming.MaxNumTexturesToStreamPerFrame:0]]
[2023.06.19-20.02.20:002][  0]LogConfig: Setting CVar [[r.Streaming.Boost:1]]
[2023.06.19-20.02.20:002][  0]LogConfig: Setting CVar [[r.MaxAnisotropy:8]]
[2023.06.19-20.02.20:002][  0]LogConfig: Setting CVar [[r.VT.MaxAnisotropy:8]]
[2023.06.19-20.02.20:002][  0]LogConfig: Setting CVar [[r.Streaming.LimitPoolSizeToVRAM:0]]
[2023.06.19-20.02.20:002][  0]LogConfig: Setting CVar [[r.Streaming.PoolSize:1000]]
[2023.06.19-20.02.20:002][  0]LogConfig: Setting CVar [[r.Streaming.MaxEffectiveScreenSize:0]]
[2023.06.19-20.02.20:002][  0]LogConfig: Applying CVar settings from Section [EffectsQuality@3] File [D:/School/Unreal Engine/TreasureChase/TreasureChase/Saved/Config/Windows/Scalability.ini]
[2023.06.19-20.02.20:002][  0]LogConfig: Setting CVar [[r.TranslucencyLightingVolumeDim:64]]
[2023.06.19-20.02.20:002][  0]LogConfig: Setting CVar [[r.RefractionQuality:2]]
[2023.06.19-20.02.20:002][  0]LogConfig: Setting CVar [[r.SSR.Quality:3]]
[2023.06.19-20.02.20:002][  0]LogConfig: Setting CVar [[r.SSR.HalfResSceneColor:0]]
[2023.06.19-20.02.20:002][  0]LogConfig: Setting CVar [[r.SceneColorFormat:4]]
[2023.06.19-20.02.20:002][  0]LogConfig: Setting CVar [[r.DetailMode:2]]
[2023.06.19-20.02.20:002][  0]LogConfig: Setting CVar [[r.TranslucencyVolumeBlur:1]]
[2023.06.19-20.02.20:002][  0]LogConfig: Setting CVar [[r.MaterialQualityLevel:1 ; High quality]]
[2023.06.19-20.02.20:002][  0]LogConfig: Setting CVar [[r.AnisotropicMaterials:1]]
[2023.06.19-20.02.20:002][  0]LogConfig: Setting CVar [[r.SSS.Scale:1]]
[2023.06.19-20.02.20:002][  0]LogConfig: Setting CVar [[r.SSS.SampleSet:2]]
[2023.06.19-20.02.20:002][  0]LogConfig: Setting CVar [[r.SSS.Quality:1]]
[2023.06.19-20.02.20:002][  0]LogConfig: Setting CVar [[r.SSS.HalfRes:0]]
[2023.06.19-20.02.20:002][  0]LogConfig: Setting CVar [[r.SSGI.Quality:3]]
[2023.06.19-20.02.20:002][  0]LogConfig: Setting CVar [[r.EmitterSpawnRateScale:1.0]]
[2023.06.19-20.02.20:002][  0]LogConfig: Setting CVar [[r.ParticleLightQuality:2]]
[2023.06.19-20.02.20:002][  0]LogConfig: Setting CVar [[r.SkyAtmosphere.AerialPerspectiveLUT.FastApplyOnOpaque:1 ; Always have FastSkyLUT 1 in this case to avoid wrong sky]]
[2023.06.19-20.02.20:002][  0]LogConfig: Setting CVar [[r.SkyAtmosphere.AerialPerspectiveLUT.SampleCountMaxPerSlice:4]]
[2023.06.19-20.02.20:002][  0]LogConfig: Setting CVar [[r.SkyAtmosphere.AerialPerspectiveLUT.DepthResolution:16.0]]
[2023.06.19-20.02.20:002][  0]LogConfig: Setting CVar [[r.SkyAtmosphere.FastSkyLUT:1]]
[2023.06.19-20.02.20:002][  0]LogConfig: Setting CVar [[r.SkyAtmosphere.FastSkyLUT.SampleCountMin:4.0]]
[2023.06.19-20.02.20:002][  0]LogConfig: Setting CVar [[r.SkyAtmosphere.FastSkyLUT.SampleCountMax:128.0]]
[2023.06.19-20.02.20:002][  0]LogConfig: Setting CVar [[r.SkyAtmosphere.SampleCountMin:4.0]]
[2023.06.19-20.02.20:002][  0]LogConfig: Setting CVar [[r.SkyAtmosphere.SampleCountMax:128.0]]
[2023.06.19-20.02.20:002][  0]LogConfig: Setting CVar [[r.SkyAtmosphere.TransmittanceLUT.UseSmallFormat:0]]
[2023.06.19-20.02.20:002][  0]LogConfig: Setting CVar [[r.SkyAtmosphere.TransmittanceLUT.SampleCount:10.0]]
[2023.06.19-20.02.20:002][  0]LogConfig: Setting CVar [[r.SkyAtmosphere.MultiScatteringLUT.SampleCount:15.0]]
[2023.06.19-20.02.20:002][  0]LogConfig: Setting CVar [[r.SkyLight.RealTimeReflectionCapture:1]]
[2023.06.19-20.02.20:002][  0]LogConfig: Applying CVar settings from Section [FoliageQuality@3] File [D:/School/Unreal Engine/TreasureChase/TreasureChase/Saved/Config/Windows/Scalability.ini]
[2023.06.19-20.02.20:002][  0]LogConfig: Setting CVar [[foliage.DensityScale:1.0]]
[2023.06.19-20.02.20:002][  0]LogConfig: Setting CVar [[grass.DensityScale:1.0]]
[2023.06.19-20.02.20:002][  0]LogConfig: Applying CVar settings from Section [ShadingQuality@3] File [D:/School/Unreal Engine/TreasureChase/TreasureChase/Saved/Config/Windows/Scalability.ini]
[2023.06.19-20.02.20:002][  0]LogConfig: Setting CVar [[r.HairStrands.SkyLighting.IntegrationType:2]]
[2023.06.19-20.02.20:002][  0]LogConfig: Setting CVar [[r.HairStrands.SkyAO.SampleCount:4]]
[2023.06.19-20.02.20:002][  0]LogConfig: Setting CVar [[r.HairStrands.Visibility.MSAA.SamplePerPixel:4]]
[2023.06.19-20.02.20:002][  0]LogConfig: Applying CVar settings from Section [Startup] File [../../../Engine/Config/ConsoleVariables.ini]
[2023.06.19-20.02.20:002][  0]LogConfig: Setting CVar [[net.UseAdaptiveNetUpdateFrequency:0]]
[2023.06.19-20.02.20:002][  0]LogConfig: Setting CVar [[p.chaos.AllowCreatePhysxBodies:1]]
[2023.06.19-20.02.20:002][  0]LogConfig: Setting CVar [[fx.SkipVectorVMBackendOptimizations:1]]
[2023.06.19-20.02.20:002][  0]LogConfig: Applying CVar settings from Section [ConsoleVariables] File [D:/School/Unreal Engine/TreasureChase/TreasureChase/Saved/Config/Windows/Engine.ini]
[2023.06.19-20.02.20:002][  0]LogConfig: Applying CVar settings from Section [ConsoleVariables] File [D:/School/Unreal Engine/TreasureChase/TreasureChase/Saved/Config/Windows/Editor.ini]
[2023.06.19-20.02.20:002][  0]LogInit: Computer: EXODIA
[2023.06.19-20.02.20:002][  0]LogInit: User: GeorgeEdmon
[2023.06.19-20.02.20:002][  0]LogInit: CPU Page size=4096, Cores=16
[2023.06.19-20.02.20:002][  0]LogInit: High frequency timer resolution =10.000000 MHz
[2023.06.19-20.02.20:002][  0]LogMemory: Memory total: Physical=63.8GB (64GB approx)
[2023.06.19-20.02.20:002][  0]LogMemory: Platform Memory Stats for Windows
[2023.06.19-20.02.20:002][  0]LogMemory: Process Physical Memory: 153.28 MB used, 153.28 MB peak
[2023.06.19-20.02.20:002][  0]LogMemory: Process Virtual Memory: 126.28 MB used, 126.28 MB peak
[2023.06.19-20.02.20:002][  0]LogMemory: Physical Memory: 12104.53 MB used,  53188.49 MB free, 65293.02 MB total
[2023.06.19-20.02.20:002][  0]LogMemory: Virtual Memory: 134160304.00 MB used,  57427.30 MB free, 134217728.00 MB total
[2023.06.19-20.02.20:003][  0]LogWindows: WindowsPlatformFeatures enabled
[2023.06.19-20.02.20:022][  0]LogInit: Physics initialised using underlying interface: PhysX
[2023.06.19-20.02.20:023][  0]LogInit: Using OS detected language (en-US).
[2023.06.19-20.02.20:023][  0]LogInit: Using OS detected locale (en-CA).
[2023.06.19-20.02.20:025][  0]LogTextLocalizationManager: No specific localization for 'en-US' exists, so the 'en' localization will be used.
[2023.06.19-20.02.20:140][  0]LogWindowsTextInputMethodSystem: Display: IME system deactivated.
[2023.06.19-20.02.20:176][  0]LogSlate: New Slate User Created.  User Index 0, Is Virtual User: 0
[2023.06.19-20.02.20:176][  0]LogSlate: Slate User Registered.  User Index 0, Is Virtual User: 0
[2023.06.19-20.02.20:201][  0]LogD3D11RHI: Loaded GFSDK_Aftermath_Lib.x64.dll
[2023.06.19-20.02.20:203][  0]LogHMD: Failed to initialize OpenVR with code 110
[2023.06.19-20.02.20:203][  0]LogD3D11RHI: D3D11 min allowed feature level: 11_0
[2023.06.19-20.02.20:203][  0]LogD3D11RHI: D3D11 max allowed feature level: 11_0
[2023.06.19-20.02.20:203][  0]LogD3D11RHI: D3D11 adapters:
[2023.06.19-20.02.20:254][  0]LogD3D11RHI:    0. 'AMD Radeon RX 7900 XTX' (Feature Level 11_0)
[2023.06.19-20.02.20:254][  0]LogD3D11RHI:       24519/0/32646 MB DedicatedVideo/DedicatedSystem/SharedSystem, Outputs:2, VendorId:0x1002
[2023.06.19-20.02.20:256][  0]LogD3D11RHI:    1. 'Microsoft Basic Render Driver' (Feature Level 11_0)
[2023.06.19-20.02.20:256][  0]LogD3D11RHI:       0/0/32646 MB DedicatedVideo/DedicatedSystem/SharedSystem, Outputs:0, VendorId:0x1414
[2023.06.19-20.02.20:256][  0]LogD3D11RHI: Chosen D3D11 Adapter:
[2023.06.19-20.02.20:256][  0]LogD3D11RHI:     Description : AMD Radeon RX 7900 XTX
[2023.06.19-20.02.20:256][  0]LogD3D11RHI:     VendorId    : 1002
[2023.06.19-20.02.20:256][  0]LogD3D11RHI:     DeviceId    : 744c
[2023.06.19-20.02.20:256][  0]LogD3D11RHI:     SubSysId    : 52001462
[2023.06.19-20.02.20:256][  0]LogD3D11RHI:     Revision    : 00c8
[2023.06.19-20.02.20:256][  0]LogD3D11RHI:     DedicatedVideoMemory : 25710440448 bytes
[2023.06.19-20.02.20:256][  0]LogD3D11RHI:     DedicatedSystemMemory : 0 bytes
[2023.06.19-20.02.20:256][  0]LogD3D11RHI:     SharedSystemMemory : 34232344576 bytes
[2023.06.19-20.02.20:256][  0]LogD3D11RHI:     AdapterLuid : 0 54672
[2023.06.19-20.02.20:265][  0]LogD3D11RHI: Creating new Direct3DDevice
[2023.06.19-20.02.20:265][  0]LogD3D11RHI:     GPU DeviceId: 0x744c (for the marketing name, search the web for "GPU Device Id")
[2023.06.19-20.02.20:265][  0]LogWindows: EnumDisplayDevices:
[2023.06.19-20.02.20:265][  0]LogWindows:    0. 'AMD Radeon RX 7900 XTX' (P:1 D:1)
[2023.06.19-20.02.20:266][  0]LogWindows:    1. 'AMD Radeon RX 7900 XTX' (P:0 D:1)
[2023.06.19-20.02.20:266][  0]LogWindows:    2. 'AMD Radeon RX 7900 XTX' (P:0 D:0)
[2023.06.19-20.02.20:266][  0]LogWindows:    3. 'AMD Radeon RX 7900 XTX' (P:0 D:0)
[2023.06.19-20.02.20:266][  0]LogWindows: DebugString: FoundDriverCount:4 
[2023.06.19-20.02.20:266][  0]LogD3D11RHI:     Adapter Name: AMD Radeon RX 7900 XTX
[2023.06.19-20.02.20:266][  0]LogD3D11RHI:   Driver Version: AMD Software: Adrenalin Edition 23.5.2 (internal:31.0.14057.5006, unified:31.0.14057.5006)
[2023.06.19-20.02.20:266][  0]LogD3D11RHI:      Driver Date: 5-23-2023
[2023.06.19-20.02.20:266][  0]LogRHI: Texture pool is 16625 MB (70% of 23751 MB)
[2023.06.19-20.02.20:280][  0]LogD3D11RHI: Creating D3DDevice with AMD AGS, using adapter:
[2023.06.19-20.02.20:280][  0]LogD3D11RHI:     Description : AMD Radeon RX 7900 XTX
[2023.06.19-20.02.20:280][  0]LogD3D11RHI:     VendorId    : 1002
[2023.06.19-20.02.20:280][  0]LogD3D11RHI:     DeviceId    : 744c
[2023.06.19-20.02.20:280][  0]LogD3D11RHI:     SubSysId    : 52001462
[2023.06.19-20.02.20:280][  0]LogD3D11RHI:     Revision    : 00c8
[2023.06.19-20.02.20:280][  0]LogD3D11RHI:     DedicatedVideoMemory : 25710440448 bytes
[2023.06.19-20.02.20:280][  0]LogD3D11RHI:     DedicatedSystemMemory : 0 bytes
[2023.06.19-20.02.20:280][  0]LogD3D11RHI:     SharedSystemMemory : 34232344576 bytes
[2023.06.19-20.02.20:280][  0]LogD3D11RHI:     AdapterLuid : 0 54672
[2023.06.19-20.02.20:323][  0]LogD3D11RHI: Created device via AGS, feature level 11_0, supported extensions 1fffffbf.
[2023.06.19-20.02.20:323][  0]LogD3D11RHI: RHI has support for 64 bit atomics
[2023.06.19-20.02.20:323][  0]LogD3D11RHI: Async texture creation enabled
[2023.06.19-20.02.20:323][  0]LogD3D11RHI: Array index from any shader is supported
[2023.06.19-20.02.20:335][  0]LogD3D11RHI: GPU Timing Frequency: 100.000000 (Debug: 2 1)
[2023.06.19-20.02.20:514][  0]LogTargetPlatformManager: Display: Loaded TargetPlatform 'WindowsNoEditor'
[2023.06.19-20.02.20:518][  0]LogTargetPlatformManager: Display: Loaded TargetPlatform 'Windows'
[2023.06.19-20.02.20:522][  0]LogTargetPlatformManager: Display: Loaded TargetPlatform 'WindowsClient'
[2023.06.19-20.02.20:525][  0]LogTargetPlatformManager: Display: Loaded TargetPlatform 'WindowsServer'
[2023.06.19-20.02.20:525][  0]LogTargetPlatformManager: Display: Building Assets For Windows
[2023.06.19-20.02.20:531][  0]LogAudioDebug: Display: Lib vorbis DLL was dynamically loaded.
[2023.06.19-20.02.20:573][  0]LogTextureFormatOodle: Display: Oodle Texture 2.9.0 init RDO Off
[2023.06.19-20.02.20:598][  0]LogRendererCore: Ray tracing is disabled. Reason: r.RayTracing=0.
[2023.06.19-20.02.20:599][  0]LogShaderCompilers: Guid format shader working directory is -11 characters bigger than the processId version (../../../../../School/Unreal Engine/TreasureChase/TreasureChase/Intermediate/Shaders/WorkingDirectory/66004/).
[2023.06.19-20.02.20:599][  0]LogShaderCompilers: Cleaned the shader compiler working directory 'C:/Users/George Edmon/AppData/Local/Temp/UnrealShaderWorkingDir/04D7AB9948DF1DA4892C298F109F20A2/'.
[2023.06.19-20.02.20:599][  0]LogXGEController: Cannot use XGE Controller as Incredibuild is not installed on this machine.
[2023.06.19-20.02.20:599][  0]LogShaderCompilers: Cannot use XGE Shader Compiler as Incredibuild is not installed on this machine.
[2023.06.19-20.02.20:599][  0]LogShaderCompilers: Display: Using Local Shader Compiler.
[2023.06.19-20.02.21:091][  0]LogDerivedDataCache: Display: Max Cache Size: 512 MB
[2023.06.19-20.02.21:132][  0]LogDerivedDataCache: Loaded boot cache 0.04s 94MB C:/Users/George Edmon/AppData/Local/UnrealEngine/4.27/DerivedDataCache/Boot.ddc.
[2023.06.19-20.02.21:132][  0]LogDerivedDataCache: Display: Loaded Boot cache: C:/Users/George Edmon/AppData/Local/UnrealEngine/4.27/DerivedDataCache/Boot.ddc
[2023.06.19-20.02.21:132][  0]LogDerivedDataCache: FDerivedDataBackendGraph:  Pak pak cache file ../../../../../School/Unreal Engine/TreasureChase/TreasureChase/DerivedDataCache/DDC.ddp not found, will not use a pak cache.
[2023.06.19-20.02.21:132][  0]LogDerivedDataCache: Unable to find inner node Pak for hierarchical cache Hierarchy.
[2023.06.19-20.02.21:132][  0]LogDerivedDataCache: FDerivedDataBackendGraph:  CompressedPak pak cache file ../../../../../School/Unreal Engine/TreasureChase/TreasureChase/DerivedDataCache/Compressed.ddp not found, will not use a pak cache.
[2023.06.19-20.02.21:132][  0]LogDerivedDataCache: Unable to find inner node CompressedPak for hierarchical cache Hierarchy.
[2023.06.19-20.02.21:143][  0]LogDerivedDataCache: Display: Pak cache opened for reading ../../../Engine/DerivedDataCache/Compressed.ddp.
[2023.06.19-20.02.21:143][  0]LogDerivedDataCache: FDerivedDataBackendGraph:  EnterprisePak pak cache file ../../../Enterprise/DerivedDataCache/Compressed.ddp not found, will not use a pak cache.
[2023.06.19-20.02.21:143][  0]LogDerivedDataCache: Unable to find inner node EnterprisePak for hierarchical cache Hierarchy.
[2023.06.19-20.02.21:148][  0]LogDerivedDataCache: Speed tests for C:/Users/George Edmon/AppData/Local/UnrealEngine/Common/DerivedDataCache took 0.00 seconds
[2023.06.19-20.02.21:148][  0]LogDerivedDataCache: Display: Performance to C:/Users/George Edmon/AppData/Local/UnrealEngine/Common/DerivedDataCache: Latency=0.02ms. RandomReadSpeed=1872.86MBs, RandomWriteSpeed=235.21MBs. Assigned SpeedClass 'Local'
[2023.06.19-20.02.21:148][  0]LogDerivedDataCache: Using Local data cache path C:/Users/George Edmon/AppData/Local/UnrealEngine/Common/DerivedDataCache: Writable
[2023.06.19-20.02.21:148][  0]LogDerivedDataCache: Shared data cache path not found in *engine.ini, will not use an Shared cache.
[2023.06.19-20.02.21:148][  0]LogDerivedDataCache: Unable to find inner node Shared for hierarchical cache Hierarchy.
[2023.06.19-20.02.21:172][  0]LogSlate: Using FreeType 2.10.0
[2023.06.19-20.02.21:172][  0]LogSlate: SlateFontServices - WITH_FREETYPE: 1, WITH_HARFBUZZ: 1
[2023.06.19-20.02.21:224][  0]LogInit: Using OS detected language (en-US).
[2023.06.19-20.02.21:224][  0]LogInit: Using OS detected locale (en-CA).
[2023.06.19-20.02.21:224][  0]LogTextLocalizationManager: No localization for 'en-US' exists, so 'en' will be used for the language.
[2023.06.19-20.02.21:224][  0]LogTextLocalizationManager: No localization for 'en-CA' exists, so 'en' will be used for the locale.
[2023.06.19-20.02.21:224][  0]LogSlate: FontCache flush requested. Reason: Culture for localization was changed
[2023.06.19-20.02.21:224][  0]LogSlate: FontCache flush requested. Reason: Culture for localization was changed
[2023.06.19-20.02.21:226][  0]LogTextLocalizationManager: Compacting localization data took   0.00ms
[2023.06.19-20.02.21:226][  0]LogAssetRegistry: FAssetRegistry took 0.0010 seconds to start up
[2023.06.19-20.02.21:327][  0]LogPackageLocalizationCache: Processed 27 localized package path(s) for 1 prioritized culture(s) in 0.002177 seconds
[2023.06.19-20.02.21:359][  0]LogInit: Selected Device Profile: [Windows]
[2023.06.19-20.02.21:359][  0]LogInit: Active device profile: [000002A173C0C700][000002A16E0EB500 49] Windows
[2023.06.19-20.02.21:359][  0]LogInit: Profiles: [000002A173C0C700][000002A16E0EB500 49] Windows, [000002A173BE3700][000002A16E0E7640 49] WindowsNoEditor, [000002A173C0F300][000002A16E0EF780 49] WindowsServer, [000002A173BE0F00][000002A16E0F38C0 49] WindowsClient, [000002A173C0F500][000002A16E0FBA40 49] IOS, [000002A173BD3F00][000002A16E0FFBC0 49] iPadAir, [000002A173BE3B00][000002A16E1021C0 49] iPadAir2, [000002A173B84500][000002A16E10A480 49] IPadPro, [000002A173B84600][000002A16E1064C0 49] iPadAir3, [000002A173BD0100][000002A16E10E640 49] iPadAir4, [000002A173B86C00][000002A16E1127C0 49] iPadMini2, [000002A173BD2500][000002A16BB84940 49] iPadMini3, [000002A173B87400][000002A16BB88AC0 49] iPadMini4, [000002A173BD0F00][000002A16BB8CC40 49] iPadMini5, [000002A173B83E00][000002A16BB94F00 49] iPhone6, [000002A173B83F00][000002A16BB90F40 49] iPodTouch6, [000002A173C0F900][000002A16BB9D200 49] iPhone7, [000002A173C0E100][000002A16BB99240 49] iPodTouch7, [000002A173B80400][000002A16BBA13C0 49] iPhone5S, [000002A173B87D00][000002A16BBA5540 49] iPhone6Plus, [000002A173C0F400][000002A16BBA96C0 49] iPhone6S, [000002A173B86000][000002A16E0F7800 49] iPhone6SPlus, [000002A173C0C900][000002A16BBAD940 49] iPhone7Plus, [000002A173B84E00][000002A16BBB1A80 49] iPhoneSE, [000002A173C0C200][000002A16BBB9C00 49] iPhone8, [000002A173B86400][000002A16BBBC200 49] iPhone8Plus, [000002A173C0DE00][000002A16BBC0380 49] iPhoneX, [000002A173B87E00][000002A16BBC4500 49] iPhoneXS, [000002A173C0D600][000002A16BBC8680 49] iPhoneXSMax, [000002A173B86500][000002A16BBCC800 49] iPhoneXR, [000002A173C0EA00][000002A16B9E8980 49] iPhone11, [000002A173B87A00][000002A16B9ECB00 49] iPhone11Pro, [000002A173C0CF00][000002A16B9F0C80 49] iPhone11ProMax, [000002A173B86300][000002A16B9F4E00 49] iPhoneSE2, [000002A173C0E700][000002A16B9F8F80 49] iPhone12Mini, [000002A173B84700][000002A16B9FD100 49] iPhone12, [000002A173C0F100][000002A16BA01280 49] iPhone12Pro, [000002A173B87500][000002A16BA05400 49] iPhone12ProMax, [000002A173C0C800][000002A16BA09580 49] iPadPro105, [000002A173B85C00][000002A16BA0D700 49] iPadPro129, [000002A173C0C300][000002A16BA11880 49] iPadPro97, [000002A173B85D00][000002A16BBB59C0 49] iPadPro2_129, [000002A173C0CC00][000002A16BA15B00 49] iPad5, [000002A173B87000][000002A16BA180C0 49] iPad6, [000002A173C0EC00][000002A16BA20240 49] iPad7, [000002A173B86E00][000002A16BA243C0 49] iPad8, [000002A173C0FE00][000002A16BA28540 49] iPadPro11, [000002A173B85900][000002A16BA2C6C0 49] iPadPro2_11, [000002A173C0D800][000002A16BA30840 49] iPadPro3_129, [000002A173B84C00][000002A1739049C0 49] iPadPro4_129, [000002A173C0E400][000002A173908B40 49] AppleTV, [000002A173B87700][000002A17390CCC0 49] AppleTV4K, [000002A173C0DB00][000002A173910E40 49] TVOS, [000002A173B85000][000002A173914FC0 49] Mac, [000002A173C0DF00][000002A173919140 49] MacClient, [000002A173B86B00][000002A17391D2C0 49] MacNoEditor, [000002A173C0CD00][000002A173921440 49] MacServer, [000002A173B87300][000002A1739255C0 49] Linux, [000002A173C0CB00][000002A173929740 49] LinuxAArch64, [000002A173B86100][000002A17392D8C0 49] LinuxNoEditor, [000002A173C0D700][000002A173931A40 49] LinuxAArch64NoEditor, [000002A173B85A00][000002A16BA1DB80 49] LinuxClient, [000002A173C0D000][000002A173934140 49] LinuxAArch64Client, [000002A173B85400][000002A173938280 49] LinuxServer, [000002A173C0F000][000002A17393C3C0 49] LinuxAArch64Server, [000002A173B85600][000002A173944540 49] Android, [000002A173BD3900][000002A1739486C0 49] Android_Low, [000002A173B81B00][000002A17394C840 49] Android_Mid, [000002A173BD3000][000002A1739509C0 49] Android_High, [000002A173B83900][000002A173954B40 49] Android_Default, [000002A173BD2000][000002A173958CC0 49] Android_Adreno4xx, [000002A173B83B00][000002A17395CE40 49] Android_Adreno5xx_Low, [000002A173BD0B00][000002A173960FC0 49] Android_Adreno5xx, [000002A173B81800][000002A173965140 49] Android_Adreno6xx, [000002A173BD1100][000002A1739692C0 49] Android_Adreno6xx_Vulkan, [000002A173B80800][000002A17396D440 49] Android_Mali_T6xx, [000002A173BD3600][000002A1739715C0 49] Android_Mali_T7xx, [000002A173B80D00][000002A173975740 49] Android_Mali_T8xx, [000002A173BD3C00][000002A1739798C0 49] Android_Mali_G71, [000002A173B80900][000002A17397DA40 49] Android_Mali_G72, [000002A173BD3E00][000002A173981BC0 49] Android_Mali_G72_Vulkan, [000002A173B81900][000002A173940180 49] Android_Mali_G76, [000002A173BD3A00][000002A1739842C0 49] Android_Mali_G76_Vulkan, [000002A173B83600][000002A173988400 49] Android_Mali_G77, [000002A173BD2200][000002A17398C540 49] Android_Mali_G77_Vulkan, [000002A173B81200][000002A1739946C0 49] Android_Mali_G78, [000002A173BD0A00][000002A173998840 49] Android_Mali_G78_Vulkan, [000002A173B83000][000002A17399C9C0 49] Android_Mali_G710, [000002A173BD1400][000002A1739A0B40 49] Android_Mali_G710_Vulkan, [000002A173B80600][000002A1739A4CC0 49] Android_Vulkan_SM5, [000002A173BD1800][000002A1739A8E40 49] Android_PowerVR_G6xxx, [000002A173B80E00][000002A1739ACFC0 49] Android_PowerVR_GT7xxx, [000002A173BD0200][000002A1739B1140 49] Android_PowerVR_GE8xxx, [000002A173B80100][000002A1739B52C0 49] Android_PowerVR_GM9xxx, [000002A173BD2600][000002A1739B9440 49] Android_PowerVR_GM9xxx_Vulkan, [000002A173B87800][000002A1739BD5C0 49] Android_TegraK1, [000002A173BD2A00][000002A1739C1740 49] Android_Unknown_Vulkan, [000002A173B84F00][000002A1739C58C0 49] Lumin, [000002A173BD1200][000002A1739C9A40 49] Lumin_Desktop, [000002A173B84400][000002A1739CDBC0 49] HoloLens, 
[2023.06.19-20.02.21:391][  0]LogMeshReduction: Using QuadricMeshReduction for automatic static mesh reduction
[2023.06.19-20.02.21:391][  0]LogMeshReduction: Using SimplygonMeshReduction for automatic skeletal mesh reduction
[2023.06.19-20.02.21:391][  0]LogMeshReduction: Using ProxyLODMeshReduction for automatic mesh merging
[2023.06.19-20.02.21:391][  0]LogMeshReduction: No distributed automatic mesh merging module available
[2023.06.19-20.02.21:391][  0]LogMeshMerging: No distributed automatic mesh merging module available
[2023.06.19-20.02.21:459][  0]LogNetVersion: TreasureChase 1.0.0, NetCL: 17155196, EngineNetVer: 17, GameNetVer: 0 (Checksum: 1503744437)
[2023.06.19-20.02.21:594][  0]LogTexture: Default maximum texture size for cubemaps generated from long-lat sources has been changed from 512 to unlimited. In order to preserve old behaiour for '/Engine/MapTemplates/Sky/DaylightAmbientCubemap.DaylightAmbientCubemap', its maximum texture size has been explicitly set to 512.
[2023.06.19-20.02.21:624][  0]LogHMD: PokeAHoleMaterial loaded successfully
[2023.06.19-20.02.21:725][  0]LogMoviePlayer: Initializing movie player
[2023.06.19-20.02.21:808][  0]LogNiagaraDebuggerClient: Niagara Debugger Client Initialized | Session: E7EC768846719C3A940E64B006CF22AE | Instance: B37086EC4E24070EEB9ED2A973B7812E (EXODIA-66004).
[2023.06.19-20.02.21:823][  0]LogCollectionManager: Loaded 0 collections in 0.000901 seconds
[2023.06.19-20.02.21:825][  0]LogFileCache: Scanning file cache for directory 'D:/School/Unreal Engine/TreasureChase/TreasureChase/Saved/Collections/' took 0.00s
[2023.06.19-20.02.21:825][  0]LogFileCache: Scanning file cache for directory 'D:/School/Unreal Engine/TreasureChase/TreasureChase/Content/Developers/GeorgeEdmon/Collections/' took 0.00s
[2023.06.19-20.02.21:825][  0]LogFileCache: Scanning file cache for directory 'D:/School/Unreal Engine/TreasureChase/TreasureChase/Content/Collections/' took 0.00s
[2023.06.19-20.02.21:825][  0]LogCollectionManager: Fixed up redirectors for 0 collections in 0.000007 seconds (updated 0 objects)
[2023.06.19-20.02.21:840][  0]LogUdpMessaging: Initializing bridge on interface 0.0.0.0:0 to multicast group 230.0.0.1:6666.
[2023.06.19-20.02.21:844][  0]LogTcpMessaging: Initializing TcpMessaging bridge
[2023.06.19-20.02.21:945][  0]LogPython: Using Python 3.7.7
[2023.06.19-20.02.22:259][  0]LogAndroidPermission: UAndroidPermissionCallbackProxy::GetInstance
[2023.06.19-20.02.22:273][  0]LogAudioCaptureCore: Display: No Audio Capture implementations found. Audio input will be silent.
[2023.06.19-20.02.22:273][  0]LogAudioCaptureCore: Display: No Audio Capture implementations found. Audio input will be silent.
[2023.06.19-20.02.22:354][  0]LogOpenImageDenoise: OIDN starting up
[2023.06.19-20.02.22:362][  0]SourceControl: Source control is disabled
[2023.06.19-20.02.22:362][  0]SourceControl: Source control is disabled
[2023.06.19-20.02.22:364][  0]SourceControl: Source control is disabled
[2023.06.19-20.02.22:366][  0]LogUProjectInfo: Found projects:
[2023.06.19-20.02.22:391][  0]LogOcInput: OculusInput pre-init called
[2023.06.19-20.02.22:397][  0]LogUObjectArray: 22121 objects as part of root set at end of initial load.
[2023.06.19-20.02.22:397][  0]LogUObjectAllocator: 5975632 out of 0 bytes used by permanent object pool.
[2023.06.19-20.02.22:397][  0]LogUObjectArray: CloseDisregardForGC: 0/0 objects in disregard for GC pool
[2023.06.19-20.02.22:430][  0]LogEngine: Initializing Engine...
[2023.06.19-20.02.22:432][  0]LogHMD: Failed to enumerate extensions. Please check that you have a valid OpenXR runtime installed.
[2023.06.19-20.02.22:433][  0]LogHMD: Failed to initialize OpenVR with code 110
[2023.06.19-20.02.22:433][  0]LogMagicLeap: Warning: VR disabled because ZI is not enabled.  To enable, in the editor, Edit -> Project Settings -> Plugins -> Magic Leap Plugin -> Enable Zero Iteration
[2023.06.19-20.02.22:434][  0]LogStats: UGameplayTagsManager::InitializeManager -  0.000 s
[2023.06.19-20.02.22:487][  0]LogInit: Initializing FReadOnlyCVARCache
[2023.06.19-20.02.22:487][  0]LogAudio: Display: Initializing Audio Device Manager...
[2023.06.19-20.02.22:490][  0]LogAudio: Display: Loading Default Audio Settings Objects...
[2023.06.19-20.02.22:490][  0]LogAudio: Display: No default SoundConcurrencyObject specified (or failed to load).
[2023.06.19-20.02.22:490][  0]LogAudio: Display: Audio Device Manager Initialized
[2023.06.19-20.02.22:490][  0]LogAudio: Display: Creating Audio Device:                 Id: 1, Scope: Shared, Realtime: True
[2023.06.19-20.02.22:490][  0]LogAudioMixer: Display: Audio Mixer Platform Settings:
[2023.06.19-20.02.22:490][  0]LogAudioMixer: Display: 	Sample Rate:						  48000
[2023.06.19-20.02.22:490][  0]LogAudioMixer: Display: 	Callback Buffer Frame Size Requested: 1024
[2023.06.19-20.02.22:490][  0]LogAudioMixer: Display: 	Callback Buffer Frame Size To Use:	  1024
[2023.06.19-20.02.22:490][  0]LogAudioMixer: Display: 	Number of buffers to queue:			  2
[2023.06.19-20.02.22:490][  0]LogAudioMixer: Display: 	Max Channels (voices):				  32
[2023.06.19-20.02.22:490][  0]LogAudioMixer: Display: 	Number of Async Source Workers:		  0
[2023.06.19-20.02.22:490][  0]LogAudio: Display: AudioDevice MaxSources: 32
[2023.06.19-20.02.22:490][  0]LogAudio: Display: Audio Spatialization Plugin: None (built-in).
[2023.06.19-20.02.22:490][  0]LogAudio: Display: Audio Reverb Plugin: None (built-in).
[2023.06.19-20.02.22:490][  0]LogAudio: Display: Audio Occlusion Plugin: None (built-in).
[2023.06.19-20.02.22:490][  0]LogAudioMixer: Display: Initializing audio mixer.
[2023.06.19-20.02.22:506][  0]LogAudioMixer: Display: 0: FrontLeft
[2023.06.19-20.02.22:506][  0]LogAudioMixer: Display: 1: FrontRight
[2023.06.19-20.02.22:512][  0]LogAudioMixer: Display: Using Audio Device Speakers (Realtek(R) Audio)
[2023.06.19-20.02.22:514][  0]LogAudioMixer: Display: Initializing Sound Submixes...
[2023.06.19-20.02.22:515][  0]LogAudioMixer: Display: Creating Master Submix 'MasterSubmixDefault'
[2023.06.19-20.02.22:515][  0]LogAudioMixer: Display: Creating Master Submix 'MasterReverbSubmixDefault'
[2023.06.19-20.02.22:516][  0]LogAudioMixer: Display: Creating Master Submix 'MasterEQSubmixDefault'
[2023.06.19-20.02.22:516][  0]LogAudioMixer: FMixerPlatformXAudio2::StartAudioStream() called
[2023.06.19-20.02.22:516][  0]LogAudioMixer: Display: Output buffers initialized: Frames=1024, Channels=2, Samples=2048
[2023.06.19-20.02.22:517][  0]LogAudioMixer: Display: Starting AudioMixerPlatformInterface::RunInternal()
[2023.06.19-20.02.22:517][  0]LogAudioMixer: Display: FMixerPlatformXAudio2::SubmitBuffer() called for the first time
[2023.06.19-20.02.22:517][  0]LogInit: FAudioDevice initialized.
[2023.06.19-20.02.22:517][  0]LogNetVersion: Set ProjectVersion to 1.0.0.0. Version Checksum will be recalculated on next use.
[2023.06.19-20.02.22:517][  0]LogInit: Texture streaming: Enabled
[2023.06.19-20.02.22:664][  0]LogAudio: Display: Audio Device (ID: 1) registered with world 'Untitled'.
[2023.06.19-20.02.22:664][  0]LogSlate: Updating window title bar state: overlay mode, drag disabled, window buttons hidden, title bar hidden
[2023.06.19-20.02.22:664][  0]LogInit: Display: Game Engine Initialized.
[2023.06.19-20.02.22:666][  0]LogNiagaraEditor: GEditor isn't valid! Particle reset commands will not work for Niagara components!
[2023.06.19-20.02.22:735][  0]LogInit: Display: Starting Game.
[2023.06.19-20.02.22:735][  0]LogNet: Browse: /Game/Maps/Gameplay?Name=Player
[2023.06.19-20.02.22:736][  0]LogLoad: LoadMap: /Game/Maps/Gameplay?Name=Player
[2023.06.19-20.02.22:736][  0]LogWorld: BeginTearingDown for /Temp/Untitled_0
[2023.06.19-20.02.22:736][  0]LogWorld: UWorld::CleanupWorld for Untitled, bSessionEnded=true, bCleanupResources=true
[2023.06.19-20.02.22:736][  0]LogSlate: InvalidateAllWidgets triggered.  All widgets were invalidated
[2023.06.19-20.02.22:738][  0]LogAudio: Display: Audio Device unregistered from world 'None'.
[2023.06.19-20.02.22:740][  0]LogUObjectHash: Compacting FUObjectHashTables data took   0.44ms
[2023.06.19-20.02.22:777][  0]LogAudio: Display: Audio Device (ID: 1) registered with world 'Gameplay'.
[2023.06.19-20.02.22:783][  0]LogAIModule: Creating AISystem for world Gameplay
[2023.06.19-20.02.22:784][  0]LogLoad: Game class is 'BP_Adventure_Runner_GameMode_C'
[2023.06.19-20.02.22:786][  0]LogWorld: Bringing World /Game/Maps/Gameplay.Gameplay up for play (max tick rate 0) at 2023.06.19-16.02.22
[2023.06.19-20.02.22:786][  0]LogWorld: Bringing up level for play took: 0.000748
[2023.06.19-20.02.22:786][  0]LogGameMode: Display: Match State Changed from EnteringMap to WaitingToStart
[2023.06.19-20.02.22:786][  0]LogGameState: Match State Changed from EnteringMap to WaitingToStart
[2023.06.19-20.02.22:786][  0]LogGameMode: Display: Match State Changed from WaitingToStart to InProgress
[2023.06.19-20.02.22:787][  0]LogViewport: Display: Viewport MouseCaptureMode Changed, CapturePermanently_IncludingInitialMouseDown -> CapturePermanently
[2023.06.19-20.02.22:787][  0]LogGameState: Match State Changed from WaitingToStart to InProgress
[2023.06.19-20.02.22:787][  0]LogLoad: Took 0.051883 seconds to LoadMap(/Game/Maps/Gameplay)
[2023.06.19-20.02.22:863][  0]LogSlate: Took 0.000106 seconds to synchronously load lazily loaded font '../../../Engine/Content/Slate/Fonts/Roboto-Regular.ttf' (155K)
[2023.06.19-20.02.22:902][  0]LogRenderer: Reallocating scene render targets to support 1280x720 Format 10 NumSamples 1 (Frame:1).
[2023.06.19-20.02.22:902][  0]LogInit: Display: Engine is initialized. Leaving FEngineLoop::Init()
[2023.06.19-20.02.22:903][  0]LogLoad: (Engine Initialization) Total time: 4.44 seconds
[2023.06.19-20.02.22:903][  0]LogLoad: (Engine Initialization) Total Blueprint compile time: 0.00 seconds
[2023.06.19-20.02.22:905][  0]LogContentStreaming: Texture pool size now 1000 MB
[2023.06.19-20.02.22:907][  0]LogSlate: InvalidateAllWidgets triggered.  All widgets were invalidated
[2023.06.19-20.02.22:924][  1]LogSlate: Took 0.000089 seconds to synchronously load lazily loaded font '../../../Engine/Content/Slate/Fonts/Roboto-Regular.ttf' (155K)
[2023.06.19-20.02.28:500][393]LogViewport: Display: Viewport MouseLockMode Changed, LockOnCapture -> DoNotLock
[2023.06.19-20.02.28:500][393]LogViewport: Display: Viewport MouseCaptureMode Changed, CapturePermanently -> NoCapture
[2023.06.19-20.02.33:355][898]LogSlate: Window 'TreasureChase (64-bit Development PCD3D_SM5) ' being destroyed
[2023.06.19-20.02.33:355][898]LogWindowsTextInputMethodSystem: Display: IME system deactivated.
[2023.06.19-20.02.33:361][898]LogWindowsTextInputMethodSystem: Display: IME system deactivated.
[2023.06.19-20.02.33:363][898]LogSlate: Updating window title bar state: overlay mode, drag disabled, window buttons hidden, title bar hidden
[2023.06.19-20.02.33:363][898]LogEngine: All Windows Closed
[2023.06.19-20.02.33:363][898]LogWindows: FPlatformMisc::RequestExit(0)
[2023.06.19-20.02.33:363][898]LogWindows: FPlatformMisc::RequestExitWithStatus(0, 0)
[2023.06.19-20.02.33:363][898]LogCore: Engine exit requested (reason: Win RequestExit)
[2023.06.19-20.02.33:363][899]LogCore: Engine exit requested (reason: EngineExit() was called; note: exit was already requested)
[2023.06.19-20.02.33:363][899]LogInit: Display: PreExit Game.
[2023.06.19-20.02.33:422][899]LogWorld: BeginTearingDown for /Game/Maps/Gameplay
[2023.06.19-20.02.33:422][899]LogWorld: UWorld::CleanupWorld for Gameplay, bSessionEnded=true, bCleanupResources=true
[2023.06.19-20.02.33:422][899]LogSlate: InvalidateAllWidgets triggered.  All widgets were invalidated
[2023.06.19-20.02.33:438][899]LogAudio: Display: Beginning Audio Device Manager Shutdown (Module: AudioMixerXAudio2)...
[2023.06.19-20.02.33:438][899]LogAudio: Display: Destroying 1 Remaining Audio Device(s)...
[2023.06.19-20.02.33:438][899]LogAudio: Display: Audio Device unregistered from world 'Gameplay'.
[2023.06.19-20.02.33:460][899]LogAudioMixer: FMixerPlatformXAudio2::StopAudioStream() called
[2023.06.19-20.02.33:462][899]LogAudioMixer: FMixerPlatformXAudio2::StopAudioStream() called
[2023.06.19-20.02.33:464][899]LogAudio: Display: Audio Device Manager Shutdown
[2023.06.19-20.02.33:481][899]LogExit: Preparing to exit.
[2023.06.19-20.02.33:493][899]LogSlate: Updating window title bar state: overlay mode, drag disabled, window buttons hidden, title bar hidden
[2023.06.19-20.02.33:494][899]LogUObjectHash: Compacting FUObjectHashTables data took   0.53ms
[2023.06.19-20.02.33:849][899]LogMoviePlayer: Shutting down movie player
[2023.06.19-20.02.34:047][899]LogDemo: Cleaned up 0 splitscreen connections with owner deletion
[2023.06.19-20.02.34:050][899]LogExit: Game engine shut down
[2023.06.19-20.02.34:072][899]LogExit: Object subsystem successfully closed.
[2023.06.19-20.02.34:084][899]LogShaderCompilers: Display: === FShaderJobCache stats ===
[2023.06.19-20.02.34:084][899]LogShaderCompilers: Display: Total job queries 0, among them cache hits 0 (0.00%)
[2023.06.19-20.02.34:084][899]LogShaderCompilers: Display: Tracking 0 distinct input hashes that result in 0 distinct outputs (0.00%)
[2023.06.19-20.02.34:084][899]LogShaderCompilers: Display: RAM used: 0.00 MB (0.00 GB) of 3276.80 MB (3.20 GB) budget. Usage: 0.00%
[2023.06.19-20.02.34:084][899]LogShaderCompilers: Display: ================================================
[2023.06.19-20.02.34:092][899]LogShaderCompilers: Display: Shaders left to compile 0
[2023.06.19-20.02.34:098][899]LogModuleManager: Shutting down and abandoning module SequenceRecorderSections (558)
[2023.06.19-20.02.34:098][899]LogModuleManager: Shutting down and abandoning module SequenceRecorder (556)
[2023.06.19-20.02.34:098][899]LogModuleManager: Shutting down and abandoning module AutomationController (554)
[2023.06.19-20.02.34:098][899]LogModuleManager: Shutting down and abandoning module AutomationWorker (552)
[2023.06.19-20.02.34:098][899]LogModuleManager: Shutting down and abandoning module Voice (550)
[2023.06.19-20.02.34:098][899]LogModuleManager: Shutting down and abandoning module AIModule (548)
[2023.06.19-20.02.34:098][899]LogModuleManager: Shutting down and abandoning module GameplayDebugger (547)
[2023.06.19-20.02.34:098][899]LogModuleManager: Shutting down and abandoning module AITestSuite (545)
[2023.06.19-20.02.34:098][899]LogModuleManager: Shutting down and abandoning module NavigationSystem (543)
[2023.06.19-20.02.34:098][899]LogModuleManager: Shutting down and abandoning module SteamVREditor (540)
[2023.06.19-20.02.34:098][899]LogModuleManager: Shutting down and abandoning module ToolMenus (539)
[2023.06.19-20.02.34:098][899]LogModuleManager: Shutting down and abandoning module OculusMR (536)
[2023.06.19-20.02.34:098][899]LogModuleManager: Shutting down and abandoning module TakeRecorderSources (534)
[2023.06.19-20.02.34:098][899]LogModuleManager: Shutting down and abandoning module TakeRecorder (533)
[2023.06.19-20.02.34:098][899]LogModuleManager: Shutting down and abandoning module TakeTrackRecorders (530)
[2023.06.19-20.02.34:098][899]LogModuleManager: Shutting down and abandoning module TakesCore (528)
[2023.06.19-20.02.34:098][899]LogModuleManager: Shutting down and abandoning module PlanarCut (526)
[2023.06.19-20.02.34:098][899]LogModuleManager: Shutting down and abandoning module CharacterAI (524)
[2023.06.19-20.02.34:098][899]LogModuleManager: Shutting down and abandoning module OpenXRInput (522)
[2023.06.19-20.02.34:098][899]LogModuleManager: Shutting down and abandoning module MagicLeapMediaCodecFactory (520)
[2023.06.19-20.02.34:098][899]LogModuleManager: Shutting down and abandoning module MagicLeapMediaFactory (518)
[2023.06.19-20.02.34:098][899]LogModuleManager: Shutting down and abandoning module WebMMediaFactory (516)
[2023.06.19-20.02.34:098][899]LogModuleManager: Shutting down and abandoning module WebMMedia (514)
[2023.06.19-20.02.34:098][899]LogModuleManager: Shutting down and abandoning module WmfMediaFactory (512)
[2023.06.19-20.02.34:098][899]LogModuleManager: Shutting down and abandoning module OpenExrWrapper (510)
[2023.06.19-20.02.34:098][899]LogModuleManager: Shutting down and abandoning module ImgMediaFactory (508)
[2023.06.19-20.02.34:098][899]LogModuleManager: Shutting down and abandoning module AvfMediaFactory (506)
[2023.06.19-20.02.34:098][899]LogModuleManager: Shutting down and abandoning module SessionServices (504)
[2023.06.19-20.02.34:098][899]LogModuleManager: Shutting down and abandoning module MovieSceneCapture (502)
[2023.06.19-20.02.34:098][899]LogModuleManager: Shutting down and abandoning module LiveCoding (500)
[2023.06.19-20.02.34:098][899]LogModuleManager: Shutting down and abandoning module LevelSequence (498)
[2023.06.19-20.02.34:098][899]LogModuleManager: Shutting down and abandoning module MovieSceneTracks (496)
[2023.06.19-20.02.34:098][899]LogModuleManager: Shutting down and abandoning module MovieScene (494)
[2023.06.19-20.02.34:098][899]LogModuleManager: Shutting down and abandoning module StreamingPauseRendering (492)
[2023.06.19-20.02.34:098][899]LogModuleManager: Shutting down and abandoning module PortalServices (490)
[2023.06.19-20.02.34:098][899]LogModuleManager: Shutting down and abandoning module PortalRpc (488)
[2023.06.19-20.02.34:098][899]LogModuleManager: Shutting down and abandoning module MessagingRpc (486)
[2023.06.19-20.02.34:098][899]LogModuleManager: Shutting down and abandoning module AudioMixerXAudio2 (484)
[2023.06.19-20.02.34:098][899]LogModuleManager: Shutting down and abandoning module AudioMixerCore (483)
[2023.06.19-20.02.34:098][899]LogModuleManager: Shutting down and abandoning module ImageWriteQueue (480)
[2023.06.19-20.02.34:102][899]LogModuleManager: Shutting down and abandoning module ProfilerService (478)
[2023.06.19-20.02.34:183][899]LogModuleManager: Shutting down and abandoning module TaskGraph (476)
[2023.06.19-20.02.34:183][899]LogModuleManager: Shutting down and abandoning module OculusInput (474)
[2023.06.19-20.02.34:183][899]LogModuleManager: Shutting down and abandoning module UObjectPlugin (472)
[2023.06.19-20.02.34:183][899]LogModuleManager: Shutting down and abandoning module VisualStudioSourceCodeAccess (470)
[2023.06.19-20.02.34:183][899]LogModuleManager: Shutting down and abandoning module HotReload (469)
[2023.06.19-20.02.34:183][899]LogModuleManager: Shutting down and abandoning module VisualStudioCodeSourceCodeAccess (466)
[2023.06.19-20.02.34:184][899]LogModuleManager: Shutting down and abandoning module SubversionSourceControl (464)
[2023.06.19-20.02.34:184][899]LogModuleManager: Shutting down and abandoning module PerforceSourceControl (462)
[2023.06.19-20.02.34:184][899]LogModuleManager: Shutting down and abandoning module SourceControl (461)
[2023.06.19-20.02.34:184][899]LogModuleManager: Shutting down and abandoning module TakeMovieScene (458)
[2023.06.19-20.02.34:184][899]LogModuleManager: Shutting down and abandoning module OpenImageDenoise (456)
[2023.06.19-20.02.34:184][899]LogOpenImageDenoise: OIDN shutting down
[2023.06.19-20.02.34:184][899]LogModuleManager: Shutting down and abandoning module MotoSynth (454)
[2023.06.19-20.02.34:184][899]LogModuleManager: Shutting down and abandoning module MeshConversion (452)
[2023.06.19-20.02.34:184][899]LogModuleManager: Shutting down and abandoning module DynamicMesh (450)
[2023.06.19-20.02.34:184][899]LogModuleManager: Shutting down and abandoning module GeometryAlgorithms (448)
[2023.06.19-20.02.34:184][899]LogModuleManager: Shutting down and abandoning module GeometricObjects (446)
[2023.06.19-20.02.34:184][899]LogModuleManager: Shutting down and abandoning module Synthesis (444)
[2023.06.19-20.02.34:184][899]LogModuleManager: Shutting down and abandoning module ProceduralMeshComponent (442)
[2023.06.19-20.02.34:184][899]LogModuleManager: Shutting down and abandoning module CLionSourceCodeAccess (440)
[2023.06.19-20.02.34:184][899]LogModuleManager: Shutting down and abandoning module GeometryCacheTracks (438)
[2023.06.19-20.02.34:184][899]LogModuleManager: Shutting down and abandoning module GeometryCacheSequencer (437)
[2023.06.19-20.02.34:184][899]LogModuleManager: Shutting down and abandoning module GeometryCache (434)
[2023.06.19-20.02.34:184][899]LogModuleManager: Shutting down and abandoning module GeometryCacheEd (433)
[2023.06.19-20.02.34:184][899]LogModuleManager: Shutting down and abandoning module GeometryCollectionTracks (430)
[2023.06.19-20.02.34:184][899]LogModuleManager: Shutting down and abandoning module GeometryCollectionSequencer (429)
[2023.06.19-20.02.34:184][899]LogModuleManager: Shutting down and abandoning module ChaosNiagara (426)
[2023.06.19-20.02.34:184][899]LogModuleManager: Shutting down and abandoning module BackChannel (424)
[2023.06.19-20.02.34:184][899]LogModuleManager: Shutting down and abandoning module AutomationUtils (422)
[2023.06.19-20.02.34:184][899]LogModuleManager: Shutting down and abandoning module MobilePatchingUtils (420)
[2023.06.19-20.02.34:184][899]LogModuleManager: Shutting down and abandoning module GooglePAD (418)
[2023.06.19-20.02.34:184][899]LogModuleManager: Shutting down and abandoning module EditableMesh (416)
[2023.06.19-20.02.34:184][899]LogModuleManager: Shutting down and abandoning module FieldSystemEngine (415)
[2023.06.19-20.02.34:184][899]LogModuleManager: Shutting down and abandoning module MagicLeapSharedWorld (412)
[2023.06.19-20.02.34:184][899]LogModuleManager: Shutting down and abandoning module CustomMeshComponent (410)
[2023.06.19-20.02.34:184][899]LogModuleManager: Shutting down and abandoning module CableComponent (408)
[2023.06.19-20.02.34:184][899]LogModuleManager: Shutting down and abandoning module MagicLeapLightEstimation (406)
[2023.06.19-20.02.34:184][899]LogModuleManager: Shutting down and abandoning module AudioCapture (404)
[2023.06.19-20.02.34:184][899]LogModuleManager: Shutting down and abandoning module AudioCaptureRtAudio (403)
[2023.06.19-20.02.34:184][899]LogModuleManager: Shutting down and abandoning module ArchVisCharacter (400)
[2023.06.19-20.02.34:184][899]LogModuleManager: Shutting down and abandoning module AssetTags (398)
[2023.06.19-20.02.34:184][899]LogModuleManager: Shutting down and abandoning module AppleImageUtilsBlueprintSupport (396)
[2023.06.19-20.02.34:184][899]LogModuleManager: Shutting down and abandoning module AppleImageUtils (394)
[2023.06.19-20.02.34:184][899]LogModuleManager: Shutting down and abandoning module AndroidPermission (392)
[2023.06.19-20.02.34:184][899]LogModuleManager: Shutting down and abandoning module ActorLayerUtilities (390)
[2023.06.19-20.02.34:184][899]LogModuleManager: Shutting down and abandoning module MagicLeapHelperVulkan (388)
[2023.06.19-20.02.34:184][899]LogModuleManager: Shutting down and abandoning module MagicLeapHelperOpenGL (386)
[2023.06.19-20.02.34:184][899]LogModuleManager: Shutting down and abandoning module MagicLeapAudio (384)
[2023.06.19-20.02.34:184][899]LogModuleManager: Shutting down and abandoning module MediaCompositing (382)
[2023.06.19-20.02.34:184][899]LogModuleManager: Shutting down and abandoning module ImgMedia (380)
[2023.06.19-20.02.34:184][899]LogModuleManager: Shutting down and abandoning module TemplateSequence (378)
[2023.06.19-20.02.34:184][899]LogModuleManager: Shutting down and abandoning module OodleNetworkHandlerComponent (376)
[2023.06.19-20.02.34:184][899]LogModuleManager: Shutting down and abandoning module LiveLinkSequencer (374)
[2023.06.19-20.02.34:184][899]LogModuleManager: Shutting down and abandoning module LiveLinkMovieScene (372)
[2023.06.19-20.02.34:184][899]LogModuleManager: Shutting down and abandoning module LiveLinkGraphNode (370)
[2023.06.19-20.02.34:184][899]LogModuleManager: Shutting down and abandoning module LiveLinkComponents (368)
[2023.06.19-20.02.34:184][899]LogModuleManager: Shutting down and abandoning module LiveLink (366)
[2023.06.19-20.02.34:210][899]LogModuleManager: Shutting down and abandoning module PropertyAccessNode (364)
[2023.06.19-20.02.34:211][899]LogModuleManager: Shutting down and abandoning module PythonScriptPlugin (362)
[2023.06.19-20.02.34:211][899]LogModuleManager: Shutting down and abandoning module SignificanceManager (360)
[2023.06.19-20.02.34:211][899]LogModuleManager: Shutting down and abandoning module SoundFields (358)
[2023.06.19-20.02.34:211][899]LogModuleManager: Shutting down and abandoning module RuntimePhysXCooking (356)
[2023.06.19-20.02.34:211][899]LogModuleManager: Shutting down and abandoning module PropertyAccessEditor (354)
[2023.06.19-20.02.34:211][899]LogModuleManager: Shutting down and abandoning module FacialAnimation (352)
[2023.06.19-20.02.34:211][899]LogModuleManager: Shutting down and abandoning module GameplayTagsEditor (350)
[2023.06.19-20.02.34:211][899]LogModuleManager: Shutting down and abandoning module AnimationSharing (348)
[2023.06.19-20.02.34:211][899]LogModuleManager: Shutting down and abandoning module PhysXVehiclesEditor (346)
[2023.06.19-20.02.34:211][899]LogModuleManager: Shutting down and abandoning module LocationServicesBPLibrary (342)
[2023.06.19-20.02.34:211][899]LogModuleManager: Shutting down and abandoning module MagicLeapARPin (340)
[2023.06.19-20.02.34:211][899]LogModuleManager: Shutting down and abandoning module AudioSynesthesia (338)
[2023.06.19-20.02.34:211][899]LogModuleManager: Shutting down and abandoning module AudioSynesthesiaCore (336)
[2023.06.19-20.02.34:211][899]LogModuleManager: Shutting down and abandoning module MagicLeapHandMeshing (334)
[2023.06.19-20.02.34:211][899]LogModuleManager: Shutting down and abandoning module MagicLeapSecureStorage (332)
[2023.06.19-20.02.34:211][899]LogModuleManager: Shutting down and abandoning module MagicLeapPrivileges (330)
[2023.06.19-20.02.34:211][899]LogModuleManager: Shutting down and abandoning module MagicLeapPlanes (328)
[2023.06.19-20.02.34:211][899]LogMagicLeapPlanes: Planes tracker already destroyed.
[2023.06.19-20.02.34:211][899]LogModuleManager: Shutting down and abandoning module MagicLeapImageTracker (326)
[2023.06.19-20.02.34:211][899]LogModuleManager: Shutting down and abandoning module MagicLeapIdentity (324)
[2023.06.19-20.02.34:211][899]LogModuleManager: Shutting down and abandoning module MagicLeapHandTracking (322)
[2023.06.19-20.02.34:211][899]LogModuleManager: Shutting down and abandoning module MagicLeapEyeTracker (320)
[2023.06.19-20.02.34:211][899]LogModuleManager: Shutting down and abandoning module MagicLeapController (318)
[2023.06.19-20.02.34:211][899]LogModuleManager: Shutting down and abandoning module MagicLeapARPinImpl (316)
[2023.06.19-20.02.34:211][899]LogModuleManager: Shutting down and abandoning module MagicLeapAR (314)
[2023.06.19-20.02.34:211][899]LogModuleManager: Shutting down and abandoning module EnvironmentQueryEditor (312)
[2023.06.19-20.02.34:211][899]LogModuleManager: Shutting down and abandoning module ImgMediaEngine (310)
[2023.06.19-20.02.34:211][899]LogModuleManager: Shutting down and abandoning module TcpMessaging (308)
[2023.06.19-20.02.34:312][899]LogModuleManager: Shutting down and abandoning module UdpMessaging (306)
[2023.06.19-20.02.34:413][899]LogModuleManager: Shutting down and abandoning module ActorSequence (304)
[2023.06.19-20.02.34:413][899]LogModuleManager: Shutting down and abandoning module NiagaraAnimNotifies (302)
[2023.06.19-20.02.34:413][899]LogModuleManager: Shutting down and abandoning module Niagara (300)
[2023.06.19-20.02.34:413][899]LogModuleManager: Shutting down and abandoning module SignalProcessing (299)
[2023.06.19-20.02.34:413][899]LogModuleManager: Shutting down and abandoning module NiagaraEditor (297)
[2023.06.19-20.02.34:413][899]LogModuleManager: Shutting down and abandoning module ContentBrowser (296)
[2023.06.19-20.02.34:413][899]LogModuleManager: Shutting down and abandoning module CollectionManager (295)
[2023.06.19-20.02.34:413][899]LogModuleManager: Shutting down and abandoning module DirectoryWatcher (294)
[2023.06.19-20.02.34:413][899]LogModuleManager: Shutting down and abandoning module ContentBrowserData (291)
[2023.06.19-20.02.34:413][899]LogModuleManager: Shutting down and abandoning module NiagaraCore (286)
[2023.06.19-20.02.34:413][899]LogModuleManager: Shutting down and abandoning module GameplayCameras (284)
[2023.06.19-20.02.34:413][899]LogModuleManager: Shutting down and abandoning module AssetManagerEditor (282)
[2023.06.19-20.02.34:413][899]LogModuleManager: Shutting down and abandoning module TreeMap (281)
[2023.06.19-20.02.34:413][899]LogModuleManager: Shutting down and abandoning module LightPropagationVolumeRuntime (278)
[2023.06.19-20.02.34:413][899]LogModuleManager: Shutting down and abandoning module Paper2D (276)
[2023.06.19-20.02.34:413][899]LogModuleManager: Shutting down and abandoning module WindowsMoviePlayer (274)
[2023.06.19-20.02.34:413][899]LogModuleManager: Shutting down and abandoning module WebMMoviePlayer (272)
[2023.06.19-20.02.34:413][899]LogModuleManager: Shutting down and abandoning module NetworkReplayStreaming (270)
[2023.06.19-20.02.34:413][899]LogModuleManager: Shutting down and abandoning module PacketHandler (268)
[2023.06.19-20.02.34:413][899]LogModuleManager: Shutting down and abandoning module ClothingSystemEditor (266)
[2023.06.19-20.02.34:413][899]LogModuleManager: Shutting down and abandoning module ClothingSystemRuntimeNv (264)
[2023.06.19-20.02.34:413][899]LogModuleManager: Shutting down and abandoning module MediaAssets (262)
[2023.06.19-20.02.34:413][899]LogModuleManager: Shutting down and abandoning module Overlay (260)
[2023.06.19-20.02.34:413][899]LogModuleManager: Shutting down and abandoning module OverlayEditor (259)
[2023.06.19-20.02.34:413][899]LogModuleManager: Shutting down and abandoning module VREditor (256)
[2023.06.19-20.02.34:413][899]LogModuleManager: Shutting down and abandoning module StringTableEditor (254)
[2023.06.19-20.02.34:413][899]LogModuleManager: Shutting down and abandoning module GameplayTasksEditor (252)
[2023.06.19-20.02.34:413][899]LogModuleManager: Shutting down and abandoning module BehaviorTreeEditor (250)
[2023.06.19-20.02.34:413][899]LogModuleManager: Shutting down and abandoning module FunctionalTesting (248)
[2023.06.19-20.02.34:414][899]LogModuleManager: Shutting down and abandoning module CollisionAnalyzer (246)
[2023.06.19-20.02.34:414][899]LogModuleManager: Shutting down and abandoning module WorkspaceMenuStructure (245)
[2023.06.19-20.02.34:414][899]LogModuleManager: Shutting down and abandoning module UMG (242)
[2023.06.19-20.02.34:414][899]LogModuleManager: Shutting down and abandoning module UMGEditor (241)
[2023.06.19-20.02.34:414][899]LogModuleManager: Shutting down and abandoning module Sequencer (240)
[2023.06.19-20.02.34:414][899]LogModuleManager: Shutting down and abandoning module MessageLog (237)
[2023.06.19-20.02.34:414][899]LogModuleManager: Shutting down and abandoning module SlateReflector (232)
[2023.06.19-20.02.34:414][899]LogModuleManager: Shutting down and abandoning module Slate (230)
[2023.06.19-20.02.34:414][899]LogModuleManager: Shutting down and abandoning module SlateCore (228)
[2023.06.19-20.02.34:414][899]LogModuleManager: Shutting down and abandoning module LandscapeEditorUtilities (226)
[2023.06.19-20.02.34:414][899]LogModuleManager: Shutting down and abandoning module UnrealEd (224)
[2023.06.19-20.02.34:414][899]LogModuleManager: Shutting down and abandoning module MRMesh (222)
[2023.06.19-20.02.34:414][899]LogModuleManager: Shutting down and abandoning module Messaging (220)
[2023.06.19-20.02.34:414][899]LogModuleManager: Shutting down and abandoning module SourceCodeAccess (218)
[2023.06.19-20.02.34:414][899]LogModuleManager: Shutting down and abandoning module HeadMountedDisplay (216)
[2023.06.19-20.02.34:414][899]LogModuleManager: Shutting down and abandoning module XAudio2 (214)
[2023.06.19-20.02.34:414][899]LogModuleManager: Shutting down and abandoning module Networking (212)
[2023.06.19-20.02.34:414][899]LogModuleManager: Shutting down and abandoning module Core (210)
[2023.06.19-20.02.34:414][899]LogModuleManager: Shutting down and abandoning module MaterialEditor (208)
[2023.06.19-20.02.34:414][899]LogModuleManager: Shutting down and abandoning module MovieSceneTools (206)
[2023.06.19-20.02.34:415][899]LogModuleManager: Shutting down and abandoning module EditorStyle (205)
[2023.06.19-20.02.34:415][899]LogModuleManager: Shutting down and abandoning module KismetCompiler (202)
[2023.06.19-20.02.34:415][899]LogModuleManager: Shutting down and abandoning module MeshBuilder (200)
[2023.06.19-20.02.34:415][899]LogModuleManager: Shutting down and abandoning module MeshUtilities (198)
[2023.06.19-20.02.34:415][899]LogModuleManager: Shutting down and abandoning module MeshMergeUtilities (197)
[2023.06.19-20.02.34:415][899]LogModuleManager: Shutting down and abandoning module MeshReductionInterface (196)
[2023.06.19-20.02.34:415][899]LogModuleManager: Shutting down and abandoning module MeshBoneReduction (195)
[2023.06.19-20.02.34:415][899]LogModuleManager: Shutting down and abandoning module SkeletalMeshReduction (193)
[2023.06.19-20.02.34:415][899]LogModuleManager: Shutting down and abandoning module ProxyLODMeshReduction (191)
[2023.06.19-20.02.34:415][899]LogModuleManager: Shutting down and abandoning module QuadricMeshReduction (189)
[2023.06.19-20.02.34:415][899]LogModuleManager: Shutting down and abandoning module MaterialBaking (185)
[2023.06.19-20.02.34:415][899]LogModuleManager: Shutting down and abandoning module NullInstallBundleManager (180)
[2023.06.19-20.02.34:415][899]LogModuleManager: Shutting down and abandoning module PIEPreviewDeviceProfileSelector (178)
[2023.06.19-20.02.34:415][899]LogModuleManager: Shutting down and abandoning module DerivedDataCache (176)
[2023.06.19-20.02.34:415][899]LogModuleManager: Shutting down and abandoning module TargetPlatform (174)
[2023.06.19-20.02.34:415][899]LogModuleManager: Shutting down and abandoning module VulkanShaderFormat (173)
[2023.06.19-20.02.34:415][899]LogModuleManager: Shutting down and abandoning module ShaderFormatVectorVM (171)
[2023.06.19-20.02.34:415][899]LogModuleManager: Shutting down and abandoning module ShaderFormatOpenGL (169)
[2023.06.19-20.02.34:415][899]LogModuleManager: Shutting down and abandoning module ShaderFormatD3D (167)
[2023.06.19-20.02.34:415][899]LogModuleManager: Shutting down and abandoning module MetalShaderFormat (165)
[2023.06.19-20.02.34:415][899]LogModuleManager: Shutting down and abandoning module TextureFormatOodle (163)
[2023.06.19-20.02.34:415][899]LogModuleManager: Shutting down and abandoning module TextureFormatUncompressed (161)
[2023.06.19-20.02.34:415][899]LogModuleManager: Shutting down and abandoning module TextureFormatPVR (159)
[2023.06.19-20.02.34:415][899]LogModuleManager: Shutting down and abandoning module TextureFormatETC2 (157)
[2023.06.19-20.02.34:415][899]LogModuleManager: Shutting down and abandoning module TextureFormatDXT (155)
[2023.06.19-20.02.34:415][899]LogModuleManager: Shutting down and abandoning module TextureFormatIntelISPCTexComp (153)
[2023.06.19-20.02.34:416][899]LogModuleManager: Shutting down and abandoning module TextureFormatASTC (151)
[2023.06.19-20.02.34:416][899]LogModuleManager: Shutting down and abandoning module ImageWrapper (150)
[2023.06.19-20.02.34:416][899]LogModuleManager: Shutting down and abandoning module AudioFormatOpus (147)
[2023.06.19-20.02.34:416][899]LogModuleManager: Shutting down and abandoning module AudioFormatOgg (145)
[2023.06.19-20.02.34:416][899]LogModuleManager: Shutting down and abandoning module AudioFormatADPCM (143)
[2023.06.19-20.02.34:416][899]LogModuleManager: Shutting down and abandoning module WindowsServerTargetPlatform (141)
[2023.06.19-20.02.34:416][899]LogModuleManager: Shutting down and abandoning module WindowsClientTargetPlatform (139)
[2023.06.19-20.02.34:416][899]LogModuleManager: Shutting down and abandoning module WindowsTargetPlatform (137)
[2023.06.19-20.02.34:416][899]LogModuleManager: Shutting down and abandoning module WindowsNoEditorTargetPlatform (135)
[2023.06.19-20.02.34:416][899]LogModuleManager: Shutting down and abandoning module D3D11RHI (132)
[2023.06.19-20.02.34:416][899]LogModuleManager: Shutting down and abandoning module InputCore (130)
[2023.06.19-20.02.34:416][899]LogModuleManager: Shutting down and abandoning module Settings (128)
[2023.06.19-20.02.34:416][899]LogModuleManager: Shutting down and abandoning module PhysXCooking (126)
[2023.06.19-20.02.34:416][899]LogModuleManager: Shutting down and abandoning module Chaos (124)
[2023.06.19-20.02.34:416][899]LogModuleManager: Shutting down and abandoning module WindowsPlatformFeatures (122)
[2023.06.19-20.02.34:416][899]LogModuleManager: Shutting down and abandoning module GameplayMediaEncoder (121)
[2023.06.19-20.02.34:416][899]LogModuleManager: Shutting down and abandoning module AVEncoder (120)
[2023.06.19-20.02.34:416][899]LogModuleManager: Shutting down and abandoning module SteamVRInputDevice (116)
[2023.06.19-20.02.34:416][899]LogModuleManager: Shutting down and abandoning module SteamVRInput (114)
[2023.06.19-20.02.34:416][899]LogModuleManager: Shutting down and abandoning module SteamVR (112)
[2023.06.19-20.02.34:416][899]LogHMD: Freeing OpenVRDLLHandle.
[2023.06.19-20.02.34:416][899]LogModuleManager: Shutting down and abandoning module OculusHMD (110)
[2023.06.19-20.02.34:416][899]LogModuleManager: Shutting down and abandoning module PixWinPlugin (108)
[2023.06.19-20.02.34:416][899]LogModuleManager: Shutting down and abandoning module ChaosCloth (106)
[2023.06.19-20.02.34:416][899]LogModuleManager: Shutting down and abandoning module OpenXRHandTracking (104)
[2023.06.19-20.02.34:416][899]LogSlate: Slate User Destroyed.  User Index 0, Is Virtual User: 0
[2023.06.19-20.02.34:416][899]LogModuleManager: Shutting down and abandoning module OpenXRAR (102)
[2023.06.19-20.02.34:416][899]LogModuleManager: Shutting down and abandoning module AugmentedReality (101)
[2023.06.19-20.02.34:416][899]LogModuleManager: Shutting down and abandoning module OpenXRHMD (98)
[2023.06.19-20.02.34:416][899]LogModuleManager: Shutting down and abandoning module OpenXREyeTracker (96)
[2023.06.19-20.02.34:416][899]LogModuleManager: Shutting down and abandoning module ExampleDeviceProfileSelector (94)
[2023.06.19-20.02.34:416][899]LogModuleManager: Shutting down and abandoning module ChunkDownloader (92)
[2023.06.19-20.02.34:416][899]LogModuleManager: Shutting down and abandoning module MLSDK (90)
[2023.06.19-20.02.34:416][899]LogModuleManager: Shutting down and abandoning module OnlineBlueprintSupport (88)
[2023.06.19-20.02.34:416][899]LogModuleManager: Shutting down and abandoning module LauncherChunkInstaller (84)
[2023.06.19-20.02.34:416][899]LogModuleManager: Shutting down and abandoning module OnlineSubsystem (82)
[2023.06.19-20.02.34:417][899]LogModuleManager: Shutting down and abandoning module XMPP (77)
[2023.06.19-20.02.34:417][899]LogModuleManager: Shutting down and abandoning module WebSockets (76)
[2023.06.19-20.02.34:443][899]LogModuleManager: Shutting down and abandoning module HTTP (73)
[2023.06.19-20.02.34:443][899]LogHttp: Display: cleaning up 0 outstanding Http requests.
[2023.06.19-20.02.34:476][899]LogModuleManager: Shutting down and abandoning module SSL (72)
[2023.06.19-20.02.34:477][899]LogModuleManager: Shutting down and abandoning module MagicLeap (68)
[2023.06.19-20.02.34:477][899]LogModuleManager: Shutting down and abandoning module VariantManagerContent (66)
[2023.06.19-20.02.34:477][899]LogModuleManager: Shutting down and abandoning module DatasmithContent (64)
[2023.06.19-20.02.34:479][899]LogModuleManager: Shutting down and abandoning module WmfMedia (62)
[2023.06.19-20.02.34:479][899]LogModuleManager: Shutting down and abandoning module Media (61)
[2023.06.19-20.02.34:480][899]LogModuleManager: Shutting down and abandoning module MediaInfo (60)
[2023.06.19-20.02.34:480][899]LogModuleManager: Shutting down and abandoning module ExrReaderGpu (56)
[2023.06.19-20.02.34:480][899]LogModuleManager: Shutting down and abandoning module AISupportModule (54)
[2023.06.19-20.02.34:480][899]LogModuleManager: Shutting down and abandoning module NiagaraVertexFactories (52)
[2023.06.19-20.02.34:480][899]LogModuleManager: Shutting down and abandoning module NiagaraShader (50)
[2023.06.19-20.02.34:480][899]LogModuleManager: Shutting down and abandoning module DesktopPlatform (48)
[2023.06.19-20.02.34:480][899]LogModuleManager: Shutting down and abandoning module PythonScriptPluginPreload (46)
[2023.06.19-20.02.34:480][899]LogModuleManager: Shutting down and abandoning module PlatformCryptoOpenSSL (44)
[2023.06.19-20.02.34:480][899]LogModuleManager: Shutting down and abandoning module PlatformCryptoTypes (42)
[2023.06.19-20.02.34:480][899]LogModuleManager: Shutting down and abandoning module PlatformCrypto (40)
[2023.06.19-20.02.34:480][899]LogModuleManager: Shutting down and abandoning module OodleDataCompressionFormat (38)
[2023.06.19-20.02.34:480][899]LogModuleManager: Shutting down and abandoning module XGEController (36)
[2023.06.19-20.02.34:480][899]LogModuleManager: Shutting down and abandoning module AnimationModifiers (34)
[2023.06.19-20.02.34:480][899]LogModuleManager: Shutting down and abandoning module AudioEditor (32)
[2023.06.19-20.02.34:480][899]LogModuleManager: Shutting down and abandoning module PropertyEditor (31)
[2023.06.19-20.02.34:480][899]LogModuleManager: Shutting down and abandoning module TextureCompressor (28)
[2023.06.19-20.02.34:480][899]LogModuleManager: Shutting down and abandoning module RenderCore (26)
[2023.06.19-20.02.34:480][899]LogModuleManager: Shutting down and abandoning module Landscape (24)
[2023.06.19-20.02.34:480][899]LogModuleManager: Shutting down and abandoning module SlateRHIRenderer (22)
[2023.06.19-20.02.34:480][899]LogModuleManager: Shutting down and abandoning module AnimGraphRuntime (20)
[2023.06.19-20.02.34:480][899]LogModuleManager: Shutting down and abandoning module Renderer (18)
[2023.06.19-20.02.34:480][899]LogModuleManager: Shutting down and abandoning module Engine (16)
[2023.06.19-20.02.34:480][899]LogModuleManager: Shutting down and abandoning module CoreUObject (14)
[2023.06.19-20.02.34:480][899]LogModuleManager: Shutting down and abandoning module NetworkFile (12)
[2023.06.19-20.02.34:480][899]LogModuleManager: Shutting down and abandoning module CookedIterativeFile (10)
[2023.06.19-20.02.34:480][899]LogModuleManager: Shutting down and abandoning module StreamingFile (8)
[2023.06.19-20.02.34:480][899]LogModuleManager: Shutting down and abandoning module SandboxFile (6)
[2023.06.19-20.02.34:480][899]LogModuleManager: Shutting down and abandoning module PakFile (4)
[2023.06.19-20.02.34:480][899]LogModuleManager: Shutting down and abandoning module RSA (3)
[2023.06.19-20.02.34:880][899]LogContentStreaming: Display: There are 1 unreleased StreamingManagers
[2023.06.19-20.02.34:896][899]LogD3D11RHI: Shutdown
[2023.06.19-20.02.34:896][899]LogD3D11RHI: CleanupD3DDevice
[2023.06.19-20.02.34:897][899]LogExit: Exiting.
[2023.06.19-20.02.34:902][899]Log file closed, 06/19/23 16:02:34
