Log file open, 06/22/23 01:17:07
LogWindows: Failed to load 'aqProf.dll' (GetLastError=126)
LogWindows: File 'aqProf.dll' does not exist
LogWindows: Failed to load 'VtuneApi.dll' (GetLastError=126)
LogWindows: File 'VtuneApi.dll' does not exist
LogWindows: Failed to load 'VtuneApi32e.dll' (GetLastError=126)
LogWindows: File 'VtuneApi32e.dll' does not exist
LogConsoleResponse: Display: Failed to find resolution value strings in scalability ini. Falling back to default.
LogConsoleResponse: Display: Failed to find resolution value strings in scalability ini. Falling back to default.
LogInit: Display: Running engine for game: TreasureChase
LogPlatformFile: Not using cached read wrapper
LogTaskGraph: Started task graph with 5 named threads and 71 total threads with 3 sets of task threads.
LogStats: Stats thread started at 0.208230
LogICUInternationalization: ICU TimeZone Detection - Raw Offset: -5:00, Platform Override: ''
LogInit: Display: Loading text-based GConfig....
LogPluginManager: Mounting plugin MeshPainting
LogPluginManager: Mounting plugin XGEController
LogPluginManager: Mounting plugin Paper2D
LogPluginManager: Mounting plugin AISupport
LogPluginManager: Mounting plugin EnvironmentQueryEditor
LogPluginManager: Mounting plugin LightPropagationVolume
LogPluginManager: Mounting plugin CameraShakePreviewer
LogPluginManager: Mounting plugin OodleData
LogPluginManager: Mounting plugin AnimationSharing
LogPluginManager: Mounting plugin GameplayCameras
LogPluginManager: Mounting plugin OodleNetwork
LogPluginManager: Mounting plugin CLionSourceCodeAccess
LogPluginManager: Mounting plugin KDevelopSourceCodeAccess
LogPluginManager: Mounting plugin GitSourceControl
LogPluginManager: Mounting plugin CodeLiteSourceCodeAccess
LogPluginManager: Mounting plugin PropertyAccessNode
LogPluginManager: Mounting plugin SubversionSourceControl
LogPluginManager: Mounting plugin PlasticSourceControl
LogPluginManager: Mounting plugin PerforceSourceControl
LogPluginManager: Mounting plugin NullSourceCodeAccess
LogPluginManager: Mounting plugin PluginUtils
LogPluginManager: Mounting plugin PixWinPlugin
LogPluginManager: Mounting plugin RiderSourceCodeAccess
LogPluginManager: Mounting plugin TextureFormatOodle
LogPluginManager: Mounting plugin UObjectPlugin
LogPluginManager: Mounting plugin DatasmithContent
LogPluginManager: Mounting plugin VisualStudioCodeSourceCodeAccess
LogPluginManager: Mounting plugin VariantManagerContent
LogPluginManager: Mounting plugin AlembicImporter
LogPluginManager: Mounting plugin AutomationUtils
LogPluginManager: Mounting plugin ChaosClothEditor
LogPluginManager: Mounting plugin ChaosEditor
LogPluginManager: Mounting plugin VisualStudioSourceCodeAccess
LogPluginManager: Mounting plugin ChaosCloth
LogPluginManager: Mounting plugin ChaosNiagara
LogPluginManager: Mounting plugin XCodeSourceCodeAccess
LogPluginManager: Mounting plugin ChaosSolverPlugin
LogPluginManager: Mounting plugin BackChannel
LogPluginManager: Mounting plugin AssetManagerEditor
LogPluginManager: Mounting plugin CharacterAI
LogPluginManager: Mounting plugin CurveEditorTools
LogPluginManager: Mounting plugin CryptoKeys
LogPluginManager: Mounting plugin DataValidation
LogPluginManager: Mounting plugin GeometryCache
LogPluginManager: Mounting plugin GeometryCollectionPlugin
LogPluginManager: Mounting plugin FacialAnimation
LogPluginManager: Mounting plugin GameplayTagsEditor
LogPluginManager: Mounting plugin GeometryMode
LogPluginManager: Mounting plugin MaterialAnalyzer
LogPluginManager: Mounting plugin MacGraphicsSwitching
LogPluginManager: Mounting plugin PluginBrowser
LogPluginManager: Mounting plugin SpeedTreeImporter
LogPluginManager: Mounting plugin MobileLauncherProfileWizard
LogPluginManager: Mounting plugin GeometryProcessing
LogPluginManager: Mounting plugin MotoSynth
LogPluginManager: Mounting plugin PlatformCrypto
LogPluginManager: Mounting plugin OpenImageDenoise
LogPluginManager: Mounting plugin PythonScriptPlugin
LogPluginManager: Mounting plugin ProxyLODPlugin
LogPluginManager: Mounting plugin PlanarCut
LogPluginManager: Mounting plugin SkeletalReduction
LogPluginManager: Mounting plugin LiveLink
LogPluginManager: Mounting plugin Niagara
LogPluginManager: Mounting plugin LuminPlatformFeatures
LogPluginManager: Mounting plugin MagicLeap
LogPluginManager: Mounting plugin MagicLeapMedia
LogPluginManager: Mounting plugin MagicLeapLightEstimation
LogPluginManager: Mounting plugin MagicLeapPassableWorld
LogPluginManager: Mounting plugin MLSDK
LogPluginManager: Mounting plugin AndroidMedia
LogPluginManager: Mounting plugin AvfMedia
LogPluginManager: Mounting plugin ImgMedia
LogPluginManager: Mounting plugin MediaPlayerEditor
LogPluginManager: Mounting plugin MediaCompositing
LogPluginManager: Mounting plugin WebMMedia
LogPluginManager: Mounting plugin MatineeToLevelSequence
LogPluginManager: Mounting plugin LevelSequenceEditor
LogPluginManager: Mounting plugin ActorSequence
LogPluginManager: Mounting plugin WmfMedia
LogPluginManager: Mounting plugin TemplateSequence
LogPluginManager: Mounting plugin OnlineSubsystem
LogPluginManager: Mounting plugin OnlineSubsystemUtils
LogPluginManager: Mounting plugin ActorLayerUtilities
LogPluginManager: Mounting plugin OnlineSubsystemNull
LogPluginManager: Mounting plugin AndroidDeviceProfileSelector
LogPluginManager: Mounting plugin LauncherChunkInstaller
LogPluginManager: Mounting plugin AndroidMoviePlayer
LogPluginManager: Mounting plugin AndroidPermission
LogPluginManager: Mounting plugin AudioSynesthesia
LogPluginManager: Mounting plugin ChunkDownloader
LogPluginManager: Mounting plugin AudioCapture
LogPluginManager: Mounting plugin CustomMeshComponent
LogPluginManager: Mounting plugin CableComponent
LogPluginManager: Mounting plugin EditableMesh
LogPluginManager: Mounting plugin AssetTags
LogPluginManager: Mounting plugin AppleMoviePlayer
LogPluginManager: Mounting plugin AppleImageUtils
LogPluginManager: Mounting plugin ArchVisCharacter
LogPluginManager: Mounting plugin GooglePAD
LogPluginManager: Mounting plugin ExampleDeviceProfileSelector
LogPluginManager: Mounting plugin IOSDeviceProfileSelector
LogPluginManager: Mounting plugin GoogleCloudMessaging
LogPluginManager: Mounting plugin LocationServicesBPLibrary
LogPluginManager: Mounting plugin MobilePatchingUtils
LogPluginManager: Mounting plugin OpenXREyeTracker
LogPluginManager: Mounting plugin LinuxDeviceProfileSelector
LogPluginManager: Mounting plugin OpenXR
LogPluginManager: Mounting plugin OpenXRHandTracking
LogPluginManager: Mounting plugin UdpMessaging
LogPluginManager: Mounting plugin TcpMessaging
LogPluginManager: Mounting plugin PhysXVehicles
LogPluginManager: Mounting plugin ProceduralMeshComponent
LogPluginManager: Mounting plugin PostSplashScreen
LogPluginManager: Mounting plugin RuntimePhysXCooking
LogPluginManager: Mounting plugin SignificanceManager
LogPluginManager: Mounting plugin SoundFields
LogPluginManager: Mounting plugin PropertyAccessEditor
LogPluginManager: Mounting plugin Synthesis
LogPluginManager: Mounting plugin WebMMoviePlayer
LogPluginManager: Mounting plugin WindowsMoviePlayer
LogPluginManager: Mounting plugin ScreenshotTools
LogPluginManager: Mounting plugin Takes
LogPluginManager: Mounting plugin ContentBrowserFileDataSource
LogPluginManager: Mounting plugin ContentBrowserClassDataSource
LogPluginManager: Mounting plugin ContentBrowserAssetDataSource
LogPluginManager: Mounting plugin OnlineSubsystemIOS
LogPluginManager: Mounting plugin OnlineSubsystemGooglePlay
LogPluginManager: Mounting plugin OculusVR
LogPluginManager: Mounting plugin SteamVR
PixWinPlugin: PIX capture plugin failed to initialize! Check that the process is launched from PIX.
LogInit: Using libcurl 7.55.1-DEV
LogInit:  - built for x86_64-pc-win32
LogInit:  - supports SSL with OpenSSL/1.1.1
LogInit:  - supports HTTP deflate (compression) using libz 1.2.8
LogInit:  - other features:
LogInit:      CURL_VERSION_SSL
LogInit:      CURL_VERSION_LIBZ
LogInit:      CURL_VERSION_IPV6
LogInit:      CURL_VERSION_ASYNCHDNS
LogInit:      CURL_VERSION_LARGEFILE
LogInit:      CURL_VERSION_IDN
LogInit:  CurlRequestOptions (configurable via config and command line):
LogInit:  - bVerifyPeer = true  - Libcurl will verify peer certificate
LogInit:  - bUseHttpProxy = false  - Libcurl will NOT use HTTP proxy
LogInit:  - bDontReuseConnections = false  - Libcurl will reuse connections
LogInit:  - MaxHostConnections = 16  - Libcurl will limit the number of connections to a host
LogInit:  - LocalHostAddr = Default
LogInit:  - BufferSize = 65536
LogOnline: OSS: Creating online subsystem instance for: NULL
LogInit: WinSock: version 1.1 (2.2), MaxSocks=32767, MaxUdp=65467
LogOnline: OSS: TryLoadSubsystemAndSetDefault: Loaded subsystem for module [NULL]
LogOculusPluginWrapper: OculusPlugin initialized successfully
LogHMD: Failed initializing OVRPlugin 1.59.0
LogInit: Build: ++UE4+Release-4.27-CL-18319896
LogInit: Engine Version: 4.27.2-18319896+++UE4+Release-4.27
LogInit: Compatible Engine Version: 4.27.0-17155196+++UE4+Release-4.27
LogInit: Net CL: 17155196
LogInit: OS: Windows 10 (Release 2009) (), CPU: 12th Gen Intel(R) Core(TM) i9-12900K, GPU: AMD Radeon RX 7900 XTX
LogInit: Compiled (64-bit): Nov 30 2021 07:12:08
LogInit: Compiled with Visual C++: 19.24.28315.00
LogInit: Build Configuration: Development
LogInit: Branch Name: ++UE4+Release-4.27
LogInit: Command Line:  /Game/Maps/MainMenu -game -PIEVIACONSOLE -Multiprocess "GameUserSettingsINI=D:/School/Unreal Engine/TreasureChase/TreasureChase/Saved/Config/Windows/PIEGameUserSettings0.ini" -MultiprocessSaveConfig -forcepassthrough -messaging -SessionName="Play in Standalone Game" -windowed -ResX=1280 -ResY=720
LogInit: Base Directory: D:/Epic Games/UE_4.27/Engine/Binaries/Win64/
LogInit: Allocator: TBB
LogInit: Installed Engine Build: 1
LogDevObjectVersion: Number of dev versions registered: 29
LogDevObjectVersion:   Dev-Blueprints (B0D832E4-1F89-4F0D-ACCF-7EB736FD4AA2): 10
LogDevObjectVersion:   Dev-Build (E1C64328-A22C-4D53-A36C-8E866417BD8C): 0
LogDevObjectVersion:   Dev-Core (375EC13C-06E4-48FB-B500-84F0262A717E): 4
LogDevObjectVersion:   Dev-Editor (E4B068ED-F494-42E9-A231-DA0B2E46BB41): 40
LogDevObjectVersion:   Dev-Framework (CFFC743F-43B0-4480-9391-14DF171D2073): 37
LogDevObjectVersion:   Dev-Mobile (B02B49B5-BB20-44E9-A304-32B752E40360): 3
LogDevObjectVersion:   Dev-Networking (A4E4105C-59A1-49B5-A7C5-40C4547EDFEE): 0
LogDevObjectVersion:   Dev-Online (39C831C9-5AE6-47DC-9A44-9C173E1C8E7C): 0
LogDevObjectVersion:   Dev-Physics (78F01B33-EBEA-4F98-B9B4-84EACCB95AA2): 14
LogDevObjectVersion:   Dev-Platform (6631380F-2D4D-43E0-8009-CF276956A95A): 0
LogDevObjectVersion:   Dev-Rendering (12F88B9F-8875-4AFC-A67C-D90C383ABD29): 45
LogDevObjectVersion:   Dev-Sequencer (7B5AE74C-D270-4C10-A958-57980B212A5A): 13
LogDevObjectVersion:   Dev-VR (D7296918-1DD6-4BDD-9DE2-64A83CC13884): 3
LogDevObjectVersion:   Dev-LoadTimes (C2A15278-BFE7-4AFE-6C17-90FF531DF755): 1
LogDevObjectVersion:   Private-Geometry (6EACA3D4-40EC-4CC1-B786-8BED09428FC5): 3
LogDevObjectVersion:   Dev-AnimPhys (29E575DD-E0A3-4627-9D10-D276232CDCEA): 17
LogDevObjectVersion:   Dev-Anim (AF43A65D-7FD3-4947-9873-3E8ED9C1BB05): 15
LogDevObjectVersion:   Dev-ReflectionCapture (6B266CEC-1EC7-4B8F-A30B-E4D90942FC07): 1
LogDevObjectVersion:   Dev-Automation (0DF73D61-A23F-47EA-B727-89E90C41499A): 1
LogDevObjectVersion:   FortniteMain (601D1886-AC64-4F84-AA16-D3DE0DEAC7D6): 47
LogDevObjectVersion:   FortniteRelease (E7086368-6B23-4C58-8439-1B7016265E91): 1
LogDevObjectVersion:   Dev-Enterprise (9DFFBCD6-494F-0158-E221-12823C92A888): 10
LogDevObjectVersion:   Dev-Niagara (F2AED0AC-9AFE-416F-8664-AA7FFA26D6FC): 1
LogDevObjectVersion:   Dev-Destruction (174F1F0B-B4C6-45A5-B13F-2EE8D0FB917D): 10
LogDevObjectVersion:   Dev-Physics-Ext (35F94A83-E258-406C-A318-09F59610247C): 41
LogDevObjectVersion:   Dev-PhysicsMaterial-Chaos (B68FC16E-8B1B-42E2-B453-215C058844FE): 1
LogDevObjectVersion:   Dev-CineCamera (B2E18506-4273-CFC2-A54E-F4BB758BBA07): 1
LogDevObjectVersion:   Dev-VirtualProduction (64F58936-FD1B-42BA-BA96-7289D5D0FA4E): 1
LogDevObjectVersion:   Dev-MediaFramework (6F0ED827-A609-4895-9C91-998D90180EA4): 2
LogInit: Presizing for max 25165824 objects, including 0 objects not considered by GC, pre-allocating 0 bytes for permanent pool.
LogConfig: Applying CVar settings from Section [/Script/Engine.StreamingSettings] File [D:/School/Unreal Engine/TreasureChase/TreasureChase/Saved/Config/Windows/Engine.ini]
LogConfig: Setting CVar [[s.MinBulkDataSizeForAsyncLoading:131072]]
LogConfig: Setting CVar [[s.AsyncLoadingThreadEnabled:0]]
LogConfig: Setting CVar [[s.EventDrivenLoaderEnabled:1]]
LogConfig: Setting CVar [[s.WarnIfTimeLimitExceeded:0]]
LogConfig: Setting CVar [[s.TimeLimitExceededMultiplier:1.5]]
LogConfig: Setting CVar [[s.TimeLimitExceededMinTime:0.005]]
LogConfig: Setting CVar [[s.UseBackgroundLevelStreaming:1]]
LogConfig: Setting CVar [[s.PriorityAsyncLoadingExtraTime:15.0]]
LogConfig: Setting CVar [[s.LevelStreamingActorsUpdateTimeLimit:5.0]]
LogConfig: Setting CVar [[s.PriorityLevelStreamingActorsUpdateExtraTime:5.0]]
LogConfig: Setting CVar [[s.LevelStreamingComponentsRegistrationGranularity:10]]
LogConfig: Setting CVar [[s.UnregisterComponentsTimeLimit:1.0]]
LogConfig: Setting CVar [[s.LevelStreamingComponentsUnregistrationGranularity:5]]
LogConfig: Setting CVar [[s.FlushStreamingOnExit:1]]
LogInit: Object subsystem initialized
LogConfig: Setting CVar [[con.DebugEarlyDefault:1]]
LogConfig: Setting CVar [[r.setres:1280x720]]
[2023.06.22-05.17.08:613][  0]LogConfig: Setting CVar [[con.DebugEarlyDefault:1]]
[2023.06.22-05.17.08:613][  0]LogConfig: Setting CVar [[r.setres:1280x720]]
[2023.06.22-05.17.08:613][  0]LogConfig: Applying CVar settings from Section [/Script/Engine.RendererSettings] File [D:/School/Unreal Engine/TreasureChase/TreasureChase/Saved/Config/Windows/Engine.ini]
[2023.06.22-05.17.08:613][  0]LogConfig: Setting CVar [[r.GPUCrashDebugging:0]]
[2023.06.22-05.17.08:613][  0]LogConfig: Applying CVar settings from Section [/Script/Engine.RendererOverrideSettings] File [D:/School/Unreal Engine/TreasureChase/TreasureChase/Saved/Config/Windows/Engine.ini]
[2023.06.22-05.17.08:613][  0]LogConfig: Applying CVar settings from Section [/Script/Engine.StreamingSettings] File [D:/School/Unreal Engine/TreasureChase/TreasureChase/Saved/Config/Windows/Engine.ini]
[2023.06.22-05.17.08:613][  0]LogConfig: Setting CVar [[s.MinBulkDataSizeForAsyncLoading:131072]]
[2023.06.22-05.17.08:613][  0]LogConfig: Setting CVar [[s.AsyncLoadingThreadEnabled:0]]
[2023.06.22-05.17.08:613][  0]LogConfig: Setting CVar [[s.EventDrivenLoaderEnabled:1]]
[2023.06.22-05.17.08:613][  0]LogConfig: Setting CVar [[s.WarnIfTimeLimitExceeded:0]]
[2023.06.22-05.17.08:613][  0]LogConfig: Setting CVar [[s.TimeLimitExceededMultiplier:1.5]]
[2023.06.22-05.17.08:613][  0]LogConfig: Setting CVar [[s.TimeLimitExceededMinTime:0.005]]
[2023.06.22-05.17.08:613][  0]LogConfig: Setting CVar [[s.UseBackgroundLevelStreaming:1]]
[2023.06.22-05.17.08:613][  0]LogConfig: Setting CVar [[s.PriorityAsyncLoadingExtraTime:15.0]]
[2023.06.22-05.17.08:613][  0]LogConfig: Setting CVar [[s.LevelStreamingActorsUpdateTimeLimit:5.0]]
[2023.06.22-05.17.08:613][  0]LogConfig: Setting CVar [[s.PriorityLevelStreamingActorsUpdateExtraTime:5.0]]
[2023.06.22-05.17.08:613][  0]LogConfig: Setting CVar [[s.LevelStreamingComponentsRegistrationGranularity:10]]
[2023.06.22-05.17.08:613][  0]LogConfig: Setting CVar [[s.UnregisterComponentsTimeLimit:1.0]]
[2023.06.22-05.17.08:613][  0]LogConfig: Setting CVar [[s.LevelStreamingComponentsUnregistrationGranularity:5]]
[2023.06.22-05.17.08:613][  0]LogConfig: Setting CVar [[s.FlushStreamingOnExit:1]]
[2023.06.22-05.17.08:613][  0]LogConfig: Applying CVar settings from Section [/Script/Engine.GarbageCollectionSettings] File [D:/School/Unreal Engine/TreasureChase/TreasureChase/Saved/Config/Windows/Engine.ini]
[2023.06.22-05.17.08:613][  0]LogConfig: Setting CVar [[gc.MaxObjectsNotConsideredByGC:1]]
[2023.06.22-05.17.08:613][  0]LogConfig: Setting CVar [[gc.SizeOfPermanentObjectPool:0]]
[2023.06.22-05.17.08:613][  0]LogConfig: Setting CVar [[gc.FlushStreamingOnGC:0]]
[2023.06.22-05.17.08:613][  0]LogConfig: Setting CVar [[gc.NumRetriesBeforeForcingGC:10]]
[2023.06.22-05.17.08:613][  0]LogConfig: Setting CVar [[gc.AllowParallelGC:1]]
[2023.06.22-05.17.08:613][  0]LogConfig: Setting CVar [[gc.TimeBetweenPurgingPendingKillObjects:61.1]]
[2023.06.22-05.17.08:613][  0]LogConfig: Setting CVar [[gc.MaxObjectsInEditor:25165824]]
[2023.06.22-05.17.08:613][  0]LogConfig: Setting CVar [[gc.IncrementalBeginDestroyEnabled:1]]
[2023.06.22-05.17.08:613][  0]LogConfig: Setting CVar [[gc.CreateGCClusters:1]]
[2023.06.22-05.17.08:613][  0]LogConfig: Setting CVar [[gc.MinGCClusterSize:5]]
[2023.06.22-05.17.08:613][  0]LogConfig: Setting CVar [[gc.ActorClusteringEnabled:0]]
[2023.06.22-05.17.08:613][  0]LogConfig: Setting CVar [[gc.BlueprintClusteringEnabled:0]]
[2023.06.22-05.17.08:613][  0]LogConfig: Setting CVar [[gc.UseDisregardForGCOnDedicatedServers:0]]
[2023.06.22-05.17.08:613][  0]LogConfig: Setting CVar [[gc.MultithreadedDestructionEnabled:1]]
[2023.06.22-05.17.08:613][  0]LogConfig: Applying CVar settings from Section [/Script/Engine.NetworkSettings] File [D:/School/Unreal Engine/TreasureChase/TreasureChase/Saved/Config/Windows/Engine.ini]
[2023.06.22-05.17.08:613][  0]LogConfig: Applying CVar settings from Section [/Script/UnrealEd.CookerSettings] File [D:/School/Unreal Engine/TreasureChase/TreasureChase/Saved/Config/Windows/Engine.ini]
[2023.06.22-05.17.08:630][  0]LogConfig: Applying CVar settings from Section [ViewDistanceQuality@3] File [D:/School/Unreal Engine/TreasureChase/TreasureChase/Saved/Config/Windows/Scalability.ini]
[2023.06.22-05.17.08:630][  0]LogConfig: Setting CVar [[r.SkeletalMeshLODBias:0]]
[2023.06.22-05.17.08:630][  0]LogConfig: Setting CVar [[r.ViewDistanceScale:1.0]]
[2023.06.22-05.17.08:630][  0]LogConfig: Applying CVar settings from Section [AntiAliasingQuality@3] File [D:/School/Unreal Engine/TreasureChase/TreasureChase/Saved/Config/Windows/Scalability.ini]
[2023.06.22-05.17.08:630][  0]LogConfig: Setting CVar [[r.PostProcessAAQuality:4]]
[2023.06.22-05.17.08:630][  0]LogConfig: Applying CVar settings from Section [ShadowQuality@3] File [D:/School/Unreal Engine/TreasureChase/TreasureChase/Saved/Config/Windows/Scalability.ini]
[2023.06.22-05.17.08:630][  0]LogConfig: Setting CVar [[r.LightFunctionQuality:1]]
[2023.06.22-05.17.08:630][  0]LogConfig: Setting CVar [[r.ShadowQuality:5]]
[2023.06.22-05.17.08:630][  0]LogConfig: Setting CVar [[r.Shadow.CSM.MaxCascades:10]]
[2023.06.22-05.17.08:630][  0]LogConfig: Setting CVar [[r.Shadow.MaxResolution:2048]]
[2023.06.22-05.17.08:630][  0]LogConfig: Setting CVar [[r.Shadow.MaxCSMResolution:2048]]
[2023.06.22-05.17.08:630][  0]LogConfig: Setting CVar [[r.Shadow.RadiusThreshold:0.01]]
[2023.06.22-05.17.08:630][  0]LogConfig: Setting CVar [[r.Shadow.DistanceScale:1.0]]
[2023.06.22-05.17.08:630][  0]LogConfig: Setting CVar [[r.Shadow.CSM.TransitionScale:1.0]]
[2023.06.22-05.17.08:630][  0]LogConfig: Setting CVar [[r.Shadow.PreShadowResolutionFactor:1.0]]
[2023.06.22-05.17.08:630][  0]LogConfig: Setting CVar [[r.DistanceFieldShadowing:1]]
[2023.06.22-05.17.08:630][  0]LogConfig: Setting CVar [[r.DistanceFieldAO:1]]
[2023.06.22-05.17.08:630][  0]LogConfig: Setting CVar [[r.AOQuality:2]]
[2023.06.22-05.17.08:630][  0]LogConfig: Setting CVar [[r.VolumetricFog:1]]
[2023.06.22-05.17.08:630][  0]LogConfig: Setting CVar [[r.VolumetricFog.GridPixelSize:8]]
[2023.06.22-05.17.08:630][  0]LogConfig: Setting CVar [[r.VolumetricFog.GridSizeZ:128]]
[2023.06.22-05.17.08:630][  0]LogConfig: Setting CVar [[r.VolumetricFog.HistoryMissSupersampleCount:4]]
[2023.06.22-05.17.08:630][  0]LogConfig: Setting CVar [[r.LightMaxDrawDistanceScale:1]]
[2023.06.22-05.17.08:630][  0]LogConfig: Setting CVar [[r.CapsuleShadows:1]]
[2023.06.22-05.17.08:630][  0]LogConfig: Applying CVar settings from Section [PostProcessQuality@3] File [D:/School/Unreal Engine/TreasureChase/TreasureChase/Saved/Config/Windows/Scalability.ini]
[2023.06.22-05.17.08:630][  0]LogConfig: Setting CVar [[r.MotionBlurQuality:4]]
[2023.06.22-05.17.08:630][  0]LogConfig: Setting CVar [[r.AmbientOcclusionMipLevelFactor:0.4]]
[2023.06.22-05.17.08:630][  0]LogConfig: Setting CVar [[r.AmbientOcclusionMaxQuality:100]]
[2023.06.22-05.17.08:630][  0]LogConfig: Setting CVar [[r.AmbientOcclusionLevels:-1]]
[2023.06.22-05.17.08:630][  0]LogConfig: Setting CVar [[r.AmbientOcclusionRadiusScale:1.0]]
[2023.06.22-05.17.08:630][  0]LogConfig: Setting CVar [[r.DepthOfFieldQuality:2]]
[2023.06.22-05.17.08:630][  0]LogConfig: Setting CVar [[r.RenderTargetPoolMin:400]]
[2023.06.22-05.17.08:630][  0]LogConfig: Setting CVar [[r.LensFlareQuality:2]]
[2023.06.22-05.17.08:630][  0]LogConfig: Setting CVar [[r.SceneColorFringeQuality:1]]
[2023.06.22-05.17.08:630][  0]LogConfig: Setting CVar [[r.EyeAdaptationQuality:2]]
[2023.06.22-05.17.08:630][  0]LogConfig: Setting CVar [[r.BloomQuality:5]]
[2023.06.22-05.17.08:630][  0]LogConfig: Setting CVar [[r.FastBlurThreshold:100]]
[2023.06.22-05.17.08:630][  0]LogConfig: Setting CVar [[r.Upscale.Quality:3]]
[2023.06.22-05.17.08:630][  0]LogConfig: Setting CVar [[r.Tonemapper.GrainQuantization:1]]
[2023.06.22-05.17.08:630][  0]LogConfig: Setting CVar [[r.LightShaftQuality:1]]
[2023.06.22-05.17.08:630][  0]LogConfig: Setting CVar [[r.Filter.SizeScale:1]]
[2023.06.22-05.17.08:630][  0]LogConfig: Setting CVar [[r.Tonemapper.Quality:5]]
[2023.06.22-05.17.08:630][  0]LogConfig: Setting CVar [[r.DOF.Gather.AccumulatorQuality:1        ; higher gathering accumulator quality]]
[2023.06.22-05.17.08:630][  0]LogConfig: Setting CVar [[r.DOF.Gather.PostfilterMethod:1          ; Median3x3 postfilering method]]
[2023.06.22-05.17.08:630][  0]LogConfig: Setting CVar [[r.DOF.Gather.EnableBokehSettings:0       ; no bokeh simulation when gathering]]
[2023.06.22-05.17.08:630][  0]LogConfig: Setting CVar [[r.DOF.Gather.RingCount:4                 ; medium number of samples when gathering]]
[2023.06.22-05.17.08:630][  0]LogConfig: Setting CVar [[r.DOF.Scatter.ForegroundCompositing:1    ; additive foreground scattering]]
[2023.06.22-05.17.08:630][  0]LogConfig: Setting CVar [[r.DOF.Scatter.BackgroundCompositing:2    ; additive background scattering]]
[2023.06.22-05.17.08:630][  0]LogConfig: Setting CVar [[r.DOF.Scatter.EnableBokehSettings:1      ; bokeh simulation when scattering]]
[2023.06.22-05.17.08:630][  0]LogConfig: Setting CVar [[r.DOF.Scatter.MaxSpriteRatio:0.1         ; only a maximum of 10% of scattered bokeh]]
[2023.06.22-05.17.08:630][  0]LogConfig: Setting CVar [[r.DOF.Recombine.Quality:1                ; cheap slight out of focus]]
[2023.06.22-05.17.08:630][  0]LogConfig: Setting CVar [[r.DOF.Recombine.EnableBokehSettings:0    ; no bokeh simulation on slight out of focus]]
[2023.06.22-05.17.08:630][  0]LogConfig: Setting CVar [[r.DOF.TemporalAAQuality:1                ; more stable temporal accumulation]]
[2023.06.22-05.17.08:630][  0]LogConfig: Setting CVar [[r.DOF.Kernel.MaxForegroundRadius:0.025]]
[2023.06.22-05.17.08:630][  0]LogConfig: Setting CVar [[r.DOF.Kernel.MaxBackgroundRadius:0.025]]
[2023.06.22-05.17.08:630][  0]LogConfig: Applying CVar settings from Section [TextureQuality@3] File [D:/School/Unreal Engine/TreasureChase/TreasureChase/Saved/Config/Windows/Scalability.ini]
[2023.06.22-05.17.08:630][  0]LogConfig: Setting CVar [[r.Streaming.MipBias:0]]
[2023.06.22-05.17.08:630][  0]LogConfig: Setting CVar [[r.Streaming.AmortizeCPUToGPUCopy:0]]
[2023.06.22-05.17.08:630][  0]LogConfig: Setting CVar [[r.Streaming.MaxNumTexturesToStreamPerFrame:0]]
[2023.06.22-05.17.08:630][  0]LogConfig: Setting CVar [[r.Streaming.Boost:1]]
[2023.06.22-05.17.08:630][  0]LogConfig: Setting CVar [[r.MaxAnisotropy:8]]
[2023.06.22-05.17.08:630][  0]LogConfig: Setting CVar [[r.VT.MaxAnisotropy:8]]
[2023.06.22-05.17.08:630][  0]LogConfig: Setting CVar [[r.Streaming.LimitPoolSizeToVRAM:0]]
[2023.06.22-05.17.08:630][  0]LogConfig: Setting CVar [[r.Streaming.PoolSize:1000]]
[2023.06.22-05.17.08:630][  0]LogConfig: Setting CVar [[r.Streaming.MaxEffectiveScreenSize:0]]
[2023.06.22-05.17.08:630][  0]LogConfig: Applying CVar settings from Section [EffectsQuality@3] File [D:/School/Unreal Engine/TreasureChase/TreasureChase/Saved/Config/Windows/Scalability.ini]
[2023.06.22-05.17.08:630][  0]LogConfig: Setting CVar [[r.TranslucencyLightingVolumeDim:64]]
[2023.06.22-05.17.08:630][  0]LogConfig: Setting CVar [[r.RefractionQuality:2]]
[2023.06.22-05.17.08:630][  0]LogConfig: Setting CVar [[r.SSR.Quality:3]]
[2023.06.22-05.17.08:630][  0]LogConfig: Setting CVar [[r.SSR.HalfResSceneColor:0]]
[2023.06.22-05.17.08:630][  0]LogConfig: Setting CVar [[r.SceneColorFormat:4]]
[2023.06.22-05.17.08:630][  0]LogConfig: Setting CVar [[r.DetailMode:2]]
[2023.06.22-05.17.08:630][  0]LogConfig: Setting CVar [[r.TranslucencyVolumeBlur:1]]
[2023.06.22-05.17.08:630][  0]LogConfig: Setting CVar [[r.MaterialQualityLevel:1 ; High quality]]
[2023.06.22-05.17.08:630][  0]LogConfig: Setting CVar [[r.AnisotropicMaterials:1]]
[2023.06.22-05.17.08:630][  0]LogConfig: Setting CVar [[r.SSS.Scale:1]]
[2023.06.22-05.17.08:630][  0]LogConfig: Setting CVar [[r.SSS.SampleSet:2]]
[2023.06.22-05.17.08:630][  0]LogConfig: Setting CVar [[r.SSS.Quality:1]]
[2023.06.22-05.17.08:630][  0]LogConfig: Setting CVar [[r.SSS.HalfRes:0]]
[2023.06.22-05.17.08:630][  0]LogConfig: Setting CVar [[r.SSGI.Quality:3]]
[2023.06.22-05.17.08:630][  0]LogConfig: Setting CVar [[r.EmitterSpawnRateScale:1.0]]
[2023.06.22-05.17.08:630][  0]LogConfig: Setting CVar [[r.ParticleLightQuality:2]]
[2023.06.22-05.17.08:630][  0]LogConfig: Setting CVar [[r.SkyAtmosphere.AerialPerspectiveLUT.FastApplyOnOpaque:1 ; Always have FastSkyLUT 1 in this case to avoid wrong sky]]
[2023.06.22-05.17.08:630][  0]LogConfig: Setting CVar [[r.SkyAtmosphere.AerialPerspectiveLUT.SampleCountMaxPerSlice:4]]
[2023.06.22-05.17.08:630][  0]LogConfig: Setting CVar [[r.SkyAtmosphere.AerialPerspectiveLUT.DepthResolution:16.0]]
[2023.06.22-05.17.08:630][  0]LogConfig: Setting CVar [[r.SkyAtmosphere.FastSkyLUT:1]]
[2023.06.22-05.17.08:630][  0]LogConfig: Setting CVar [[r.SkyAtmosphere.FastSkyLUT.SampleCountMin:4.0]]
[2023.06.22-05.17.08:630][  0]LogConfig: Setting CVar [[r.SkyAtmosphere.FastSkyLUT.SampleCountMax:128.0]]
[2023.06.22-05.17.08:630][  0]LogConfig: Setting CVar [[r.SkyAtmosphere.SampleCountMin:4.0]]
[2023.06.22-05.17.08:630][  0]LogConfig: Setting CVar [[r.SkyAtmosphere.SampleCountMax:128.0]]
[2023.06.22-05.17.08:630][  0]LogConfig: Setting CVar [[r.SkyAtmosphere.TransmittanceLUT.UseSmallFormat:0]]
[2023.06.22-05.17.08:630][  0]LogConfig: Setting CVar [[r.SkyAtmosphere.TransmittanceLUT.SampleCount:10.0]]
[2023.06.22-05.17.08:630][  0]LogConfig: Setting CVar [[r.SkyAtmosphere.MultiScatteringLUT.SampleCount:15.0]]
[2023.06.22-05.17.08:630][  0]LogConfig: Setting CVar [[r.SkyLight.RealTimeReflectionCapture:1]]
[2023.06.22-05.17.08:630][  0]LogConfig: Applying CVar settings from Section [FoliageQuality@3] File [D:/School/Unreal Engine/TreasureChase/TreasureChase/Saved/Config/Windows/Scalability.ini]
[2023.06.22-05.17.08:630][  0]LogConfig: Setting CVar [[foliage.DensityScale:1.0]]
[2023.06.22-05.17.08:630][  0]LogConfig: Setting CVar [[grass.DensityScale:1.0]]
[2023.06.22-05.17.08:630][  0]LogConfig: Applying CVar settings from Section [ShadingQuality@3] File [D:/School/Unreal Engine/TreasureChase/TreasureChase/Saved/Config/Windows/Scalability.ini]
[2023.06.22-05.17.08:630][  0]LogConfig: Setting CVar [[r.HairStrands.SkyLighting.IntegrationType:2]]
[2023.06.22-05.17.08:630][  0]LogConfig: Setting CVar [[r.HairStrands.SkyAO.SampleCount:4]]
[2023.06.22-05.17.08:630][  0]LogConfig: Setting CVar [[r.HairStrands.Visibility.MSAA.SamplePerPixel:4]]
[2023.06.22-05.17.08:630][  0]LogInit: Selected Device Profile: [Windows]
[2023.06.22-05.17.08:631][  0]LogInit: Applying CVar settings loaded from the selected device profile: [Windows]
[2023.06.22-05.17.08:631][  0]LogHAL: Display: Platform has ~ 64 GB [68464689152 / 68719476736 / 64], which maps to Largest [LargestMinGB=32, LargerMinGB=12, DefaultMinGB=8, SmallerMinGB=6, SmallestMinGB=0)
[2023.06.22-05.17.08:631][  0]LogInit: Going up to parent DeviceProfile []
[2023.06.22-05.17.08:631][  0]LogConfig: Applying CVar settings from Section [ViewDistanceQuality@3] File [D:/School/Unreal Engine/TreasureChase/TreasureChase/Saved/Config/Windows/Scalability.ini]
[2023.06.22-05.17.08:631][  0]LogConfig: Setting CVar [[r.SkeletalMeshLODBias:0]]
[2023.06.22-05.17.08:631][  0]LogConfig: Setting CVar [[r.ViewDistanceScale:1.0]]
[2023.06.22-05.17.08:631][  0]LogConfig: Applying CVar settings from Section [AntiAliasingQuality@3] File [D:/School/Unreal Engine/TreasureChase/TreasureChase/Saved/Config/Windows/Scalability.ini]
[2023.06.22-05.17.08:631][  0]LogConfig: Setting CVar [[r.PostProcessAAQuality:4]]
[2023.06.22-05.17.08:631][  0]LogConfig: Applying CVar settings from Section [ShadowQuality@3] File [D:/School/Unreal Engine/TreasureChase/TreasureChase/Saved/Config/Windows/Scalability.ini]
[2023.06.22-05.17.08:631][  0]LogConfig: Setting CVar [[r.LightFunctionQuality:1]]
[2023.06.22-05.17.08:631][  0]LogConfig: Setting CVar [[r.ShadowQuality:5]]
[2023.06.22-05.17.08:631][  0]LogConfig: Setting CVar [[r.Shadow.CSM.MaxCascades:10]]
[2023.06.22-05.17.08:631][  0]LogConfig: Setting CVar [[r.Shadow.MaxResolution:2048]]
[2023.06.22-05.17.08:631][  0]LogConfig: Setting CVar [[r.Shadow.MaxCSMResolution:2048]]
[2023.06.22-05.17.08:631][  0]LogConfig: Setting CVar [[r.Shadow.RadiusThreshold:0.01]]
[2023.06.22-05.17.08:631][  0]LogConfig: Setting CVar [[r.Shadow.DistanceScale:1.0]]
[2023.06.22-05.17.08:631][  0]LogConfig: Setting CVar [[r.Shadow.CSM.TransitionScale:1.0]]
[2023.06.22-05.17.08:631][  0]LogConfig: Setting CVar [[r.Shadow.PreShadowResolutionFactor:1.0]]
[2023.06.22-05.17.08:631][  0]LogConfig: Setting CVar [[r.DistanceFieldShadowing:1]]
[2023.06.22-05.17.08:631][  0]LogConfig: Setting CVar [[r.DistanceFieldAO:1]]
[2023.06.22-05.17.08:631][  0]LogConfig: Setting CVar [[r.AOQuality:2]]
[2023.06.22-05.17.08:631][  0]LogConfig: Setting CVar [[r.VolumetricFog:1]]
[2023.06.22-05.17.08:631][  0]LogConfig: Setting CVar [[r.VolumetricFog.GridPixelSize:8]]
[2023.06.22-05.17.08:631][  0]LogConfig: Setting CVar [[r.VolumetricFog.GridSizeZ:128]]
[2023.06.22-05.17.08:631][  0]LogConfig: Setting CVar [[r.VolumetricFog.HistoryMissSupersampleCount:4]]
[2023.06.22-05.17.08:631][  0]LogConfig: Setting CVar [[r.LightMaxDrawDistanceScale:1]]
[2023.06.22-05.17.08:631][  0]LogConfig: Setting CVar [[r.CapsuleShadows:1]]
[2023.06.22-05.17.08:631][  0]LogConfig: Applying CVar settings from Section [PostProcessQuality@3] File [D:/School/Unreal Engine/TreasureChase/TreasureChase/Saved/Config/Windows/Scalability.ini]
[2023.06.22-05.17.08:631][  0]LogConfig: Setting CVar [[r.MotionBlurQuality:4]]
[2023.06.22-05.17.08:631][  0]LogConfig: Setting CVar [[r.AmbientOcclusionMipLevelFactor:0.4]]
[2023.06.22-05.17.08:631][  0]LogConfig: Setting CVar [[r.AmbientOcclusionMaxQuality:100]]
[2023.06.22-05.17.08:631][  0]LogConfig: Setting CVar [[r.AmbientOcclusionLevels:-1]]
[2023.06.22-05.17.08:631][  0]LogConfig: Setting CVar [[r.AmbientOcclusionRadiusScale:1.0]]
[2023.06.22-05.17.08:631][  0]LogConfig: Setting CVar [[r.DepthOfFieldQuality:2]]
[2023.06.22-05.17.08:631][  0]LogConfig: Setting CVar [[r.RenderTargetPoolMin:400]]
[2023.06.22-05.17.08:631][  0]LogConfig: Setting CVar [[r.LensFlareQuality:2]]
[2023.06.22-05.17.08:631][  0]LogConfig: Setting CVar [[r.SceneColorFringeQuality:1]]
[2023.06.22-05.17.08:631][  0]LogConfig: Setting CVar [[r.EyeAdaptationQuality:2]]
[2023.06.22-05.17.08:631][  0]LogConfig: Setting CVar [[r.BloomQuality:5]]
[2023.06.22-05.17.08:631][  0]LogConfig: Setting CVar [[r.FastBlurThreshold:100]]
[2023.06.22-05.17.08:631][  0]LogConfig: Setting CVar [[r.Upscale.Quality:3]]
[2023.06.22-05.17.08:631][  0]LogConfig: Setting CVar [[r.Tonemapper.GrainQuantization:1]]
[2023.06.22-05.17.08:631][  0]LogConfig: Setting CVar [[r.LightShaftQuality:1]]
[2023.06.22-05.17.08:631][  0]LogConfig: Setting CVar [[r.Filter.SizeScale:1]]
[2023.06.22-05.17.08:631][  0]LogConfig: Setting CVar [[r.Tonemapper.Quality:5]]
[2023.06.22-05.17.08:631][  0]LogConfig: Setting CVar [[r.DOF.Gather.AccumulatorQuality:1        ; higher gathering accumulator quality]]
[2023.06.22-05.17.08:631][  0]LogConfig: Setting CVar [[r.DOF.Gather.PostfilterMethod:1          ; Median3x3 postfilering method]]
[2023.06.22-05.17.08:631][  0]LogConfig: Setting CVar [[r.DOF.Gather.EnableBokehSettings:0       ; no bokeh simulation when gathering]]
[2023.06.22-05.17.08:631][  0]LogConfig: Setting CVar [[r.DOF.Gather.RingCount:4                 ; medium number of samples when gathering]]
[2023.06.22-05.17.08:631][  0]LogConfig: Setting CVar [[r.DOF.Scatter.ForegroundCompositing:1    ; additive foreground scattering]]
[2023.06.22-05.17.08:631][  0]LogConfig: Setting CVar [[r.DOF.Scatter.BackgroundCompositing:2    ; additive background scattering]]
[2023.06.22-05.17.08:631][  0]LogConfig: Setting CVar [[r.DOF.Scatter.EnableBokehSettings:1      ; bokeh simulation when scattering]]
[2023.06.22-05.17.08:631][  0]LogConfig: Setting CVar [[r.DOF.Scatter.MaxSpriteRatio:0.1         ; only a maximum of 10% of scattered bokeh]]
[2023.06.22-05.17.08:631][  0]LogConfig: Setting CVar [[r.DOF.Recombine.Quality:1                ; cheap slight out of focus]]
[2023.06.22-05.17.08:631][  0]LogConfig: Setting CVar [[r.DOF.Recombine.EnableBokehSettings:0    ; no bokeh simulation on slight out of focus]]
[2023.06.22-05.17.08:631][  0]LogConfig: Setting CVar [[r.DOF.TemporalAAQuality:1                ; more stable temporal accumulation]]
[2023.06.22-05.17.08:631][  0]LogConfig: Setting CVar [[r.DOF.Kernel.MaxForegroundRadius:0.025]]
[2023.06.22-05.17.08:631][  0]LogConfig: Setting CVar [[r.DOF.Kernel.MaxBackgroundRadius:0.025]]
[2023.06.22-05.17.08:631][  0]LogConfig: Applying CVar settings from Section [TextureQuality@3] File [D:/School/Unreal Engine/TreasureChase/TreasureChase/Saved/Config/Windows/Scalability.ini]
[2023.06.22-05.17.08:631][  0]LogConfig: Setting CVar [[r.Streaming.MipBias:0]]
[2023.06.22-05.17.08:631][  0]LogConfig: Setting CVar [[r.Streaming.AmortizeCPUToGPUCopy:0]]
[2023.06.22-05.17.08:631][  0]LogConfig: Setting CVar [[r.Streaming.MaxNumTexturesToStreamPerFrame:0]]
[2023.06.22-05.17.08:631][  0]LogConfig: Setting CVar [[r.Streaming.Boost:1]]
[2023.06.22-05.17.08:631][  0]LogConfig: Setting CVar [[r.MaxAnisotropy:8]]
[2023.06.22-05.17.08:631][  0]LogConfig: Setting CVar [[r.VT.MaxAnisotropy:8]]
[2023.06.22-05.17.08:631][  0]LogConfig: Setting CVar [[r.Streaming.LimitPoolSizeToVRAM:0]]
[2023.06.22-05.17.08:631][  0]LogConfig: Setting CVar [[r.Streaming.PoolSize:1000]]
[2023.06.22-05.17.08:631][  0]LogConfig: Setting CVar [[r.Streaming.MaxEffectiveScreenSize:0]]
[2023.06.22-05.17.08:631][  0]LogConfig: Applying CVar settings from Section [EffectsQuality@3] File [D:/School/Unreal Engine/TreasureChase/TreasureChase/Saved/Config/Windows/Scalability.ini]
[2023.06.22-05.17.08:631][  0]LogConfig: Setting CVar [[r.TranslucencyLightingVolumeDim:64]]
[2023.06.22-05.17.08:631][  0]LogConfig: Setting CVar [[r.RefractionQuality:2]]
[2023.06.22-05.17.08:631][  0]LogConfig: Setting CVar [[r.SSR.Quality:3]]
[2023.06.22-05.17.08:631][  0]LogConfig: Setting CVar [[r.SSR.HalfResSceneColor:0]]
[2023.06.22-05.17.08:631][  0]LogConfig: Setting CVar [[r.SceneColorFormat:4]]
[2023.06.22-05.17.08:631][  0]LogConfig: Setting CVar [[r.DetailMode:2]]
[2023.06.22-05.17.08:631][  0]LogConfig: Setting CVar [[r.TranslucencyVolumeBlur:1]]
[2023.06.22-05.17.08:631][  0]LogConfig: Setting CVar [[r.MaterialQualityLevel:1 ; High quality]]
[2023.06.22-05.17.08:631][  0]LogConfig: Setting CVar [[r.AnisotropicMaterials:1]]
[2023.06.22-05.17.08:631][  0]LogConfig: Setting CVar [[r.SSS.Scale:1]]
[2023.06.22-05.17.08:631][  0]LogConfig: Setting CVar [[r.SSS.SampleSet:2]]
[2023.06.22-05.17.08:631][  0]LogConfig: Setting CVar [[r.SSS.Quality:1]]
[2023.06.22-05.17.08:631][  0]LogConfig: Setting CVar [[r.SSS.HalfRes:0]]
[2023.06.22-05.17.08:631][  0]LogConfig: Setting CVar [[r.SSGI.Quality:3]]
[2023.06.22-05.17.08:631][  0]LogConfig: Setting CVar [[r.EmitterSpawnRateScale:1.0]]
[2023.06.22-05.17.08:631][  0]LogConfig: Setting CVar [[r.ParticleLightQuality:2]]
[2023.06.22-05.17.08:631][  0]LogConfig: Setting CVar [[r.SkyAtmosphere.AerialPerspectiveLUT.FastApplyOnOpaque:1 ; Always have FastSkyLUT 1 in this case to avoid wrong sky]]
[2023.06.22-05.17.08:631][  0]LogConfig: Setting CVar [[r.SkyAtmosphere.AerialPerspectiveLUT.SampleCountMaxPerSlice:4]]
[2023.06.22-05.17.08:631][  0]LogConfig: Setting CVar [[r.SkyAtmosphere.AerialPerspectiveLUT.DepthResolution:16.0]]
[2023.06.22-05.17.08:631][  0]LogConfig: Setting CVar [[r.SkyAtmosphere.FastSkyLUT:1]]
[2023.06.22-05.17.08:631][  0]LogConfig: Setting CVar [[r.SkyAtmosphere.FastSkyLUT.SampleCountMin:4.0]]
[2023.06.22-05.17.08:631][  0]LogConfig: Setting CVar [[r.SkyAtmosphere.FastSkyLUT.SampleCountMax:128.0]]
[2023.06.22-05.17.08:631][  0]LogConfig: Setting CVar [[r.SkyAtmosphere.SampleCountMin:4.0]]
[2023.06.22-05.17.08:631][  0]LogConfig: Setting CVar [[r.SkyAtmosphere.SampleCountMax:128.0]]
[2023.06.22-05.17.08:631][  0]LogConfig: Setting CVar [[r.SkyAtmosphere.TransmittanceLUT.UseSmallFormat:0]]
[2023.06.22-05.17.08:631][  0]LogConfig: Setting CVar [[r.SkyAtmosphere.TransmittanceLUT.SampleCount:10.0]]
[2023.06.22-05.17.08:631][  0]LogConfig: Setting CVar [[r.SkyAtmosphere.MultiScatteringLUT.SampleCount:15.0]]
[2023.06.22-05.17.08:631][  0]LogConfig: Setting CVar [[r.SkyLight.RealTimeReflectionCapture:1]]
[2023.06.22-05.17.08:631][  0]LogConfig: Applying CVar settings from Section [FoliageQuality@3] File [D:/School/Unreal Engine/TreasureChase/TreasureChase/Saved/Config/Windows/Scalability.ini]
[2023.06.22-05.17.08:631][  0]LogConfig: Setting CVar [[foliage.DensityScale:1.0]]
[2023.06.22-05.17.08:631][  0]LogConfig: Setting CVar [[grass.DensityScale:1.0]]
[2023.06.22-05.17.08:631][  0]LogConfig: Applying CVar settings from Section [ShadingQuality@3] File [D:/School/Unreal Engine/TreasureChase/TreasureChase/Saved/Config/Windows/Scalability.ini]
[2023.06.22-05.17.08:631][  0]LogConfig: Setting CVar [[r.HairStrands.SkyLighting.IntegrationType:2]]
[2023.06.22-05.17.08:631][  0]LogConfig: Setting CVar [[r.HairStrands.SkyAO.SampleCount:4]]
[2023.06.22-05.17.08:631][  0]LogConfig: Setting CVar [[r.HairStrands.Visibility.MSAA.SamplePerPixel:4]]
[2023.06.22-05.17.08:631][  0]LogConfig: Applying CVar settings from Section [Startup] File [../../../Engine/Config/ConsoleVariables.ini]
[2023.06.22-05.17.08:631][  0]LogConfig: Setting CVar [[net.UseAdaptiveNetUpdateFrequency:0]]
[2023.06.22-05.17.08:631][  0]LogConfig: Setting CVar [[p.chaos.AllowCreatePhysxBodies:1]]
[2023.06.22-05.17.08:631][  0]LogConfig: Setting CVar [[fx.SkipVectorVMBackendOptimizations:1]]
[2023.06.22-05.17.08:631][  0]LogConfig: Applying CVar settings from Section [ConsoleVariables] File [D:/School/Unreal Engine/TreasureChase/TreasureChase/Saved/Config/Windows/Engine.ini]
[2023.06.22-05.17.08:631][  0]LogConfig: Applying CVar settings from Section [ConsoleVariables] File [D:/School/Unreal Engine/TreasureChase/TreasureChase/Saved/Config/Windows/Editor.ini]
[2023.06.22-05.17.08:631][  0]LogInit: Computer: EXODIA
[2023.06.22-05.17.08:631][  0]LogInit: User: GeorgeEdmon
[2023.06.22-05.17.08:631][  0]LogInit: CPU Page size=4096, Cores=16
[2023.06.22-05.17.08:631][  0]LogInit: High frequency timer resolution =10.000000 MHz
[2023.06.22-05.17.08:631][  0]LogMemory: Memory total: Physical=63.8GB (64GB approx)
[2023.06.22-05.17.08:631][  0]LogMemory: Platform Memory Stats for Windows
[2023.06.22-05.17.08:631][  0]LogMemory: Process Physical Memory: 155.34 MB used, 155.34 MB peak
[2023.06.22-05.17.08:631][  0]LogMemory: Process Virtual Memory: 136.20 MB used, 136.20 MB peak
[2023.06.22-05.17.08:631][  0]LogMemory: Physical Memory: 17602.87 MB used,  47690.14 MB free, 65293.02 MB total
[2023.06.22-05.17.08:631][  0]LogMemory: Virtual Memory: 134170456.00 MB used,  47275.75 MB free, 134217728.00 MB total
[2023.06.22-05.17.08:634][  0]LogWindows: WindowsPlatformFeatures enabled
[2023.06.22-05.17.08:654][  0]LogInit: Physics initialised using underlying interface: PhysX
[2023.06.22-05.17.08:654][  0]LogInit: Using OS detected language (en-US).
[2023.06.22-05.17.08:654][  0]LogInit: Using OS detected locale (en-CA).
[2023.06.22-05.17.08:656][  0]LogTextLocalizationManager: No specific localization for 'en-US' exists, so the 'en' localization will be used.
[2023.06.22-05.17.08:793][  0]LogWindowsTextInputMethodSystem: Display: IME system deactivated.
[2023.06.22-05.17.08:855][  0]LogSlate: New Slate User Created.  User Index 0, Is Virtual User: 0
[2023.06.22-05.17.08:855][  0]LogSlate: Slate User Registered.  User Index 0, Is Virtual User: 0
[2023.06.22-05.17.08:874][  0]LogD3D11RHI: Loaded GFSDK_Aftermath_Lib.x64.dll
[2023.06.22-05.17.08:876][  0]LogHMD: Failed to initialize OpenVR with code 110
[2023.06.22-05.17.08:876][  0]LogD3D11RHI: D3D11 min allowed feature level: 11_0
[2023.06.22-05.17.08:876][  0]LogD3D11RHI: D3D11 max allowed feature level: 11_0
[2023.06.22-05.17.08:876][  0]LogD3D11RHI: D3D11 adapters:
[2023.06.22-05.17.08:928][  0]LogD3D11RHI:    0. 'AMD Radeon RX 7900 XTX' (Feature Level 11_0)
[2023.06.22-05.17.08:928][  0]LogD3D11RHI:       24519/0/32646 MB DedicatedVideo/DedicatedSystem/SharedSystem, Outputs:2, VendorId:0x1002
[2023.06.22-05.17.08:930][  0]LogD3D11RHI:    1. 'Microsoft Basic Render Driver' (Feature Level 11_0)
[2023.06.22-05.17.08:930][  0]LogD3D11RHI:       0/0/32646 MB DedicatedVideo/DedicatedSystem/SharedSystem, Outputs:0, VendorId:0x1414
[2023.06.22-05.17.08:930][  0]LogD3D11RHI: Chosen D3D11 Adapter:
[2023.06.22-05.17.08:930][  0]LogD3D11RHI:     Description : AMD Radeon RX 7900 XTX
[2023.06.22-05.17.08:930][  0]LogD3D11RHI:     VendorId    : 1002
[2023.06.22-05.17.08:930][  0]LogD3D11RHI:     DeviceId    : 744c
[2023.06.22-05.17.08:930][  0]LogD3D11RHI:     SubSysId    : 52001462
[2023.06.22-05.17.08:930][  0]LogD3D11RHI:     Revision    : 00c8
[2023.06.22-05.17.08:930][  0]LogD3D11RHI:     DedicatedVideoMemory : 25710440448 bytes
[2023.06.22-05.17.08:930][  0]LogD3D11RHI:     DedicatedSystemMemory : 0 bytes
[2023.06.22-05.17.08:930][  0]LogD3D11RHI:     SharedSystemMemory : 34232344576 bytes
[2023.06.22-05.17.08:930][  0]LogD3D11RHI:     AdapterLuid : 0 54672
[2023.06.22-05.17.08:942][  0]LogD3D11RHI: Creating new Direct3DDevice
[2023.06.22-05.17.08:942][  0]LogD3D11RHI:     GPU DeviceId: 0x744c (for the marketing name, search the web for "GPU Device Id")
[2023.06.22-05.17.08:942][  0]LogWindows: EnumDisplayDevices:
[2023.06.22-05.17.08:942][  0]LogWindows:    0. 'AMD Radeon RX 7900 XTX' (P:1 D:1)
[2023.06.22-05.17.08:943][  0]LogWindows:    1. 'AMD Radeon RX 7900 XTX' (P:0 D:1)
[2023.06.22-05.17.08:943][  0]LogWindows:    2. 'AMD Radeon RX 7900 XTX' (P:0 D:0)
[2023.06.22-05.17.08:943][  0]LogWindows:    3. 'AMD Radeon RX 7900 XTX' (P:0 D:0)
[2023.06.22-05.17.08:943][  0]LogWindows: DebugString: FoundDriverCount:4 
[2023.06.22-05.17.08:943][  0]LogD3D11RHI:     Adapter Name: AMD Radeon RX 7900 XTX
[2023.06.22-05.17.08:943][  0]LogD3D11RHI:   Driver Version: AMD Software: Adrenalin Edition 23.5.2 (internal:31.0.14057.5006, unified:31.0.14057.5006)
[2023.06.22-05.17.08:943][  0]LogD3D11RHI:      Driver Date: 5-23-2023
[2023.06.22-05.17.08:943][  0]LogRHI: Texture pool is 16625 MB (70% of 23751 MB)
[2023.06.22-05.17.08:958][  0]LogD3D11RHI: Creating D3DDevice with AMD AGS, using adapter:
[2023.06.22-05.17.08:958][  0]LogD3D11RHI:     Description : AMD Radeon RX 7900 XTX
[2023.06.22-05.17.08:958][  0]LogD3D11RHI:     VendorId    : 1002
[2023.06.22-05.17.08:958][  0]LogD3D11RHI:     DeviceId    : 744c
[2023.06.22-05.17.08:958][  0]LogD3D11RHI:     SubSysId    : 52001462
[2023.06.22-05.17.08:958][  0]LogD3D11RHI:     Revision    : 00c8
[2023.06.22-05.17.08:958][  0]LogD3D11RHI:     DedicatedVideoMemory : 25710440448 bytes
[2023.06.22-05.17.08:958][  0]LogD3D11RHI:     DedicatedSystemMemory : 0 bytes
[2023.06.22-05.17.08:958][  0]LogD3D11RHI:     SharedSystemMemory : 34232344576 bytes
[2023.06.22-05.17.08:958][  0]LogD3D11RHI:     AdapterLuid : 0 54672
[2023.06.22-05.17.09:002][  0]LogD3D11RHI: Created device via AGS, feature level 11_0, supported extensions 1fffffbf.
[2023.06.22-05.17.09:002][  0]LogD3D11RHI: RHI has support for 64 bit atomics
[2023.06.22-05.17.09:002][  0]LogD3D11RHI: Async texture creation enabled
[2023.06.22-05.17.09:002][  0]LogD3D11RHI: Array index from any shader is supported
[2023.06.22-05.17.09:013][  0]LogD3D11RHI: GPU Timing Frequency: 100.000000 (Debug: 2 1)
[2023.06.22-05.17.09:226][  0]LogTargetPlatformManager: Display: Loaded TargetPlatform 'WindowsNoEditor'
[2023.06.22-05.17.09:229][  0]LogTargetPlatformManager: Display: Loaded TargetPlatform 'Windows'
[2023.06.22-05.17.09:233][  0]LogTargetPlatformManager: Display: Loaded TargetPlatform 'WindowsClient'
[2023.06.22-05.17.09:237][  0]LogTargetPlatformManager: Display: Loaded TargetPlatform 'WindowsServer'
[2023.06.22-05.17.09:237][  0]LogTargetPlatformManager: Display: Building Assets For Windows
[2023.06.22-05.17.09:242][  0]LogAudioDebug: Display: Lib vorbis DLL was dynamically loaded.
[2023.06.22-05.17.09:284][  0]LogTextureFormatOodle: Display: Oodle Texture 2.9.0 init RDO Off
[2023.06.22-05.17.09:309][  0]LogRendererCore: Ray tracing is disabled. Reason: r.RayTracing=0.
[2023.06.22-05.17.09:309][  0]LogShaderCompilers: Guid format shader working directory is -12 characters bigger than the processId version (../../../../../School/Unreal Engine/TreasureChase/TreasureChase/Intermediate/Shaders/WorkingDirectory/114536/).
[2023.06.22-05.17.09:309][  0]LogShaderCompilers: Cleaned the shader compiler working directory 'C:/Users/George Edmon/AppData/Local/Temp/UnrealShaderWorkingDir/63060074407648F09709D197EC1BD8E9/'.
[2023.06.22-05.17.09:310][  0]LogXGEController: Cannot use XGE Controller as Incredibuild is not installed on this machine.
[2023.06.22-05.17.09:310][  0]LogShaderCompilers: Cannot use XGE Shader Compiler as Incredibuild is not installed on this machine.
[2023.06.22-05.17.09:310][  0]LogShaderCompilers: Display: Using Local Shader Compiler.
[2023.06.22-05.17.09:791][  0]LogDerivedDataCache: Display: Max Cache Size: 512 MB
[2023.06.22-05.17.09:831][  0]LogDerivedDataCache: Loaded boot cache 0.04s 94MB C:/Users/George Edmon/AppData/Local/UnrealEngine/4.27/DerivedDataCache/Boot.ddc.
[2023.06.22-05.17.09:831][  0]LogDerivedDataCache: Display: Loaded Boot cache: C:/Users/George Edmon/AppData/Local/UnrealEngine/4.27/DerivedDataCache/Boot.ddc
[2023.06.22-05.17.09:831][  0]LogDerivedDataCache: FDerivedDataBackendGraph:  Pak pak cache file ../../../../../School/Unreal Engine/TreasureChase/TreasureChase/DerivedDataCache/DDC.ddp not found, will not use a pak cache.
[2023.06.22-05.17.09:831][  0]LogDerivedDataCache: Unable to find inner node Pak for hierarchical cache Hierarchy.
[2023.06.22-05.17.09:831][  0]LogDerivedDataCache: FDerivedDataBackendGraph:  CompressedPak pak cache file ../../../../../School/Unreal Engine/TreasureChase/TreasureChase/DerivedDataCache/Compressed.ddp not found, will not use a pak cache.
[2023.06.22-05.17.09:831][  0]LogDerivedDataCache: Unable to find inner node CompressedPak for hierarchical cache Hierarchy.
[2023.06.22-05.17.09:843][  0]LogDerivedDataCache: Display: Pak cache opened for reading ../../../Engine/DerivedDataCache/Compressed.ddp.
[2023.06.22-05.17.09:843][  0]LogDerivedDataCache: FDerivedDataBackendGraph:  EnterprisePak pak cache file ../../../Enterprise/DerivedDataCache/Compressed.ddp not found, will not use a pak cache.
[2023.06.22-05.17.09:843][  0]LogDerivedDataCache: Unable to find inner node EnterprisePak for hierarchical cache Hierarchy.
[2023.06.22-05.17.09:855][  0]LogDerivedDataCache: Speed tests for C:/Users/George Edmon/AppData/Local/UnrealEngine/Common/DerivedDataCache took 0.01 seconds
[2023.06.22-05.17.09:855][  0]LogDerivedDataCache: Display: Performance to C:/Users/George Edmon/AppData/Local/UnrealEngine/Common/DerivedDataCache: Latency=0.02ms. RandomReadSpeed=1614.04MBs, RandomWriteSpeed=76.98MBs. Assigned SpeedClass 'Local'
[2023.06.22-05.17.09:857][  0]LogDerivedDataCache: Using Local data cache path C:/Users/George Edmon/AppData/Local/UnrealEngine/Common/DerivedDataCache: Writable
[2023.06.22-05.17.09:857][  0]LogDerivedDataCache: Shared data cache path not found in *engine.ini, will not use an Shared cache.
[2023.06.22-05.17.09:857][  0]LogDerivedDataCache: Unable to find inner node Shared for hierarchical cache Hierarchy.
[2023.06.22-05.17.09:876][  0]LogSlate: Using FreeType 2.10.0
[2023.06.22-05.17.09:878][  0]LogSlate: SlateFontServices - WITH_FREETYPE: 1, WITH_HARFBUZZ: 1
[2023.06.22-05.17.09:979][  0]LogInit: Using OS detected language (en-US).
[2023.06.22-05.17.09:979][  0]LogInit: Using OS detected locale (en-CA).
[2023.06.22-05.17.09:979][  0]LogTextLocalizationManager: No localization for 'en-US' exists, so 'en' will be used for the language.
[2023.06.22-05.17.09:979][  0]LogTextLocalizationManager: No localization for 'en-CA' exists, so 'en' will be used for the locale.
[2023.06.22-05.17.09:979][  0]LogSlate: FontCache flush requested. Reason: Culture for localization was changed
[2023.06.22-05.17.09:979][  0]LogSlate: FontCache flush requested. Reason: Culture for localization was changed
[2023.06.22-05.17.09:981][  0]LogTextLocalizationManager: Compacting localization data took   0.00ms
[2023.06.22-05.17.09:981][  0]LogAssetRegistry: FAssetRegistry took 0.0010 seconds to start up
[2023.06.22-05.17.10:081][  0]LogPackageLocalizationCache: Processed 27 localized package path(s) for 1 prioritized culture(s) in 0.002315 seconds
[2023.06.22-05.17.10:114][  0]LogInit: Selected Device Profile: [Windows]
[2023.06.22-05.17.10:114][  0]LogInit: Active device profile: [00000217FD4F4700][00000217F7E80E00 49] Windows
[2023.06.22-05.17.10:114][  0]LogInit: Profiles: [00000217FD4F4700][00000217F7E80E00 49] Windows, [00000217FD4B7700][00000217F7E88F80 49] WindowsNoEditor, [00000217FD4F7300][00000217F7E8D100 49] WindowsServer, [00000217FD4B4F00][00000217F7A3F280 49] WindowsClient, [00000217FD4F7500][00000217F7A43400 49] IOS, [00000217FD49FF00][00000217F7E85540 49] iPadAir, [00000217FD4B7B00][00000217F7A47680 49] iPadAir2, [00000217FD464500][00000217F7A4F8C0 49] IPadPro, [00000217FD464600][00000217F7A4B900 49] iPadAir3, [00000217FD49C100][00000217F7A57A80 49] iPadAir4, [00000217FD466C00][00000217F7A5BC00 49] iPadMini2, [00000217FD49E500][00000217F7A5E200 49] iPadMini3, [00000217FD467400][00000217F7A62380 49] iPadMini4, [00000217FD49CF00][00000217F7A66500 49] iPadMini5, [00000217FD463E00][00000217F7A6E7C0 49] iPhone6, [00000217FD463F00][00000217F7A6A800 49] iPodTouch6, [00000217FD4F7900][00000217F7A76AC0 49] iPhone7, [00000217FD4F6100][00000217F7A72B00 49] iPodTouch7, [00000217FD460400][00000217F7A7AC80 49] iPhone5S, [00000217FD467D00][00000217F7A7EE00 49] iPhone6Plus, [00000217FD4F7400][00000217F7A82F80 49] iPhone6S, [00000217FD466000][00000217F7A87100 49] iPhone6SPlus, [00000217FD4F4900][00000217F87D1280 49] iPhone7Plus, [00000217FD464E00][00000217F87D5400 49] iPhoneSE, [00000217FD4F4200][00000217F87D9580 49] iPhone8, [00000217FD466400][00000217F7A536C0 49] iPhone8Plus, [00000217FD4F5E00][00000217F87DD800 49] iPhoneX, [00000217FD467E00][00000217F87E1940 49] iPhoneXS, [00000217FD4F5600][00000217F87E5A80 49] iPhoneXSMax, [00000217FD466500][00000217F87EDC00 49] iPhoneXR, [00000217FD4F6A00][00000217F87F0200 49] iPhone11, [00000217FD467A00][00000217F87F4380 49] iPhone11Pro, [00000217FD4F4F00][00000217F87F8500 49] iPhone11ProMax, [00000217FD466300][00000217F87FC680 49] iPhoneSE2, [00000217FD4F6700][00000217F8800800 49] iPhone12Mini, [00000217FD464700][00000217F8804980 49] iPhone12, [00000217FD4F7100][00000217F8808B00 49] iPhone12Pro, [00000217FD467500][00000217F880CC80 49] iPhone12ProMax, [00000217FD4F4800][00000217F8810E00 49] iPadPro105, [00000217FD465C00][00000217F8814F80 49] iPadPro129, [00000217FD4F4300][00000217F8819100 49] iPadPro97, [00000217FD465D00][00000217F881D280 49] iPadPro2_129, [00000217FD4F4C00][00000217FD841400 49] iPad5, [00000217FD467000][00000217FD845580 49] iPad6, [00000217FD4F6C00][00000217FD849700 49] iPad7, [00000217FD466E00][00000217FD84D880 49] iPad8, [00000217FD4F7E00][00000217F87E99C0 49] iPadPro11, [00000217FD465900][00000217FD851B00 49] iPadPro2_11, [00000217FD4F5800][00000217FD8540C0 49] iPadPro3_129, [00000217FD464C00][00000217FD85C240 49] iPadPro4_129, [00000217FD4F6400][00000217FD8603C0 49] AppleTV, [00000217FD467700][00000217FD864540 49] AppleTV4K, [00000217FD4F5B00][00000217FD8686C0 49] TVOS, [00000217FD465000][00000217FD86C840 49] Mac, [00000217FD4F5F00][00000217FD8709C0 49] MacClient, [00000217FD466B00][00000217FD874B40 49] MacNoEditor, [00000217FD4F4D00][00000217FD878CC0 49] MacServer, [00000217FD467300][00000217FD87CE40 49] Linux, [00000217FD4F4B00][00000217F13C2FC0 49] LinuxAArch64, [00000217FD466100][00000217F13C7140 49] LinuxNoEditor, [00000217FD4F5700][00000217F13CB2C0 49] LinuxAArch64NoEditor, [00000217FD465A00][00000217F13CF440 49] LinuxClient, [00000217FD4F5000][00000217F13D35C0 49] LinuxAArch64Client, [00000217FD465400][00000217F13D7740 49] LinuxServer, [00000217FD4F7000][00000217F13DB8C0 49] LinuxAArch64Server, [00000217FD465600][00000217F13DFA40 49] Android, [00000217FD49F900][00000217FD859B80 49] Android_Low, [00000217FD461B00][00000217F13E2140 49] Android_Mid, [00000217FD49F000][00000217F13E6280 49] Android_High, [00000217FD463900][00000217F13EA3C0 49] Android_Default, [00000217FD49E000][00000217F7C56540 49] Android_Adreno4xx, [00000217FD463B00][00000217F7C5A6C0 49] Android_Adreno5xx_Low, [00000217FD49CB00][00000217F7C5E840 49] Android_Adreno5xx, [00000217FD461800][00000217F7C629C0 49] Android_Adreno6xx, [00000217FD49D100][00000217F7C66B40 49] Android_Adreno6xx_Vulkan, [00000217FD460800][00000217F7C6ACC0 49] Android_Mali_T6xx, [00000217FD49F600][00000217F7C6EE40 49] Android_Mali_T7xx, [00000217FD460D00][00000217F7C72FC0 49] Android_Mali_T8xx, [00000217FD49FC00][00000217F7C77140 49] Android_Mali_G71, [00000217FD460900][00000217F7C7B2C0 49] Android_Mali_G72, [00000217FD49FE00][00000217F7C7F440 49] Android_Mali_G72_Vulkan, [00000217FD461900][00000217F7C835C0 49] Android_Mali_G76, [00000217FD49FA00][00000217F7C87740 49] Android_Mali_G76_Vulkan, [00000217FD463600][00000217F7C8B8C0 49] Android_Mali_G77, [00000217FD49E200][00000217F7C8FA40 49] Android_Mali_G77_Vulkan, [00000217FD461200][00000217F7C93BC0 49] Android_Mali_G78, [00000217FD49CA00][00000217F7C52180 49] Android_Mali_G78_Vulkan, [00000217FD463000][00000217F7C962C0 49] Android_Mali_G710, [00000217FD49D400][00000217F7C9A400 49] Android_Mali_G710_Vulkan, [00000217FD460600][00000217F7C9E540 49] Android_Vulkan_SM5, [00000217FD49D800][00000217F7CA66C0 49] Android_PowerVR_G6xxx, [00000217FD460E00][00000217F7CAA840 49] Android_PowerVR_GT7xxx, [00000217FD49C200][00000217F7CAE9C0 49] Android_PowerVR_GE8xxx, [00000217FD460100][00000217F7CB2B40 49] Android_PowerVR_GM9xxx, [00000217FD49E600][00000217F7CB6CC0 49] Android_PowerVR_GM9xxx_Vulkan, [00000217FD467800][00000217F7CBAE40 49] Android_TegraK1, [00000217FD49EA00][00000217F7CBEFC0 49] Android_Unknown_Vulkan, [00000217FD464F00][00000217F7CC3140 49] Lumin, [00000217FD49D200][00000217F7CC72C0 49] Lumin_Desktop, [00000217FD464400][00000217F7CCB440 49] HoloLens, 
[2023.06.22-05.17.10:147][  0]LogMeshReduction: Using QuadricMeshReduction for automatic static mesh reduction
[2023.06.22-05.17.10:147][  0]LogMeshReduction: Using SimplygonMeshReduction for automatic skeletal mesh reduction
[2023.06.22-05.17.10:147][  0]LogMeshReduction: Using ProxyLODMeshReduction for automatic mesh merging
[2023.06.22-05.17.10:147][  0]LogMeshReduction: No distributed automatic mesh merging module available
[2023.06.22-05.17.10:147][  0]LogMeshMerging: No distributed automatic mesh merging module available
[2023.06.22-05.17.10:218][  0]LogNetVersion: TreasureChase 1.0.0, NetCL: 17155196, EngineNetVer: 17, GameNetVer: 0 (Checksum: 1503744437)
[2023.06.22-05.17.10:355][  0]LogTexture: Default maximum texture size for cubemaps generated from long-lat sources has been changed from 512 to unlimited. In order to preserve old behaiour for '/Engine/MapTemplates/Sky/DaylightAmbientCubemap.DaylightAmbientCubemap', its maximum texture size has been explicitly set to 512.
[2023.06.22-05.17.10:386][  0]LogHMD: PokeAHoleMaterial loaded successfully
[2023.06.22-05.17.10:491][  0]LogMoviePlayer: Initializing movie player
[2023.06.22-05.17.10:571][  0]LogPython: Using Python 3.7.7
[2023.06.22-05.17.10:817][  0]LogNiagaraDebuggerClient: Niagara Debugger Client Initialized | Session: 1E5A8B61490702F5C28EE68EBEF03A54 | Instance: B66857BF4B286AE88D47F981944AEC79 (EXODIA-114536).
[2023.06.22-05.17.10:831][  0]LogCollectionManager: Loaded 0 collections in 0.000955 seconds
[2023.06.22-05.17.10:833][  0]LogFileCache: Scanning file cache for directory 'D:/School/Unreal Engine/TreasureChase/TreasureChase/Saved/Collections/' took 0.00s
[2023.06.22-05.17.10:833][  0]LogFileCache: Scanning file cache for directory 'D:/School/Unreal Engine/TreasureChase/TreasureChase/Content/Developers/GeorgeEdmon/Collections/' took 0.00s
[2023.06.22-05.17.10:833][  0]LogFileCache: Scanning file cache for directory 'D:/School/Unreal Engine/TreasureChase/TreasureChase/Content/Collections/' took 0.00s
[2023.06.22-05.17.10:833][  0]LogCollectionManager: Fixed up redirectors for 0 collections in 0.000001 seconds (updated 0 objects)
[2023.06.22-05.17.10:942][  0]LogUdpMessaging: Initializing bridge on interface 0.0.0.0:0 to multicast group 230.0.0.1:6666.
[2023.06.22-05.17.10:946][  0]LogTcpMessaging: Initializing TcpMessaging bridge
[2023.06.22-05.17.10:969][  0]SourceControl: Source control is disabled
[2023.06.22-05.17.10:969][  0]SourceControl: Source control is disabled
[2023.06.22-05.17.10:972][  0]SourceControl: Source control is disabled
[2023.06.22-05.17.10:975][  0]LogUProjectInfo: Found projects:
[2023.06.22-05.17.11:029][  0]LogOpenImageDenoise: OIDN starting up
[2023.06.22-05.17.11:113][  0]LogAndroidPermission: UAndroidPermissionCallbackProxy::GetInstance
[2023.06.22-05.17.11:117][  0]LogAudioCaptureCore: Display: No Audio Capture implementations found. Audio input will be silent.
[2023.06.22-05.17.11:117][  0]LogAudioCaptureCore: Display: No Audio Capture implementations found. Audio input will be silent.
[2023.06.22-05.17.11:174][  0]LogOcInput: OculusInput pre-init called
[2023.06.22-05.17.11:180][  0]LogUObjectArray: 22121 objects as part of root set at end of initial load.
[2023.06.22-05.17.11:180][  0]LogUObjectAllocator: 5975632 out of 0 bytes used by permanent object pool.
[2023.06.22-05.17.11:180][  0]LogUObjectArray: CloseDisregardForGC: 0/0 objects in disregard for GC pool
[2023.06.22-05.17.11:214][  0]LogEngine: Initializing Engine...
[2023.06.22-05.17.11:216][  0]LogHMD: Failed to enumerate extensions. Please check that you have a valid OpenXR runtime installed.
[2023.06.22-05.17.11:216][  0]LogHMD: Failed to initialize OpenVR with code 110
[2023.06.22-05.17.11:216][  0]LogMagicLeap: Warning: VR disabled because ZI is not enabled.  To enable, in the editor, Edit -> Project Settings -> Plugins -> Magic Leap Plugin -> Enable Zero Iteration
[2023.06.22-05.17.11:217][  0]LogStats: UGameplayTagsManager::InitializeManager -  0.000 s
[2023.06.22-05.17.11:270][  0]LogInit: Initializing FReadOnlyCVARCache
[2023.06.22-05.17.11:270][  0]LogAudio: Display: Initializing Audio Device Manager...
[2023.06.22-05.17.11:272][  0]LogAudio: Display: Loading Default Audio Settings Objects...
[2023.06.22-05.17.11:273][  0]LogAudio: Display: No default SoundConcurrencyObject specified (or failed to load).
[2023.06.22-05.17.11:273][  0]LogAudio: Display: Audio Device Manager Initialized
[2023.06.22-05.17.11:273][  0]LogAudio: Display: Creating Audio Device:                 Id: 1, Scope: Shared, Realtime: True
[2023.06.22-05.17.11:273][  0]LogAudioMixer: Display: Audio Mixer Platform Settings:
[2023.06.22-05.17.11:273][  0]LogAudioMixer: Display: 	Sample Rate:						  48000
[2023.06.22-05.17.11:273][  0]LogAudioMixer: Display: 	Callback Buffer Frame Size Requested: 1024
[2023.06.22-05.17.11:273][  0]LogAudioMixer: Display: 	Callback Buffer Frame Size To Use:	  1024
[2023.06.22-05.17.11:273][  0]LogAudioMixer: Display: 	Number of buffers to queue:			  2
[2023.06.22-05.17.11:273][  0]LogAudioMixer: Display: 	Max Channels (voices):				  32
[2023.06.22-05.17.11:273][  0]LogAudioMixer: Display: 	Number of Async Source Workers:		  0
[2023.06.22-05.17.11:273][  0]LogAudio: Display: AudioDevice MaxSources: 32
[2023.06.22-05.17.11:273][  0]LogAudio: Display: Audio Spatialization Plugin: None (built-in).
[2023.06.22-05.17.11:273][  0]LogAudio: Display: Audio Reverb Plugin: None (built-in).
[2023.06.22-05.17.11:273][  0]LogAudio: Display: Audio Occlusion Plugin: None (built-in).
[2023.06.22-05.17.11:273][  0]LogAudioMixer: Display: Initializing audio mixer.
[2023.06.22-05.17.11:290][  0]LogAudioMixer: Display: 0: FrontLeft
[2023.06.22-05.17.11:290][  0]LogAudioMixer: Display: 1: FrontRight
[2023.06.22-05.17.11:300][  0]LogAudioMixer: Display: Using Audio Device 1 - VX2468-PC-MHD (AMD High Definition Audio Device)
[2023.06.22-05.17.11:303][  0]LogAudioMixer: Display: Initializing Sound Submixes...
[2023.06.22-05.17.11:304][  0]LogAudioMixer: Display: Creating Master Submix 'MasterSubmixDefault'
[2023.06.22-05.17.11:304][  0]LogAudioMixer: Display: Creating Master Submix 'MasterReverbSubmixDefault'
[2023.06.22-05.17.11:304][  0]LogAudioMixer: Display: Creating Master Submix 'MasterEQSubmixDefault'
[2023.06.22-05.17.11:304][  0]LogAudioMixer: FMixerPlatformXAudio2::StartAudioStream() called
[2023.06.22-05.17.11:304][  0]LogAudioMixer: Display: Output buffers initialized: Frames=1024, Channels=2, Samples=2048
[2023.06.22-05.17.11:305][  0]LogAudioMixer: Display: Starting AudioMixerPlatformInterface::RunInternal()
[2023.06.22-05.17.11:305][  0]LogAudioMixer: Display: FMixerPlatformXAudio2::SubmitBuffer() called for the first time
[2023.06.22-05.17.11:305][  0]LogInit: FAudioDevice initialized.
[2023.06.22-05.17.11:305][  0]LogNetVersion: Set ProjectVersion to 1.0.0.0. Version Checksum will be recalculated on next use.
[2023.06.22-05.17.11:307][  0]LogInit: Texture streaming: Enabled
[2023.06.22-05.17.11:348][  0]LogAudio: Display: Audio Device (ID: 1) registered with world 'Untitled'.
[2023.06.22-05.17.11:348][  0]LogSlate: Updating window title bar state: overlay mode, drag disabled, window buttons hidden, title bar hidden
[2023.06.22-05.17.11:348][  0]LogInit: Display: Game Engine Initialized.
[2023.06.22-05.17.11:348][  0]LogNiagaraEditor: GEditor isn't valid! Particle reset commands will not work for Niagara components!
[2023.06.22-05.17.11:423][  0]LogInit: Display: Starting Game.
[2023.06.22-05.17.11:423][  0]LogNet: Browse: /Game/Maps/MainMenu?Name=Player
[2023.06.22-05.17.11:423][  0]LogLoad: LoadMap: /Game/Maps/MainMenu?Name=Player
[2023.06.22-05.17.11:423][  0]LogWorld: BeginTearingDown for /Temp/Untitled_0
[2023.06.22-05.17.11:424][  0]LogWorld: UWorld::CleanupWorld for Untitled, bSessionEnded=true, bCleanupResources=true
[2023.06.22-05.17.11:424][  0]LogSlate: InvalidateAllWidgets triggered.  All widgets were invalidated
[2023.06.22-05.17.11:428][  0]LogAudio: Display: Audio Device unregistered from world 'None'.
[2023.06.22-05.17.11:430][  0]LogUObjectHash: Compacting FUObjectHashTables data took   0.43ms
[2023.06.22-05.17.11:439][  0]LogAudio: Display: Audio Device (ID: 1) registered with world 'MainMenu'.
[2023.06.22-05.17.11:445][  0]LogAIModule: Creating AISystem for world MainMenu
[2023.06.22-05.17.11:468][  0]LogLoad: Game class is 'BP_Adventure_Runner_GameMode_C'
[2023.06.22-05.17.11:469][  0]LogWorld: Bringing World /Game/Maps/MainMenu.MainMenu up for play (max tick rate 0) at 2023.06.22-01.17.11
[2023.06.22-05.17.11:469][  0]LogWorld: Bringing up level for play took: 0.000326
[2023.06.22-05.17.11:470][  0]LogGameMode: FindPlayerStart: PATHS NOT DEFINED or NO PLAYERSTART with positive rating
[2023.06.22-05.17.11:470][  0]LogGameMode: Display: Match State Changed from EnteringMap to WaitingToStart
[2023.06.22-05.17.11:470][  0]LogGameState: Match State Changed from EnteringMap to WaitingToStart
[2023.06.22-05.17.11:470][  0]LogGameMode: Display: Match State Changed from WaitingToStart to InProgress
[2023.06.22-05.17.11:471][  0]LogViewport: Display: Viewport MouseLockMode Changed, LockOnCapture -> DoNotLock
[2023.06.22-05.17.11:471][  0]LogViewport: Display: Viewport MouseCaptureMode Changed, CapturePermanently_IncludingInitialMouseDown -> NoCapture
[2023.06.22-05.17.11:471][  0]LogViewport: Display: Viewport MouseLockMode Changed, DoNotLock -> LockOnCapture
[2023.06.22-05.17.11:471][  0]LogViewport: Display: Viewport MouseCaptureMode Changed, NoCapture -> CapturePermanently
[2023.06.22-05.17.11:471][  0]LogGameState: Match State Changed from WaitingToStart to InProgress
[2023.06.22-05.17.11:471][  0]LogLoad: Took 0.047822 seconds to LoadMap(/Game/Maps/MainMenu)
[2023.06.22-05.17.11:544][  0]LogSlate: Took 0.000106 seconds to synchronously load lazily loaded font '../../../Engine/Content/Slate/Fonts/Roboto-Regular.ttf' (155K)
[2023.06.22-05.17.11:582][  0]LogRenderer: Reallocating scene render targets to support 1280x720 Format 10 NumSamples 1 (Frame:1).
[2023.06.22-05.17.11:582][  0]LogInit: Display: Engine is initialized. Leaving FEngineLoop::Init()
[2023.06.22-05.17.11:582][  0]LogLoad: (Engine Initialization) Total time: 4.59 seconds
[2023.06.22-05.17.11:582][  0]LogLoad: (Engine Initialization) Total Blueprint compile time: 0.00 seconds
[2023.06.22-05.17.11:584][  0]LogContentStreaming: Texture pool size now 1000 MB
[2023.06.22-05.17.11:588][  0]LogSlate: InvalidateAllWidgets triggered.  All widgets were invalidated
[2023.06.22-05.17.11:628][  1]LogSlate: Took 0.000078 seconds to synchronously load lazily loaded font '../../../Engine/Content/Slate/Fonts/Roboto-Regular.ttf' (155K)
[2023.06.22-05.17.23:884][334]LogViewport: Display: Viewport MouseLockMode Changed, LockOnCapture -> DoNotLock
[2023.06.22-05.17.23:884][334]LogViewport: Display: Viewport MouseCaptureMode Changed, CapturePermanently -> NoCapture
[2023.06.22-05.17.25:059][703]LogViewport: Display: Viewport MouseLockMode Changed, DoNotLock -> LockOnCapture
[2023.06.22-05.17.25:059][703]LogViewport: Display: Viewport MouseCaptureMode Changed, NoCapture -> CapturePermanently
[2023.06.22-05.17.25:231][703]LogPackageName: SearchForPackageOnDisk took   0.171s to resolve Gameplay.umap.
[2023.06.22-05.17.25:231][703]LogGameMode: Display: Match State Changed from InProgress to LeavingMap
[2023.06.22-05.17.25:231][703]LogGameState: Match State Changed from InProgress to LeavingMap
[2023.06.22-05.17.25:401][703]LogPackageName: SearchForPackageOnDisk took   0.169s to resolve Gameplay.umap.
[2023.06.22-05.17.25:401][703]LogNet: Browse: /Game/Maps/Gameplay
[2023.06.22-05.17.25:401][703]LogLoad: LoadMap: /Game/Maps/Gameplay
[2023.06.22-05.17.25:401][703]LogWorld: BeginTearingDown for /Game/Maps/MainMenu
[2023.06.22-05.17.25:402][703]LogWorld: UWorld::CleanupWorld for MainMenu, bSessionEnded=true, bCleanupResources=true
[2023.06.22-05.17.25:402][703]LogSlate: InvalidateAllWidgets triggered.  All widgets were invalidated
[2023.06.22-05.17.25:434][703]LogAudio: Display: Audio Device unregistered from world 'None'.
[2023.06.22-05.17.25:436][703]LogUObjectHash: Compacting FUObjectHashTables data took   0.42ms
[2023.06.22-05.17.25:471][703]LogAudio: Display: Audio Device (ID: 1) registered with world 'Gameplay'.
[2023.06.22-05.17.25:472][703]LogAIModule: Creating AISystem for world Gameplay
[2023.06.22-05.17.25:474][703]LogLoad: Game class is 'BP_Adventure_Runner_GameMode_C'
[2023.06.22-05.17.25:475][703]LogWorld: Bringing World /Game/Maps/Gameplay.Gameplay up for play (max tick rate 0) at 2023.06.22-01.17.25
[2023.06.22-05.17.25:475][703]LogWorld: Bringing up level for play took: 0.000722
[2023.06.22-05.17.25:475][703]LogGameMode: Display: Match State Changed from EnteringMap to WaitingToStart
[2023.06.22-05.17.25:475][703]LogGameState: Match State Changed from EnteringMap to WaitingToStart
[2023.06.22-05.17.25:475][703]LogGameMode: Display: Match State Changed from WaitingToStart to InProgress
[2023.06.22-05.17.25:475][703]LogGameState: Match State Changed from WaitingToStart to InProgress
[2023.06.22-05.17.25:475][703]LogLoad: Took 0.074409 seconds to LoadMap(/Game/Maps/Gameplay)
[2023.06.22-05.17.53:797][716]LogViewport: Display: Viewport MouseLockMode Changed, LockOnCapture -> DoNotLock
[2023.06.22-05.17.53:797][716]LogViewport: Display: Viewport MouseCaptureMode Changed, CapturePermanently -> NoCapture
[2023.06.22-05.18.30:745][947]LogSlate: Window 'TreasureChase (64-bit Development PCD3D_SM5) ' being destroyed
[2023.06.22-05.18.30:745][947]LogWindowsTextInputMethodSystem: Display: IME system deactivated.
[2023.06.22-05.18.30:754][947]LogSlate: Updating window title bar state: overlay mode, drag disabled, window buttons hidden, title bar hidden
[2023.06.22-05.18.30:754][947]LogEngine: All Windows Closed
[2023.06.22-05.18.30:754][947]LogWindows: FPlatformMisc::RequestExit(0)
[2023.06.22-05.18.30:754][947]LogWindows: FPlatformMisc::RequestExitWithStatus(0, 0)
[2023.06.22-05.18.30:754][947]LogCore: Engine exit requested (reason: Win RequestExit)
[2023.06.22-05.18.30:755][948]LogCore: Engine exit requested (reason: EngineExit() was called; note: exit was already requested)
[2023.06.22-05.18.30:755][948]LogInit: Display: PreExit Game.
[2023.06.22-05.18.30:810][948]LogWorld: BeginTearingDown for /Game/Maps/Gameplay
[2023.06.22-05.18.30:810][948]LogWorld: UWorld::CleanupWorld for Gameplay, bSessionEnded=true, bCleanupResources=true
[2023.06.22-05.18.30:810][948]LogSlate: InvalidateAllWidgets triggered.  All widgets were invalidated
[2023.06.22-05.18.31:261][948]LogAudio: Display: Beginning Audio Device Manager Shutdown (Module: AudioMixerXAudio2)...
[2023.06.22-05.18.31:261][948]LogAudio: Display: Destroying 1 Remaining Audio Device(s)...
[2023.06.22-05.18.31:261][948]LogAudio: Display: Audio Device unregistered from world 'Gameplay'.
[2023.06.22-05.18.31:295][948]LogAudioMixer: FMixerPlatformXAudio2::StopAudioStream() called
[2023.06.22-05.18.31:296][948]LogAudioMixer: FMixerPlatformXAudio2::StopAudioStream() called
[2023.06.22-05.18.31:297][948]LogAudio: Display: Audio Device Manager Shutdown
[2023.06.22-05.18.31:302][948]LogExit: Preparing to exit.
[2023.06.22-05.18.31:988][948]LogSlate: Updating window title bar state: overlay mode, drag disabled, window buttons hidden, title bar hidden
[2023.06.22-05.18.31:988][948]LogUObjectHash: Compacting FUObjectHashTables data took   0.47ms
[2023.06.22-05.18.32:007][948]LogMoviePlayer: Shutting down movie player
[2023.06.22-05.18.32:111][948]LogDemo: Cleaned up 0 splitscreen connections with owner deletion
[2023.06.22-05.18.32:115][948]LogExit: Game engine shut down
[2023.06.22-05.18.32:138][948]LogExit: Object subsystem successfully closed.
[2023.06.22-05.18.32:151][948]LogShaderCompilers: Display: === FShaderJobCache stats ===
[2023.06.22-05.18.32:151][948]LogShaderCompilers: Display: Total job queries 0, among them cache hits 0 (0.00%)
[2023.06.22-05.18.32:151][948]LogShaderCompilers: Display: Tracking 0 distinct input hashes that result in 0 distinct outputs (0.00%)
[2023.06.22-05.18.32:151][948]LogShaderCompilers: Display: RAM used: 0.00 MB (0.00 GB) of 3276.80 MB (3.20 GB) budget. Usage: 0.00%
[2023.06.22-05.18.32:151][948]LogShaderCompilers: Display: ================================================
[2023.06.22-05.18.32:169][948]LogShaderCompilers: Display: Shaders left to compile 0
[2023.06.22-05.18.32:175][948]LogModuleManager: Shutting down and abandoning module SequenceRecorderSections (558)
[2023.06.22-05.18.32:175][948]LogModuleManager: Shutting down and abandoning module SequenceRecorder (556)
[2023.06.22-05.18.32:175][948]LogModuleManager: Shutting down and abandoning module AutomationController (554)
[2023.06.22-05.18.32:175][948]LogModuleManager: Shutting down and abandoning module AutomationWorker (552)
[2023.06.22-05.18.32:175][948]LogModuleManager: Shutting down and abandoning module Voice (550)
[2023.06.22-05.18.32:175][948]LogModuleManager: Shutting down and abandoning module AIModule (548)
[2023.06.22-05.18.32:175][948]LogModuleManager: Shutting down and abandoning module GameplayDebugger (547)
[2023.06.22-05.18.32:175][948]LogModuleManager: Shutting down and abandoning module AITestSuite (545)
[2023.06.22-05.18.32:175][948]LogModuleManager: Shutting down and abandoning module NavigationSystem (543)
[2023.06.22-05.18.32:175][948]LogModuleManager: Shutting down and abandoning module SteamVREditor (540)
[2023.06.22-05.18.32:175][948]LogModuleManager: Shutting down and abandoning module ToolMenus (539)
[2023.06.22-05.18.32:175][948]LogModuleManager: Shutting down and abandoning module OculusMR (536)
[2023.06.22-05.18.32:175][948]LogModuleManager: Shutting down and abandoning module TakeRecorderSources (534)
[2023.06.22-05.18.32:175][948]LogModuleManager: Shutting down and abandoning module TakeRecorder (533)
[2023.06.22-05.18.32:175][948]LogModuleManager: Shutting down and abandoning module TakeTrackRecorders (530)
[2023.06.22-05.18.32:175][948]LogModuleManager: Shutting down and abandoning module TakesCore (528)
[2023.06.22-05.18.32:176][948]LogModuleManager: Shutting down and abandoning module OpenXRInput (526)
[2023.06.22-05.18.32:176][948]LogModuleManager: Shutting down and abandoning module WmfMediaFactory (524)
[2023.06.22-05.18.32:176][948]LogModuleManager: Shutting down and abandoning module WebMMediaFactory (522)
[2023.06.22-05.18.32:176][948]LogModuleManager: Shutting down and abandoning module WebMMedia (520)
[2023.06.22-05.18.32:176][948]LogModuleManager: Shutting down and abandoning module OpenExrWrapper (518)
[2023.06.22-05.18.32:176][948]LogModuleManager: Shutting down and abandoning module ImgMediaFactory (516)
[2023.06.22-05.18.32:176][948]LogModuleManager: Shutting down and abandoning module AvfMediaFactory (514)
[2023.06.22-05.18.32:176][948]LogModuleManager: Shutting down and abandoning module MagicLeapMediaCodecFactory (512)
[2023.06.22-05.18.32:176][948]LogModuleManager: Shutting down and abandoning module MagicLeapMediaFactory (510)
[2023.06.22-05.18.32:176][948]LogModuleManager: Shutting down and abandoning module PlanarCut (508)
[2023.06.22-05.18.32:176][948]LogModuleManager: Shutting down and abandoning module CharacterAI (506)
[2023.06.22-05.18.32:176][948]LogModuleManager: Shutting down and abandoning module SessionServices (504)
[2023.06.22-05.18.32:176][948]LogModuleManager: Shutting down and abandoning module MovieSceneCapture (502)
[2023.06.22-05.18.32:176][948]LogModuleManager: Shutting down and abandoning module LiveCoding (500)
[2023.06.22-05.18.32:176][948]LogModuleManager: Shutting down and abandoning module LevelSequence (498)
[2023.06.22-05.18.32:176][948]LogModuleManager: Shutting down and abandoning module MovieSceneTracks (496)
[2023.06.22-05.18.32:176][948]LogModuleManager: Shutting down and abandoning module MovieScene (494)
[2023.06.22-05.18.32:176][948]LogModuleManager: Shutting down and abandoning module StreamingPauseRendering (492)
[2023.06.22-05.18.32:176][948]LogModuleManager: Shutting down and abandoning module PortalServices (490)
[2023.06.22-05.18.32:176][948]LogModuleManager: Shutting down and abandoning module PortalRpc (488)
[2023.06.22-05.18.32:176][948]LogModuleManager: Shutting down and abandoning module MessagingRpc (486)
[2023.06.22-05.18.32:176][948]LogModuleManager: Shutting down and abandoning module AudioMixerXAudio2 (484)
[2023.06.22-05.18.32:176][948]LogModuleManager: Shutting down and abandoning module AudioMixerCore (483)
[2023.06.22-05.18.32:176][948]LogModuleManager: Shutting down and abandoning module ImageWriteQueue (480)
[2023.06.22-05.18.32:179][948]LogModuleManager: Shutting down and abandoning module ProfilerService (478)
[2023.06.22-05.18.32:345][948]LogModuleManager: Shutting down and abandoning module TaskGraph (476)
[2023.06.22-05.18.32:345][948]LogModuleManager: Shutting down and abandoning module OculusInput (474)
[2023.06.22-05.18.32:345][948]LogModuleManager: Shutting down and abandoning module TakeMovieScene (472)
[2023.06.22-05.18.32:345][948]LogModuleManager: Shutting down and abandoning module Synthesis (470)
[2023.06.22-05.18.32:345][948]LogModuleManager: Shutting down and abandoning module ProceduralMeshComponent (468)
[2023.06.22-05.18.32:345][948]LogModuleManager: Shutting down and abandoning module MobilePatchingUtils (466)
[2023.06.22-05.18.32:345][948]LogModuleManager: Shutting down and abandoning module GooglePAD (464)
[2023.06.22-05.18.32:345][948]LogModuleManager: Shutting down and abandoning module ArchVisCharacter (462)
[2023.06.22-05.18.32:345][948]LogModuleManager: Shutting down and abandoning module AppleImageUtilsBlueprintSupport (460)
[2023.06.22-05.18.32:345][948]LogModuleManager: Shutting down and abandoning module AppleImageUtils (458)
[2023.06.22-05.18.32:345][948]LogModuleManager: Shutting down and abandoning module AssetTags (456)
[2023.06.22-05.18.32:345][948]LogModuleManager: Shutting down and abandoning module EditableMesh (454)
[2023.06.22-05.18.32:345][948]LogModuleManager: Shutting down and abandoning module CableComponent (452)
[2023.06.22-05.18.32:345][948]LogModuleManager: Shutting down and abandoning module CustomMeshComponent (450)
[2023.06.22-05.18.32:345][948]LogModuleManager: Shutting down and abandoning module AudioCapture (448)
[2023.06.22-05.18.32:345][948]LogModuleManager: Shutting down and abandoning module AudioCaptureRtAudio (447)
[2023.06.22-05.18.32:345][948]LogModuleManager: Shutting down and abandoning module AndroidPermission (444)
[2023.06.22-05.18.32:345][948]LogModuleManager: Shutting down and abandoning module ActorLayerUtilities (442)
[2023.06.22-05.18.32:345][948]LogModuleManager: Shutting down and abandoning module TemplateSequence (440)
[2023.06.22-05.18.32:345][948]LogModuleManager: Shutting down and abandoning module MediaCompositing (438)
[2023.06.22-05.18.32:345][948]LogModuleManager: Shutting down and abandoning module ImgMedia (436)
[2023.06.22-05.18.32:345][948]LogModuleManager: Shutting down and abandoning module MagicLeapSharedWorld (434)
[2023.06.22-05.18.32:345][948]LogModuleManager: Shutting down and abandoning module MagicLeapLightEstimation (432)
[2023.06.22-05.18.32:345][948]LogModuleManager: Shutting down and abandoning module MagicLeapHelperVulkan (430)
[2023.06.22-05.18.32:345][948]LogModuleManager: Shutting down and abandoning module MagicLeapHelperOpenGL (428)
[2023.06.22-05.18.32:345][948]LogModuleManager: Shutting down and abandoning module MagicLeapAudio (426)
[2023.06.22-05.18.32:345][948]LogModuleManager: Shutting down and abandoning module LiveLinkSequencer (424)
[2023.06.22-05.18.32:345][948]LogModuleManager: Shutting down and abandoning module LiveLinkMovieScene (422)
[2023.06.22-05.18.32:345][948]LogModuleManager: Shutting down and abandoning module LiveLinkGraphNode (420)
[2023.06.22-05.18.32:345][948]LogModuleManager: Shutting down and abandoning module LiveLinkComponents (418)
[2023.06.22-05.18.32:345][948]LogModuleManager: Shutting down and abandoning module LiveLink (416)
[2023.06.22-05.18.33:077][948]LogModuleManager: Shutting down and abandoning module OpenImageDenoise (414)
[2023.06.22-05.18.33:077][948]LogOpenImageDenoise: OIDN shutting down
[2023.06.22-05.18.33:077][948]LogModuleManager: Shutting down and abandoning module MotoSynth (412)
[2023.06.22-05.18.33:077][948]LogModuleManager: Shutting down and abandoning module MeshConversion (410)
[2023.06.22-05.18.33:077][948]LogModuleManager: Shutting down and abandoning module DynamicMesh (408)
[2023.06.22-05.18.33:077][948]LogModuleManager: Shutting down and abandoning module GeometryAlgorithms (406)
[2023.06.22-05.18.33:077][948]LogModuleManager: Shutting down and abandoning module GeometricObjects (404)
[2023.06.22-05.18.33:077][948]LogModuleManager: Shutting down and abandoning module GeometryCollectionTracks (402)
[2023.06.22-05.18.33:077][948]LogModuleManager: Shutting down and abandoning module GeometryCollectionSequencer (401)
[2023.06.22-05.18.33:077][948]LogModuleManager: Shutting down and abandoning module GeometryCacheTracks (398)
[2023.06.22-05.18.33:077][948]LogModuleManager: Shutting down and abandoning module GeometryCacheSequencer (397)
[2023.06.22-05.18.33:077][948]LogModuleManager: Shutting down and abandoning module GeometryCache (394)
[2023.06.22-05.18.33:077][948]LogModuleManager: Shutting down and abandoning module GeometryCacheEd (393)
[2023.06.22-05.18.33:077][948]LogModuleManager: Shutting down and abandoning module BackChannel (390)
[2023.06.22-05.18.33:077][948]LogModuleManager: Shutting down and abandoning module ChaosNiagara (388)
[2023.06.22-05.18.33:077][948]LogModuleManager: Shutting down and abandoning module FieldSystemEngine (387)
[2023.06.22-05.18.33:077][948]LogModuleManager: Shutting down and abandoning module VisualStudioSourceCodeAccess (384)
[2023.06.22-05.18.33:077][948]LogModuleManager: Shutting down and abandoning module HotReload (383)
[2023.06.22-05.18.33:078][948]LogModuleManager: Shutting down and abandoning module AutomationUtils (380)
[2023.06.22-05.18.33:078][948]LogModuleManager: Shutting down and abandoning module VisualStudioCodeSourceCodeAccess (378)
[2023.06.22-05.18.33:078][948]LogModuleManager: Shutting down and abandoning module UObjectPlugin (376)
[2023.06.22-05.18.33:078][948]LogModuleManager: Shutting down and abandoning module PerforceSourceControl (374)
[2023.06.22-05.18.33:078][948]LogModuleManager: Shutting down and abandoning module SubversionSourceControl (372)
[2023.06.22-05.18.33:078][948]LogModuleManager: Shutting down and abandoning module SourceControl (371)
[2023.06.22-05.18.33:078][948]LogModuleManager: Shutting down and abandoning module CLionSourceCodeAccess (368)
[2023.06.22-05.18.33:078][948]LogModuleManager: Shutting down and abandoning module OodleNetworkHandlerComponent (366)
[2023.06.22-05.18.33:078][948]LogModuleManager: Shutting down and abandoning module PropertyAccessEditor (364)
[2023.06.22-05.18.33:078][948]LogModuleManager: Shutting down and abandoning module SoundFields (362)
[2023.06.22-05.18.33:078][948]LogModuleManager: Shutting down and abandoning module SignificanceManager (360)
[2023.06.22-05.18.33:078][948]LogModuleManager: Shutting down and abandoning module RuntimePhysXCooking (358)
[2023.06.22-05.18.33:078][948]LogModuleManager: Shutting down and abandoning module PhysXVehiclesEditor (356)
[2023.06.22-05.18.33:078][948]LogModuleManager: Shutting down and abandoning module TcpMessaging (352)
[2023.06.22-05.18.33:179][948]LogModuleManager: Shutting down and abandoning module UdpMessaging (350)
